nohup: 忽略输入
mode: train
batch: 512
city_t: 50
steps: 13000
embed: 128
hidden: 128
clip_logits: 10
softmax_T: 1.0
optim: Adam
init_min: -0.08
init_max: 0.08
n_glimpse: 1
n_process: 3
decode_type: sampling
lr: 0.001
is_lr_decay: True
lr_decay: 0.96
lr_decay_step: 5000.0
act_model_path: Pt/train20_1113_12_12_step14999_act.pt
seed: 1
alpha: 0.99
islogger: True
issaver: True
log_step: 10
log_dir: ./Csv/
model_dir: ./Pt/
pkl_dir: ./Pkl/
cuda_dv: 0
dump_date: 0522_11_12
task: train50
pkl_path: ./Pkl/train50.pkl
n_samples: 6656000

generate ./Csv/0522_11_15_train50_param.csv
step:0/13000, actic loss:-3891.619, critic loss:690.524, L:26.204, 0min2sec
step:10/13000, actic loss:-3830.636, critic loss:674.197, L:26.035, 0min2sec
step:20/13000, actic loss:-3545.893, critic loss:586.465, L:26.025, 0min2sec
step:30/13000, actic loss:-2667.733, critic loss:421.430, L:25.875, 0min2sec
step:40/13000, actic loss:-1790.332, critic loss:331.332, L:25.300, 0min2sec
step:50/13000, actic loss:-1422.051, critic loss:267.854, L:24.275, 0min2sec
step:60/13000, actic loss:-1186.534, critic loss:224.529, L:23.224, 0min2sec
step:70/13000, actic loss:-1019.473, critic loss:193.367, L:22.382, 0min2sec
step:80/13000, actic loss:-893.735, critic loss:169.913, L:21.758, 0min2sec
step:90/13000, actic loss:-795.655, critic loss:151.611, L:21.257, 0min2sec
step:100/13000, actic loss:-717.390, critic loss:136.925, L:20.855, 0min2sec
step:110/13000, actic loss:-652.744, critic loss:124.887, L:20.520, 0min2sec
step:120/13000, actic loss:-599.338, critic loss:114.835, L:20.238, 0min2sec
step:130/13000, actic loss:-553.290, critic loss:106.324, L:19.995, 0min2sec
step:140/13000, actic loss:-514.645, critic loss:99.029, L:19.789, 0min2sec
step:150/13000, actic loss:-480.259, critic loss:92.710, L:19.611, 0min2sec
step:160/13000, actic loss:-450.342, critic loss:87.156, L:19.460, 0min2sec
step:170/13000, actic loss:-424.229, critic loss:82.268, L:19.322, 0min2sec
step:180/13000, actic loss:-400.613, critic loss:77.892, L:19.245, 0min2sec
step:190/13000, actic loss:-379.799, critic loss:73.982, L:19.145, 0min2sec
step:200/13000, actic loss:-360.916, critic loss:70.459, L:19.057, 0min2sec
step:210/13000, actic loss:-343.719, critic loss:67.271, L:18.971, 0min2sec
step:220/13000, actic loss:-328.381, critic loss:64.382, L:18.884, 0min2sec
step:230/13000, actic loss:-314.214, critic loss:61.748, L:18.800, 0min2sec
step:240/13000, actic loss:-301.330, critic loss:59.342, L:18.728, 0min2sec
step:250/13000, actic loss:-289.488, critic loss:57.129, L:18.665, 0min2sec
step:260/13000, actic loss:-278.375, critic loss:55.080, L:18.603, 0min2sec
step:270/13000, actic loss:-268.023, critic loss:53.182, L:18.545, 0min2sec
step:280/13000, actic loss:-258.576, critic loss:51.418, L:18.492, 0min2sec
step:290/13000, actic loss:-249.731, critic loss:49.768, L:18.443, 0min2sec
step:300/13000, actic loss:-241.434, critic loss:48.240, L:18.396, 0min2sec
step:310/13000, actic loss:-233.577, critic loss:46.812, L:18.354, 0min2sec
step:320/13000, actic loss:-226.184, critic loss:45.472, L:18.317, 0min2sec
step:330/13000, actic loss:-219.441, critic loss:44.205, L:18.288, 0min2sec
step:340/13000, actic loss:-213.120, critic loss:43.010, L:18.257, 0min2sec
step:350/13000, actic loss:-207.188, critic loss:41.891, L:18.224, 0min2sec
step:360/13000, actic loss:-201.357, critic loss:40.834, L:18.192, 0min2sec
step:370/13000, actic loss:-196.026, critic loss:39.833, L:18.160, 0min2sec
step:380/13000, actic loss:-190.900, critic loss:38.879, L:18.128, 0min2sec
step:390/13000, actic loss:-186.007, critic loss:37.975, L:18.106, 0min2sec
step:400/13000, actic loss:-181.431, critic loss:37.122, L:18.081, 0min2sec
step:410/13000, actic loss:-177.072, critic loss:36.307, L:18.056, 0min2sec
step:420/13000, actic loss:-172.856, critic loss:35.529, L:18.032, 0min2sec
step:430/13000, actic loss:-168.817, critic loss:34.791, L:18.009, 0min2sec
step:440/13000, actic loss:-164.956, critic loss:34.083, L:17.990, 0min2sec
step:450/13000, actic loss:-161.322, critic loss:33.406, L:17.970, 0min2sec
step:460/13000, actic loss:-157.816, critic loss:32.758, L:17.953, 0min2sec
step:470/13000, actic loss:-154.508, critic loss:32.138, L:17.938, 0min2sec
step:480/13000, actic loss:-151.282, critic loss:31.542, L:17.920, 0min2sec
step:490/13000, actic loss:-148.214, critic loss:30.970, L:17.904, 0min2sec
step:500/13000, actic loss:-145.305, critic loss:30.423, L:17.890, 0min1sec
step:510/13000, actic loss:-142.419, critic loss:29.898, L:17.881, 0min1sec
step:520/13000, actic loss:-139.723, critic loss:29.394, L:17.870, 0min1sec
step:530/13000, actic loss:-137.155, critic loss:28.907, L:17.854, 0min1sec
step:540/13000, actic loss:-134.683, critic loss:28.437, L:17.836, 0min1sec
step:550/13000, actic loss:-132.251, critic loss:27.986, L:17.822, 0min1sec
step:560/13000, actic loss:-129.845, critic loss:27.545, L:17.815, 0min1sec
step:570/13000, actic loss:-127.561, critic loss:27.123, L:17.806, 0min1sec
step:580/13000, actic loss:-125.360, critic loss:26.719, L:17.792, 0min1sec
step:590/13000, actic loss:-123.256, critic loss:26.324, L:17.783, 0min1sec
step:600/13000, actic loss:-121.178, critic loss:25.947, L:17.774, 0min1sec
step:610/13000, actic loss:-119.300, critic loss:25.582, L:17.763, 0min1sec
step:620/13000, actic loss:-117.366, critic loss:25.233, L:17.758, 0min1sec
step:630/13000, actic loss:-115.499, critic loss:24.892, L:17.748, 0min1sec
step:640/13000, actic loss:-113.684, critic loss:24.564, L:17.735, 0min1sec
step:650/13000, actic loss:-111.936, critic loss:24.242, L:17.725, 0min1sec
step:660/13000, actic loss:-110.260, critic loss:23.930, L:17.714, 0min1sec
step:670/13000, actic loss:-108.676, critic loss:23.628, L:17.704, 0min1sec
step:680/13000, actic loss:-107.087, critic loss:23.333, L:17.698, 0min1sec
step:690/13000, actic loss:-105.531, critic loss:23.046, L:17.689, 0min1sec
step:700/13000, actic loss:-104.047, critic loss:22.766, L:17.680, 0min1sec
step:710/13000, actic loss:-102.582, critic loss:22.495, L:17.671, 0min1sec
step:720/13000, actic loss:-101.182, critic loss:22.232, L:17.661, 0min1sec
step:730/13000, actic loss:-99.775, critic loss:21.977, L:17.655, 0min1sec
step:740/13000, actic loss:-98.418, critic loss:21.727, L:17.647, 0min1sec
step:750/13000, actic loss:-97.123, critic loss:21.487, L:17.639, 0min1sec
step:760/13000, actic loss:-95.871, critic loss:21.252, L:17.631, 0min2sec
step:770/13000, actic loss:-94.679, critic loss:21.023, L:17.632, 0min2sec
cnt: 1/20
step:780/13000, actic loss:-93.479, critic loss:20.794, L:17.638, 0min2sec
cnt: 2/20
step:790/13000, actic loss:-92.290, critic loss:20.574, L:17.636, 0min2sec
cnt: 3/20
step:800/13000, actic loss:-91.159, critic loss:20.362, L:17.630, 0min2sec
step:810/13000, actic loss:-90.044, critic loss:20.156, L:17.622, 0min2sec
step:820/13000, actic loss:-88.971, critic loss:19.955, L:17.615, 0min2sec
step:830/13000, actic loss:-87.830, critic loss:19.759, L:17.612, 0min2sec
step:840/13000, actic loss:-86.803, critic loss:19.564, L:17.606, 0min2sec
step:850/13000, actic loss:-85.817, critic loss:19.375, L:17.600, 0min2sec
step:860/13000, actic loss:-84.835, critic loss:19.190, L:17.596, 0min2sec
step:870/13000, actic loss:-83.865, critic loss:19.010, L:17.589, 0min2sec
step:880/13000, actic loss:-82.865, critic loss:18.832, L:17.586, 0min2sec
step:890/13000, actic loss:-81.933, critic loss:18.660, L:17.580, 0min2sec
step:900/13000, actic loss:-81.072, critic loss:18.491, L:17.572, 0min1sec
step:910/13000, actic loss:-80.150, critic loss:18.326, L:17.566, 0min1sec
step:920/13000, actic loss:-79.271, critic loss:18.163, L:17.558, 0min1sec
step:930/13000, actic loss:-78.451, critic loss:18.005, L:17.551, 0min1sec
step:940/13000, actic loss:-77.623, critic loss:17.847, L:17.546, 0min1sec
step:950/13000, actic loss:-76.839, critic loss:17.696, L:17.539, 0min1sec
step:960/13000, actic loss:-76.059, critic loss:17.547, L:17.534, 0min1sec
step:970/13000, actic loss:-75.246, critic loss:17.407, L:17.528, 0min1sec
step:980/13000, actic loss:-74.470, critic loss:17.264, L:17.524, 0min1sec
step:990/13000, actic loss:-73.712, critic loss:17.124, L:17.519, 0min1sec
step:1000/13000, actic loss:-73.004, critic loss:16.987, L:17.514, 0min1sec
step:1010/13000, actic loss:-72.273, critic loss:16.854, L:17.509, 0min1sec
step:1020/13000, actic loss:-71.577, critic loss:16.721, L:17.503, 0min2sec
step:1030/13000, actic loss:-70.886, critic loss:16.590, L:17.500, 0min2sec
step:1040/13000, actic loss:-70.212, critic loss:16.462, L:17.497, 0min2sec
step:1050/13000, actic loss:-69.545, critic loss:16.337, L:17.493, 0min2sec
step:1060/13000, actic loss:-68.887, critic loss:16.213, L:17.490, 0min2sec
step:1070/13000, actic loss:-68.252, critic loss:16.092, L:17.485, 0min2sec
step:1080/13000, actic loss:-67.616, critic loss:15.972, L:17.482, 0min2sec
step:1090/13000, actic loss:-67.002, critic loss:15.856, L:17.479, 0min2sec
step:1100/13000, actic loss:-66.388, critic loss:15.743, L:17.477, 0min2sec
step:1110/13000, actic loss:-65.764, critic loss:15.632, L:17.474, 0min2sec
step:1120/13000, actic loss:-65.170, critic loss:15.522, L:17.471, 0min2sec
step:1130/13000, actic loss:-64.603, critic loss:15.415, L:17.467, 0min2sec
step:1140/13000, actic loss:-64.040, critic loss:15.307, L:17.463, 0min2sec
step:1150/13000, actic loss:-63.472, critic loss:15.202, L:17.459, 0min2sec
step:1160/13000, actic loss:-62.931, critic loss:15.101, L:17.455, 0min2sec
step:1170/13000, actic loss:-62.408, critic loss:14.999, L:17.450, 0min2sec
step:1180/13000, actic loss:-61.878, critic loss:14.902, L:17.446, 0min2sec
step:1190/13000, actic loss:-61.366, critic loss:14.806, L:17.442, 0min2sec
step:1200/13000, actic loss:-60.856, critic loss:14.711, L:17.439, 0min2sec
step:1210/13000, actic loss:-60.375, critic loss:14.619, L:17.436, 0min2sec
step:1220/13000, actic loss:-59.875, critic loss:14.527, L:17.432, 0min2sec
step:1230/13000, actic loss:-59.392, critic loss:14.436, L:17.429, 0min2sec
step:1240/13000, actic loss:-58.918, critic loss:14.347, L:17.426, 0min2sec
step:1250/13000, actic loss:-58.451, critic loss:14.261, L:17.423, 0min2sec
step:1260/13000, actic loss:-57.999, critic loss:14.173, L:17.419, 0min2sec
step:1270/13000, actic loss:-57.545, critic loss:14.088, L:17.416, 0min2sec
step:1280/13000, actic loss:-57.089, critic loss:14.005, L:17.412, 0min2sec
step:1290/13000, actic loss:-56.647, critic loss:13.925, L:17.409, 0min2sec
step:1300/13000, actic loss:-56.183, critic loss:13.844, L:17.406, 0min2sec
step:1310/13000, actic loss:-55.754, critic loss:13.764, L:17.403, 0min2sec
step:1320/13000, actic loss:-55.336, critic loss:13.685, L:17.400, 0min2sec
step:1330/13000, actic loss:-54.921, critic loss:13.606, L:17.398, 0min2sec
step:1340/13000, actic loss:-54.507, critic loss:13.531, L:17.395, 0min2sec
step:1350/13000, actic loss:-54.106, critic loss:13.455, L:17.391, 0min2sec
step:1360/13000, actic loss:-53.702, critic loss:13.382, L:17.389, 0min2sec
step:1370/13000, actic loss:-53.306, critic loss:13.309, L:17.387, 0min2sec
step:1380/13000, actic loss:-52.912, critic loss:13.238, L:17.384, 0min2sec
step:1390/13000, actic loss:-52.518, critic loss:13.167, L:17.381, 0min2sec
step:1400/13000, actic loss:-52.149, critic loss:13.097, L:17.379, 0min2sec
step:1410/13000, actic loss:-51.779, critic loss:13.027, L:17.377, 0min2sec
step:1420/13000, actic loss:-51.429, critic loss:12.960, L:17.375, 0min2sec
step:1430/13000, actic loss:-51.085, critic loss:12.895, L:17.375, 0min2sec
step:1440/13000, actic loss:-50.731, critic loss:12.830, L:17.375, 0min2sec
cnt: 4/20
step:1450/13000, actic loss:-50.379, critic loss:12.767, L:17.373, 0min2sec
step:1460/13000, actic loss:-50.037, critic loss:12.706, L:17.371, 0min2sec
step:1470/13000, actic loss:-49.707, critic loss:12.644, L:17.369, 0min2sec
step:1480/13000, actic loss:-49.387, critic loss:12.584, L:17.366, 0min2sec
step:1490/13000, actic loss:-49.051, critic loss:12.524, L:17.364, 0min2sec
step:1500/13000, actic loss:-48.729, critic loss:12.465, L:17.362, 0min2sec
step:1510/13000, actic loss:-48.400, critic loss:12.406, L:17.360, 0min2sec
step:1520/13000, actic loss:-48.085, critic loss:12.347, L:17.357, 0min2sec
step:1530/13000, actic loss:-47.773, critic loss:12.288, L:17.355, 0min2sec
step:1540/13000, actic loss:-47.469, critic loss:12.230, L:17.352, 0min2sec
step:1550/13000, actic loss:-47.164, critic loss:12.172, L:17.349, 0min2sec
step:1560/13000, actic loss:-46.867, critic loss:12.113, L:17.347, 0min2sec
step:1570/13000, actic loss:-46.489, critic loss:12.059, L:17.344, 0min2sec
step:1580/13000, actic loss:-46.196, critic loss:12.004, L:17.341, 0min2sec
step:1590/13000, actic loss:-45.909, critic loss:11.946, L:17.338, 0min2sec
step:1600/13000, actic loss:-45.618, critic loss:11.885, L:17.330, 0min2sec
step:1610/13000, actic loss:-45.287, critic loss:11.822, L:17.310, 0min2sec
step:1620/13000, actic loss:-45.001, critic loss:11.757, L:17.276, 0min2sec
step:1630/13000, actic loss:-44.747, critic loss:11.694, L:17.237, 0min2sec
step:1640/13000, actic loss:-44.439, critic loss:11.633, L:17.192, 0min2sec
step:1650/13000, actic loss:-44.165, critic loss:11.570, L:17.145, 0min2sec
step:1660/13000, actic loss:-43.905, critic loss:11.504, L:17.097, 0min2sec
step:1670/13000, actic loss:-43.599, critic loss:11.441, L:17.049, 0min2sec
step:1680/13000, actic loss:-43.349, critic loss:11.377, L:17.000, 0min2sec
step:1690/13000, actic loss:-43.105, critic loss:11.313, L:16.950, 0min2sec
step:1700/13000, actic loss:-42.869, critic loss:11.249, L:16.900, 0min2sec
step:1710/13000, actic loss:-42.621, critic loss:11.189, L:16.852, 0min2sec
step:1720/13000, actic loss:-42.409, critic loss:11.128, L:16.803, 0min2sec
step:1730/13000, actic loss:-42.175, critic loss:11.067, L:16.754, 0min2sec
step:1740/13000, actic loss:-41.912, critic loss:11.007, L:16.706, 0min2sec
step:1750/13000, actic loss:-41.681, critic loss:10.946, L:16.659, 0min2sec
step:1760/13000, actic loss:-41.457, critic loss:10.886, L:16.611, 0min2sec
step:1770/13000, actic loss:-41.235, critic loss:10.828, L:16.564, 0min2sec
step:1780/13000, actic loss:-41.014, critic loss:10.769, L:16.517, 0min2sec
step:1790/13000, actic loss:-40.793, critic loss:10.713, L:16.470, 0min2sec
step:1800/13000, actic loss:-40.562, critic loss:10.656, L:16.424, 0min2sec
step:1810/13000, actic loss:-40.305, critic loss:10.603, L:16.379, 0min2sec
step:1820/13000, actic loss:-40.088, critic loss:10.547, L:16.335, 0min2sec
step:1830/13000, actic loss:-39.885, critic loss:10.492, L:16.291, 0min2sec
step:1840/13000, actic loss:-39.667, critic loss:10.437, L:16.247, 0min2sec
step:1850/13000, actic loss:-39.455, critic loss:10.383, L:16.204, 0min2sec
step:1860/13000, actic loss:-39.248, critic loss:10.330, L:16.159, 0min2sec
step:1870/13000, actic loss:-39.042, critic loss:10.276, L:16.116, 0min2sec
step:1880/13000, actic loss:-38.835, critic loss:10.224, L:16.072, 0min2sec
step:1890/13000, actic loss:-38.628, critic loss:10.171, L:16.029, 0min2sec
step:1900/13000, actic loss:-38.424, critic loss:10.120, L:15.986, 0min2sec
step:1910/13000, actic loss:-38.229, critic loss:10.069, L:15.943, 0min2sec
step:1920/13000, actic loss:-38.020, critic loss:10.019, L:15.901, 0min2sec
step:1930/13000, actic loss:-37.830, critic loss:9.969, L:15.859, 0min2sec
step:1940/13000, actic loss:-37.662, critic loss:9.921, L:15.817, 0min2sec
step:1950/13000, actic loss:-37.451, critic loss:9.873, L:15.776, 0min2sec
step:1960/13000, actic loss:-37.256, critic loss:9.825, L:15.736, 0min2sec
step:1970/13000, actic loss:-37.073, critic loss:9.777, L:15.695, 0min2sec
step:1980/13000, actic loss:-36.891, critic loss:9.730, L:15.655, 0min2sec
step:1990/13000, actic loss:-36.717, critic loss:9.683, L:15.614, 0min2sec
step:2000/13000, actic loss:-36.535, critic loss:9.636, L:15.573, 0min2sec
step:2010/13000, actic loss:-36.353, critic loss:9.589, L:15.533, 0min2sec
step:2020/13000, actic loss:-36.176, critic loss:9.543, L:15.493, 0min2sec
step:2030/13000, actic loss:-36.000, critic loss:9.498, L:15.453, 0min2sec
step:2040/13000, actic loss:-35.825, critic loss:9.453, L:15.414, 0min2sec
step:2050/13000, actic loss:-35.642, critic loss:9.409, L:15.376, 0min2sec
step:2060/13000, actic loss:-35.475, critic loss:9.365, L:15.338, 0min2sec
step:2070/13000, actic loss:-35.310, critic loss:9.321, L:15.300, 0min2sec
step:2080/13000, actic loss:-35.128, critic loss:9.278, L:15.262, 0min2sec
step:2090/13000, actic loss:-34.967, critic loss:9.235, L:15.224, 0min2sec
step:2100/13000, actic loss:-34.801, critic loss:9.192, L:15.186, 0min2sec
step:2110/13000, actic loss:-34.638, critic loss:9.150, L:15.149, 0min2sec
step:2120/13000, actic loss:-34.479, critic loss:9.108, L:15.111, 0min2sec
step:2130/13000, actic loss:-34.315, critic loss:9.067, L:15.075, 0min2sec
step:2140/13000, actic loss:-34.154, critic loss:9.026, L:15.038, 0min2sec
step:2150/13000, actic loss:-33.995, critic loss:8.985, L:15.001, 0min2sec
step:2160/13000, actic loss:-33.843, critic loss:8.945, L:14.966, 0min2sec
step:2170/13000, actic loss:-33.690, critic loss:8.905, L:14.930, 0min2sec
step:2180/13000, actic loss:-33.539, critic loss:8.866, L:14.895, 0min2sec
step:2190/13000, actic loss:-33.383, critic loss:8.827, L:14.860, 0min2sec
step:2200/13000, actic loss:-33.238, critic loss:8.788, L:14.825, 0min2sec
step:2210/13000, actic loss:-33.083, critic loss:8.750, L:14.791, 0min2sec
step:2220/13000, actic loss:-32.939, critic loss:8.711, L:14.756, 0min2sec
step:2230/13000, actic loss:-32.792, critic loss:8.673, L:14.722, 0min2sec
step:2240/13000, actic loss:-32.647, critic loss:8.636, L:14.688, 0min2sec
step:2250/13000, actic loss:-32.503, critic loss:8.598, L:14.654, 0min2sec
step:2260/13000, actic loss:-32.364, critic loss:8.561, L:14.621, 0min2sec
step:2270/13000, actic loss:-32.216, critic loss:8.525, L:14.587, 0min2sec
step:2280/13000, actic loss:-32.084, critic loss:8.489, L:14.554, 0min2sec
step:2290/13000, actic loss:-31.952, critic loss:8.453, L:14.522, 0min2sec
step:2300/13000, actic loss:-31.814, critic loss:8.418, L:14.490, 0min2sec
step:2310/13000, actic loss:-31.679, critic loss:8.382, L:14.457, 0min2sec
step:2320/13000, actic loss:-31.545, critic loss:8.347, L:14.425, 0min2sec
step:2330/13000, actic loss:-31.417, critic loss:8.312, L:14.394, 0min2sec
step:2340/13000, actic loss:-31.264, critic loss:8.279, L:14.363, 0min2sec
step:2350/13000, actic loss:-31.131, critic loss:8.245, L:14.332, 0min2sec
step:2360/13000, actic loss:-31.000, critic loss:8.211, L:14.301, 0min2sec
step:2370/13000, actic loss:-30.873, critic loss:8.177, L:14.270, 0min2sec
step:2380/13000, actic loss:-30.742, critic loss:8.144, L:14.240, 0min2sec
step:2390/13000, actic loss:-30.616, critic loss:8.111, L:14.209, 0min2sec
step:2400/13000, actic loss:-30.498, critic loss:8.078, L:14.179, 0min2sec
step:2410/13000, actic loss:-30.355, critic loss:8.046, L:14.150, 0min2sec
step:2420/13000, actic loss:-30.229, critic loss:8.014, L:14.120, 0min2sec
step:2430/13000, actic loss:-30.106, critic loss:7.982, L:14.091, 0min2sec
step:2440/13000, actic loss:-29.983, critic loss:7.950, L:14.061, 0min2sec
step:2450/13000, actic loss:-29.862, critic loss:7.919, L:14.033, 0min2sec
step:2460/13000, actic loss:-29.744, critic loss:7.887, L:14.003, 0min2sec
step:2470/13000, actic loss:-29.623, critic loss:7.856, L:13.975, 0min2sec
step:2480/13000, actic loss:-29.507, critic loss:7.825, L:13.947, 0min2sec
step:2490/13000, actic loss:-29.388, critic loss:7.795, L:13.919, 0min2sec
step:2500/13000, actic loss:-29.270, critic loss:7.765, L:13.891, 0min2sec
step:2510/13000, actic loss:-29.151, critic loss:7.735, L:13.864, 0min2sec
step:2520/13000, actic loss:-29.038, critic loss:7.705, L:13.836, 0min2sec
step:2530/13000, actic loss:-28.924, critic loss:7.676, L:13.809, 0min2sec
step:2540/13000, actic loss:-28.807, critic loss:7.646, L:13.782, 0min2sec
step:2550/13000, actic loss:-28.695, critic loss:7.617, L:13.755, 0min2sec
step:2560/13000, actic loss:-28.584, critic loss:7.588, L:13.728, 0min2sec
step:2570/13000, actic loss:-28.475, critic loss:7.560, L:13.702, 0min2sec
step:2580/13000, actic loss:-28.364, critic loss:7.531, L:13.675, 0min2sec
step:2590/13000, actic loss:-28.257, critic loss:7.503, L:13.649, 0min2sec
step:2600/13000, actic loss:-28.155, critic loss:7.475, L:13.624, 0min2sec
step:2610/13000, actic loss:-28.029, critic loss:7.448, L:13.598, 0min2sec
step:2620/13000, actic loss:-27.942, critic loss:7.422, L:13.573, 0min2sec
step:2630/13000, actic loss:-27.824, critic loss:7.396, L:13.548, 0min2sec
step:2640/13000, actic loss:-27.722, critic loss:7.369, L:13.523, 0min2sec
step:2650/13000, actic loss:-27.613, critic loss:7.342, L:13.499, 0min2sec
step:2660/13000, actic loss:-27.512, critic loss:7.316, L:13.475, 0min2sec
step:2670/13000, actic loss:-27.408, critic loss:7.289, L:13.450, 0min2sec
step:2680/13000, actic loss:-27.308, critic loss:7.262, L:13.425, 0min2sec
step:2690/13000, actic loss:-27.207, critic loss:7.236, L:13.401, 0min2sec
step:2700/13000, actic loss:-27.108, critic loss:7.210, L:13.377, 0min2sec
step:2710/13000, actic loss:-27.002, critic loss:7.185, L:13.353, 0min2sec
step:2720/13000, actic loss:-26.911, critic loss:7.159, L:13.329, 0min2sec
step:2730/13000, actic loss:-26.814, critic loss:7.134, L:13.305, 0min2sec
step:2740/13000, actic loss:-26.717, critic loss:7.108, L:13.282, 0min2sec
step:2750/13000, actic loss:-26.622, critic loss:7.083, L:13.258, 0min2sec
step:2760/13000, actic loss:-26.524, critic loss:7.058, L:13.235, 0min2sec
step:2770/13000, actic loss:-26.428, critic loss:7.034, L:13.212, 0min2sec
step:2780/13000, actic loss:-26.338, critic loss:7.010, L:13.189, 0min2sec
step:2790/13000, actic loss:-26.250, critic loss:6.986, L:13.167, 0min2sec
step:2800/13000, actic loss:-26.153, critic loss:6.962, L:13.144, 0min2sec
step:2810/13000, actic loss:-26.062, critic loss:6.938, L:13.122, 0min2sec
step:2820/13000, actic loss:-25.972, critic loss:6.914, L:13.099, 0min2sec
step:2830/13000, actic loss:-25.880, critic loss:6.890, L:13.077, 0min2sec
step:2840/13000, actic loss:-25.789, critic loss:6.867, L:13.055, 0min2sec
step:2850/13000, actic loss:-25.699, critic loss:6.843, L:13.033, 0min2sec
step:2860/13000, actic loss:-25.612, critic loss:6.820, L:13.012, 0min2sec
step:2870/13000, actic loss:-25.526, critic loss:6.797, L:12.991, 0min2sec
step:2880/13000, actic loss:-25.439, critic loss:6.775, L:12.969, 0min2sec
step:2890/13000, actic loss:-25.346, critic loss:6.752, L:12.948, 0min2sec
step:2900/13000, actic loss:-25.261, critic loss:6.730, L:12.927, 0min2sec
step:2910/13000, actic loss:-25.175, critic loss:6.707, L:12.906, 0min2sec
step:2920/13000, actic loss:-25.090, critic loss:6.685, L:12.885, 0min2sec
step:2930/13000, actic loss:-25.005, critic loss:6.663, L:12.865, 0min2sec
step:2940/13000, actic loss:-24.921, critic loss:6.641, L:12.844, 0min2sec
step:2950/13000, actic loss:-24.836, critic loss:6.619, L:12.823, 0min2sec
step:2960/13000, actic loss:-24.753, critic loss:6.597, L:12.803, 0min2sec
step:2970/13000, actic loss:-24.671, critic loss:6.576, L:12.783, 0min2sec
step:2980/13000, actic loss:-24.590, critic loss:6.554, L:12.763, 0min2sec
step:2990/13000, actic loss:-24.510, critic loss:6.533, L:12.743, 0min2sec
step:3000/13000, actic loss:-24.429, critic loss:6.512, L:12.723, 0min2sec
step:3010/13000, actic loss:-24.349, critic loss:6.491, L:12.703, 0min2sec
step:3020/13000, actic loss:-24.269, critic loss:6.470, L:12.683, 0min2sec
step:3030/13000, actic loss:-24.190, critic loss:6.449, L:12.664, 0min2sec
step:3040/13000, actic loss:-24.113, critic loss:6.429, L:12.644, 0min2sec
step:3050/13000, actic loss:-24.033, critic loss:6.408, L:12.625, 0min2sec
step:3060/13000, actic loss:-23.957, critic loss:6.388, L:12.606, 0min2sec
step:3070/13000, actic loss:-23.882, critic loss:6.368, L:12.587, 0min2sec
step:3080/13000, actic loss:-23.805, critic loss:6.348, L:12.568, 0min2sec
step:3090/13000, actic loss:-23.729, critic loss:6.328, L:12.549, 0min2sec
step:3100/13000, actic loss:-23.653, critic loss:6.308, L:12.530, 0min2sec
step:3110/13000, actic loss:-23.578, critic loss:6.288, L:12.511, 0min2sec
step:3120/13000, actic loss:-23.503, critic loss:6.269, L:12.493, 0min2sec
step:3130/13000, actic loss:-23.429, critic loss:6.249, L:12.474, 0min2sec
step:3140/13000, actic loss:-23.354, critic loss:6.230, L:12.456, 0min2sec
step:3150/13000, actic loss:-23.281, critic loss:6.211, L:12.438, 0min2sec
step:3160/13000, actic loss:-23.208, critic loss:6.191, L:12.420, 0min2sec
step:3170/13000, actic loss:-23.137, critic loss:6.173, L:12.402, 0min2sec
step:3180/13000, actic loss:-23.064, critic loss:6.154, L:12.384, 0min2sec
step:3190/13000, actic loss:-22.992, critic loss:6.135, L:12.366, 0min2sec
step:3200/13000, actic loss:-22.923, critic loss:6.116, L:12.349, 0min2sec
step:3210/13000, actic loss:-22.853, critic loss:6.098, L:12.331, 0min2sec
step:3220/13000, actic loss:-22.782, critic loss:6.080, L:12.314, 0min2sec
step:3230/13000, actic loss:-22.719, critic loss:6.062, L:12.297, 0min2sec
step:3240/13000, actic loss:-22.640, critic loss:6.045, L:12.280, 0min2sec
step:3250/13000, actic loss:-22.580, critic loss:6.028, L:12.264, 0min2sec
step:3260/13000, actic loss:-22.511, critic loss:6.010, L:12.248, 0min2sec
step:3270/13000, actic loss:-22.442, critic loss:5.992, L:12.231, 0min2sec
step:3280/13000, actic loss:-22.376, critic loss:5.975, L:12.214, 0min2sec
step:3290/13000, actic loss:-22.310, critic loss:5.957, L:12.198, 0min2sec
step:3300/13000, actic loss:-22.243, critic loss:5.940, L:12.181, 0min2sec
step:3310/13000, actic loss:-22.175, critic loss:5.922, L:12.165, 0min2sec
step:3320/13000, actic loss:-22.109, critic loss:5.905, L:12.149, 0min2sec
step:3330/13000, actic loss:-22.047, critic loss:5.889, L:12.133, 0min2sec
step:3340/13000, actic loss:-21.979, critic loss:5.872, L:12.117, 0min2sec
step:3350/13000, actic loss:-21.911, critic loss:5.855, L:12.101, 0min2sec
step:3360/13000, actic loss:-21.845, critic loss:5.838, L:12.085, 0min2sec
step:3370/13000, actic loss:-21.782, critic loss:5.821, L:12.069, 0min2sec
step:3380/13000, actic loss:-21.718, critic loss:5.805, L:12.053, 0min2sec
step:3390/13000, actic loss:-21.655, critic loss:5.788, L:12.038, 0min2sec
step:3400/13000, actic loss:-21.593, critic loss:5.772, L:12.022, 0min2sec
step:3410/13000, actic loss:-21.530, critic loss:5.755, L:12.006, 0min2sec
step:3420/13000, actic loss:-21.466, critic loss:5.739, L:11.991, 0min2sec
step:3430/13000, actic loss:-21.405, critic loss:5.723, L:11.975, 0min2sec
step:3440/13000, actic loss:-21.345, critic loss:5.707, L:11.960, 0min2sec
step:3450/13000, actic loss:-21.284, critic loss:5.691, L:11.945, 0min2sec
step:3460/13000, actic loss:-21.225, critic loss:5.675, L:11.930, 0min2sec
step:3470/13000, actic loss:-21.165, critic loss:5.659, L:11.915, 0min2sec
step:3480/13000, actic loss:-21.104, critic loss:5.643, L:11.900, 0min2sec
step:3490/13000, actic loss:-21.044, critic loss:5.628, L:11.885, 0min2sec
step:3500/13000, actic loss:-20.986, critic loss:5.612, L:11.870, 0min2sec
step:3510/13000, actic loss:-20.927, critic loss:5.597, L:11.856, 0min2sec
step:3520/13000, actic loss:-20.868, critic loss:5.581, L:11.841, 0min2sec
step:3530/13000, actic loss:-20.808, critic loss:5.566, L:11.826, 0min2sec
step:3540/13000, actic loss:-20.751, critic loss:5.551, L:11.812, 0min2sec
step:3550/13000, actic loss:-20.692, critic loss:5.536, L:11.797, 0min2sec
step:3560/13000, actic loss:-20.635, critic loss:5.521, L:11.783, 0min2sec
step:3570/13000, actic loss:-20.577, critic loss:5.506, L:11.769, 0min2sec
step:3580/13000, actic loss:-20.521, critic loss:5.491, L:11.754, 0min2sec
step:3590/13000, actic loss:-20.464, critic loss:5.476, L:11.740, 0min2sec
step:3600/13000, actic loss:-20.408, critic loss:5.461, L:11.726, 0min2sec
step:3610/13000, actic loss:-20.352, critic loss:5.446, L:11.712, 0min2sec
step:3620/13000, actic loss:-20.295, critic loss:5.432, L:11.698, 0min2sec
step:3630/13000, actic loss:-20.238, critic loss:5.417, L:11.684, 0min2sec
step:3640/13000, actic loss:-20.185, critic loss:5.403, L:11.671, 0min2sec
step:3650/13000, actic loss:-20.132, critic loss:5.389, L:11.657, 0min2sec
step:3660/13000, actic loss:-20.079, critic loss:5.375, L:11.644, 0min2sec
step:3670/13000, actic loss:-20.025, critic loss:5.361, L:11.630, 0min2sec
step:3680/13000, actic loss:-19.971, critic loss:5.347, L:11.617, 0min2sec
step:3690/13000, actic loss:-19.918, critic loss:5.333, L:11.603, 0min2sec
step:3700/13000, actic loss:-19.864, critic loss:5.319, L:11.590, 0min2sec
step:3710/13000, actic loss:-19.812, critic loss:5.305, L:11.577, 0min2sec
step:3720/13000, actic loss:-19.759, critic loss:5.291, L:11.563, 0min2sec
step:3730/13000, actic loss:-19.707, critic loss:5.278, L:11.550, 0min2sec
step:3740/13000, actic loss:-19.649, critic loss:5.265, L:11.537, 0min2sec
step:3750/13000, actic loss:-19.604, critic loss:5.251, L:11.524, 0min2sec
step:3760/13000, actic loss:-19.550, critic loss:5.238, L:11.512, 0min2sec
step:3770/13000, actic loss:-19.498, critic loss:5.225, L:11.499, 0min2sec
step:3780/13000, actic loss:-19.447, critic loss:5.212, L:11.487, 0min2sec
step:3790/13000, actic loss:-19.397, critic loss:5.198, L:11.474, 0min2sec
step:3800/13000, actic loss:-19.346, critic loss:5.185, L:11.461, 0min2sec
step:3810/13000, actic loss:-19.295, critic loss:5.172, L:11.449, 0min2sec
step:3820/13000, actic loss:-19.244, critic loss:5.159, L:11.436, 0min2sec
step:3830/13000, actic loss:-19.195, critic loss:5.146, L:11.423, 0min2sec
step:3840/13000, actic loss:-19.145, critic loss:5.133, L:11.411, 0min2sec
step:3850/13000, actic loss:-19.096, critic loss:5.120, L:11.399, 0min2sec
step:3860/13000, actic loss:-19.047, critic loss:5.107, L:11.386, 0min2sec
step:3870/13000, actic loss:-18.998, critic loss:5.094, L:11.374, 0min2sec
step:3880/13000, actic loss:-18.950, critic loss:5.082, L:11.362, 0min2sec
step:3890/13000, actic loss:-18.902, critic loss:5.069, L:11.350, 0min2sec
step:3900/13000, actic loss:-18.854, critic loss:5.057, L:11.338, 0min2sec
step:3910/13000, actic loss:-18.806, critic loss:5.044, L:11.326, 0min2sec
step:3920/13000, actic loss:-18.759, critic loss:5.032, L:11.314, 0min2sec
step:3930/13000, actic loss:-18.712, critic loss:5.019, L:11.302, 0min2sec
step:3940/13000, actic loss:-18.665, critic loss:5.007, L:11.290, 0min2sec
step:3950/13000, actic loss:-18.619, critic loss:4.995, L:11.278, 0min2sec
step:3960/13000, actic loss:-18.573, critic loss:4.982, L:11.266, 0min2sec
step:3970/13000, actic loss:-18.526, critic loss:4.970, L:11.255, 0min2sec
step:3980/13000, actic loss:-18.481, critic loss:4.958, L:11.243, 0min2sec
step:3990/13000, actic loss:-18.435, critic loss:4.946, L:11.232, 0min2sec
step:4000/13000, actic loss:-18.389, critic loss:4.934, L:11.220, 0min2sec
step:4010/13000, actic loss:-18.344, critic loss:4.922, L:11.209, 0min2sec
step:4020/13000, actic loss:-18.299, critic loss:4.911, L:11.197, 0min2sec
step:4030/13000, actic loss:-18.253, critic loss:4.899, L:11.186, 0min2sec
step:4040/13000, actic loss:-18.209, critic loss:4.887, L:11.175, 0min2sec
step:4050/13000, actic loss:-18.165, critic loss:4.875, L:11.163, 0min2sec
step:4060/13000, actic loss:-18.120, critic loss:4.864, L:11.152, 0min2sec
step:4070/13000, actic loss:-18.076, critic loss:4.852, L:11.141, 0min2sec
step:4080/13000, actic loss:-18.032, critic loss:4.841, L:11.130, 0min2sec
step:4090/13000, actic loss:-17.989, critic loss:4.829, L:11.119, 0min2sec
step:4100/13000, actic loss:-17.946, critic loss:4.818, L:11.108, 0min2sec
step:4110/13000, actic loss:-17.904, critic loss:4.807, L:11.097, 0min2sec
step:4120/13000, actic loss:-17.860, critic loss:4.795, L:11.086, 0min2sec
step:4130/13000, actic loss:-17.815, critic loss:4.785, L:11.076, 0min2sec
step:4140/13000, actic loss:-17.776, critic loss:4.774, L:11.065, 0min2sec
step:4150/13000, actic loss:-17.733, critic loss:4.763, L:11.054, 0min2sec
step:4160/13000, actic loss:-17.690, critic loss:4.751, L:11.043, 0min2sec
step:4170/13000, actic loss:-17.648, critic loss:4.740, L:11.033, 0min2sec
step:4180/13000, actic loss:-17.606, critic loss:4.730, L:11.022, 0min2sec
step:4190/13000, actic loss:-17.564, critic loss:4.719, L:11.012, 0min2sec
step:4200/13000, actic loss:-17.523, critic loss:4.708, L:11.001, 0min2sec
step:4210/13000, actic loss:-17.482, critic loss:4.697, L:10.991, 0min2sec
step:4220/13000, actic loss:-17.441, critic loss:4.687, L:10.981, 0min2sec
step:4230/13000, actic loss:-17.401, critic loss:4.676, L:10.970, 0min2sec
step:4240/13000, actic loss:-17.360, critic loss:4.665, L:10.960, 0min2sec
step:4250/13000, actic loss:-17.319, critic loss:4.655, L:10.950, 0min2sec
step:4260/13000, actic loss:-17.279, critic loss:4.644, L:10.940, 0min2sec
step:4270/13000, actic loss:-17.239, critic loss:4.634, L:10.930, 0min2sec
step:4280/13000, actic loss:-17.200, critic loss:4.624, L:10.920, 0min2sec
step:4290/13000, actic loss:-17.160, critic loss:4.613, L:10.910, 0min2sec
step:4300/13000, actic loss:-17.120, critic loss:4.603, L:10.900, 0min2sec
step:4310/13000, actic loss:-17.081, critic loss:4.592, L:10.890, 0min2sec
step:4320/13000, actic loss:-17.042, critic loss:4.582, L:10.880, 0min2sec
step:4330/13000, actic loss:-17.003, critic loss:4.572, L:10.870, 0min2sec
step:4340/13000, actic loss:-16.964, critic loss:4.562, L:10.860, 0min2sec
step:4350/13000, actic loss:-16.926, critic loss:4.552, L:10.850, 0min2sec
step:4360/13000, actic loss:-16.887, critic loss:4.542, L:10.841, 0min2sec
step:4370/13000, actic loss:-16.849, critic loss:4.532, L:10.831, 0min2sec
step:4380/13000, actic loss:-16.809, critic loss:4.522, L:10.822, 0min2sec
step:4390/13000, actic loss:-16.773, critic loss:4.512, L:10.812, 0min2sec
step:4400/13000, actic loss:-16.736, critic loss:4.502, L:10.802, 0min2sec
step:4410/13000, actic loss:-16.699, critic loss:4.492, L:10.793, 0min2sec
step:4420/13000, actic loss:-16.661, critic loss:4.483, L:10.783, 0min2sec
step:4430/13000, actic loss:-16.622, critic loss:4.473, L:10.774, 0min2sec
step:4440/13000, actic loss:-16.585, critic loss:4.464, L:10.765, 0min2sec
step:4450/13000, actic loss:-16.548, critic loss:4.454, L:10.755, 0min2sec
step:4460/13000, actic loss:-16.512, critic loss:4.444, L:10.746, 0min2sec
step:4470/13000, actic loss:-16.476, critic loss:4.435, L:10.737, 0min2sec
step:4480/13000, actic loss:-16.438, critic loss:4.425, L:10.728, 0min2sec
step:4490/13000, actic loss:-16.402, critic loss:4.416, L:10.718, 0min2sec
step:4500/13000, actic loss:-16.366, critic loss:4.406, L:10.709, 0min2sec
step:4510/13000, actic loss:-16.331, critic loss:4.397, L:10.700, 0min2sec
step:4520/13000, actic loss:-16.295, critic loss:4.387, L:10.691, 0min2sec
step:4530/13000, actic loss:-16.259, critic loss:4.378, L:10.682, 0min2sec
step:4540/13000, actic loss:-16.224, critic loss:4.369, L:10.673, 0min2sec
step:4550/13000, actic loss:-16.188, critic loss:4.360, L:10.664, 0min2sec
step:4560/13000, actic loss:-16.154, critic loss:4.350, L:10.655, 0min2sec
step:4570/13000, actic loss:-16.118, critic loss:4.341, L:10.646, 0min2sec
step:4580/13000, actic loss:-16.083, critic loss:4.332, L:10.638, 0min2sec
step:4590/13000, actic loss:-16.049, critic loss:4.323, L:10.629, 0min2sec
step:4600/13000, actic loss:-16.014, critic loss:4.314, L:10.620, 0min2sec
step:4610/13000, actic loss:-15.979, critic loss:4.305, L:10.612, 0min2sec
step:4620/13000, actic loss:-15.945, critic loss:4.296, L:10.603, 0min2sec
step:4630/13000, actic loss:-15.911, critic loss:4.287, L:10.594, 0min2sec
step:4640/13000, actic loss:-15.877, critic loss:4.278, L:10.586, 0min2sec
step:4650/13000, actic loss:-15.843, critic loss:4.269, L:10.577, 0min2sec
step:4660/13000, actic loss:-15.809, critic loss:4.260, L:10.568, 0min2sec
step:4670/13000, actic loss:-15.776, critic loss:4.252, L:10.560, 0min2sec
step:4680/13000, actic loss:-15.743, critic loss:4.243, L:10.551, 0min2sec
step:4690/13000, actic loss:-15.710, critic loss:4.234, L:10.543, 0min2sec
step:4700/13000, actic loss:-15.677, critic loss:4.226, L:10.534, 0min2sec
step:4710/13000, actic loss:-15.644, critic loss:4.217, L:10.526, 0min2sec
step:4720/13000, actic loss:-15.611, critic loss:4.208, L:10.517, 0min2sec
step:4730/13000, actic loss:-15.579, critic loss:4.200, L:10.509, 0min2sec
step:4740/13000, actic loss:-15.546, critic loss:4.191, L:10.501, 0min2sec
step:4750/13000, actic loss:-15.514, critic loss:4.183, L:10.492, 0min2sec
step:4760/13000, actic loss:-15.482, critic loss:4.174, L:10.484, 0min2sec
step:4770/13000, actic loss:-15.450, critic loss:4.166, L:10.476, 0min2sec
step:4780/13000, actic loss:-15.418, critic loss:4.157, L:10.468, 0min2sec
step:4790/13000, actic loss:-15.386, critic loss:4.149, L:10.460, 0min2sec
step:4800/13000, actic loss:-15.354, critic loss:4.141, L:10.452, 0min2sec
step:4810/13000, actic loss:-15.322, critic loss:4.133, L:10.444, 0min2sec
step:4820/13000, actic loss:-15.291, critic loss:4.124, L:10.435, 0min2sec
step:4830/13000, actic loss:-15.260, critic loss:4.116, L:10.427, 0min2sec
step:4840/13000, actic loss:-15.229, critic loss:4.108, L:10.419, 0min2sec
step:4850/13000, actic loss:-15.197, critic loss:4.100, L:10.412, 0min2sec
step:4860/13000, actic loss:-15.166, critic loss:4.092, L:10.404, 0min2sec
step:4870/13000, actic loss:-15.135, critic loss:4.083, L:10.396, 0min2sec
step:4880/13000, actic loss:-15.105, critic loss:4.075, L:10.388, 0min2sec
step:4890/13000, actic loss:-15.075, critic loss:4.067, L:10.380, 0min2sec
step:4900/13000, actic loss:-15.045, critic loss:4.059, L:10.372, 0min2sec
step:4910/13000, actic loss:-15.014, critic loss:4.052, L:10.365, 0min2sec
step:4920/13000, actic loss:-14.984, critic loss:4.044, L:10.357, 0min2sec
step:4930/13000, actic loss:-14.954, critic loss:4.036, L:10.349, 0min2sec
step:4940/13000, actic loss:-14.924, critic loss:4.028, L:10.342, 0min2sec
step:4950/13000, actic loss:-14.895, critic loss:4.020, L:10.334, 0min2sec
step:4960/13000, actic loss:-14.865, critic loss:4.012, L:10.326, 0min2sec
step:4970/13000, actic loss:-14.836, critic loss:4.005, L:10.319, 0min2sec
step:4980/13000, actic loss:-14.806, critic loss:3.997, L:10.311, 0min2sec
step:4990/13000, actic loss:-14.777, critic loss:3.989, L:10.304, 0min2sec
step:5000/13000, actic loss:-14.748, critic loss:3.981, L:10.296, 0min2sec
step:5010/13000, actic loss:-14.719, critic loss:3.974, L:10.289, 0min2sec
step:5020/13000, actic loss:-14.690, critic loss:3.966, L:10.281, 0min2sec
step:5030/13000, actic loss:-14.662, critic loss:3.959, L:10.274, 0min2sec
step:5040/13000, actic loss:-14.633, critic loss:3.951, L:10.266, 0min2sec
step:5050/13000, actic loss:-14.604, critic loss:3.943, L:10.259, 0min2sec
step:5060/13000, actic loss:-14.575, critic loss:3.936, L:10.251, 0min2sec
step:5070/13000, actic loss:-14.547, critic loss:3.928, L:10.244, 0min2sec
step:5080/13000, actic loss:-14.519, critic loss:3.921, L:10.237, 0min2sec
step:5090/13000, actic loss:-14.491, critic loss:3.914, L:10.229, 0min2sec
step:5100/13000, actic loss:-14.462, critic loss:3.906, L:10.222, 0min2sec
step:5110/13000, actic loss:-14.434, critic loss:3.899, L:10.215, 0min2sec
step:5120/13000, actic loss:-14.406, critic loss:3.892, L:10.208, 0min2sec
step:5130/13000, actic loss:-14.378, critic loss:3.884, L:10.200, 0min2sec
step:5140/13000, actic loss:-14.350, critic loss:3.877, L:10.193, 0min2sec
step:5150/13000, actic loss:-14.323, critic loss:3.870, L:10.186, 0min2sec
step:5160/13000, actic loss:-14.295, critic loss:3.863, L:10.179, 0min2sec
step:5170/13000, actic loss:-14.268, critic loss:3.855, L:10.172, 0min2sec
step:5180/13000, actic loss:-14.240, critic loss:3.848, L:10.165, 0min2sec
step:5190/13000, actic loss:-14.213, critic loss:3.841, L:10.158, 0min2sec
step:5200/13000, actic loss:-14.186, critic loss:3.834, L:10.151, 0min2sec
step:5210/13000, actic loss:-14.159, critic loss:3.827, L:10.144, 0min2sec
step:5220/13000, actic loss:-14.132, critic loss:3.820, L:10.137, 0min2sec
step:5230/13000, actic loss:-14.105, critic loss:3.813, L:10.130, 0min2sec
step:5240/13000, actic loss:-14.079, critic loss:3.806, L:10.123, 0min2sec
step:5250/13000, actic loss:-14.053, critic loss:3.799, L:10.116, 0min2sec
step:5260/13000, actic loss:-14.026, critic loss:3.792, L:10.110, 0min2sec
step:5270/13000, actic loss:-13.999, critic loss:3.785, L:10.103, 0min2sec
step:5280/13000, actic loss:-13.972, critic loss:3.779, L:10.096, 0min2sec
step:5290/13000, actic loss:-13.947, critic loss:3.772, L:10.089, 0min2sec
step:5300/13000, actic loss:-13.921, critic loss:3.765, L:10.083, 0min2sec
step:5310/13000, actic loss:-13.895, critic loss:3.758, L:10.076, 0min2sec
step:5320/13000, actic loss:-13.870, critic loss:3.751, L:10.070, 0min2sec
step:5330/13000, actic loss:-13.844, critic loss:3.745, L:10.063, 0min2sec
step:5340/13000, actic loss:-13.819, critic loss:3.738, L:10.056, 0min2sec
step:5350/13000, actic loss:-13.794, critic loss:3.731, L:10.050, 0min2sec
step:5360/13000, actic loss:-13.769, critic loss:3.725, L:10.043, 0min2sec
step:5370/13000, actic loss:-13.743, critic loss:3.718, L:10.037, 0min2sec
step:5380/13000, actic loss:-13.718, critic loss:3.711, L:10.030, 0min2sec
step:5390/13000, actic loss:-13.694, critic loss:3.705, L:10.024, 0min2sec
step:5400/13000, actic loss:-13.666, critic loss:3.698, L:10.017, 0min2sec
step:5410/13000, actic loss:-13.641, critic loss:3.692, L:10.011, 0min2sec
step:5420/13000, actic loss:-13.616, critic loss:3.686, L:10.005, 0min2sec
step:5430/13000, actic loss:-13.592, critic loss:3.679, L:9.998, 0min2sec
step:5440/13000, actic loss:-13.567, critic loss:3.673, L:9.992, 0min2sec
step:5450/13000, actic loss:-13.542, critic loss:3.666, L:9.986, 0min2sec
step:5460/13000, actic loss:-13.518, critic loss:3.660, L:9.979, 0min2sec
step:5470/13000, actic loss:-13.493, critic loss:3.654, L:9.973, 0min2sec
step:5480/13000, actic loss:-13.468, critic loss:3.647, L:9.967, 0min2sec
step:5490/13000, actic loss:-13.445, critic loss:3.641, L:9.960, 0min2sec
step:5500/13000, actic loss:-13.420, critic loss:3.634, L:9.954, 0min2sec
step:5510/13000, actic loss:-13.396, critic loss:3.628, L:9.948, 0min2sec
step:5520/13000, actic loss:-13.372, critic loss:3.622, L:9.942, 0min2sec
step:5530/13000, actic loss:-13.348, critic loss:3.615, L:9.935, 0min2sec
step:5540/13000, actic loss:-13.324, critic loss:3.609, L:9.929, 0min2sec
step:5550/13000, actic loss:-13.301, critic loss:3.603, L:9.923, 0min2sec
step:5560/13000, actic loss:-13.277, critic loss:3.597, L:9.917, 0min2sec
step:5570/13000, actic loss:-13.253, critic loss:3.591, L:9.911, 0min2sec
step:5580/13000, actic loss:-13.230, critic loss:3.584, L:9.905, 0min2sec
step:5590/13000, actic loss:-13.206, critic loss:3.578, L:9.898, 0min2sec
step:5600/13000, actic loss:-13.183, critic loss:3.572, L:9.892, 0min2sec
step:5610/13000, actic loss:-13.160, critic loss:3.566, L:9.886, 0min2sec
step:5620/13000, actic loss:-13.137, critic loss:3.560, L:9.880, 0min2sec
step:5630/13000, actic loss:-13.114, critic loss:3.554, L:9.874, 0min2sec
step:5640/13000, actic loss:-13.090, critic loss:3.548, L:9.868, 0min2sec
step:5650/13000, actic loss:-13.068, critic loss:3.542, L:9.862, 0min2sec
step:5660/13000, actic loss:-13.045, critic loss:3.536, L:9.857, 0min2sec
step:5670/13000, actic loss:-13.022, critic loss:3.530, L:9.851, 0min2sec
step:5680/13000, actic loss:-13.000, critic loss:3.524, L:9.845, 0min2sec
step:5690/13000, actic loss:-12.977, critic loss:3.518, L:9.839, 0min2sec
step:5700/13000, actic loss:-12.955, critic loss:3.512, L:9.833, 0min2sec
step:5710/13000, actic loss:-12.933, critic loss:3.506, L:9.827, 0min2sec
step:5720/13000, actic loss:-12.909, critic loss:3.500, L:9.822, 0min2sec
step:5730/13000, actic loss:-12.887, critic loss:3.495, L:9.816, 0min2sec
step:5740/13000, actic loss:-12.865, critic loss:3.489, L:9.810, 0min2sec
step:5750/13000, actic loss:-12.843, critic loss:3.483, L:9.804, 0min2sec
step:5760/13000, actic loss:-12.821, critic loss:3.477, L:9.799, 0min2sec
step:5770/13000, actic loss:-12.799, critic loss:3.471, L:9.793, 0min2sec
step:5780/13000, actic loss:-12.777, critic loss:3.466, L:9.787, 0min2sec
step:5790/13000, actic loss:-12.755, critic loss:3.460, L:9.782, 0min2sec
step:5800/13000, actic loss:-12.733, critic loss:3.454, L:9.776, 0min2sec
step:5810/13000, actic loss:-12.712, critic loss:3.448, L:9.770, 0min2sec
step:5820/13000, actic loss:-12.690, critic loss:3.443, L:9.765, 0min2sec
step:5830/13000, actic loss:-12.669, critic loss:3.437, L:9.759, 0min2sec
step:5840/13000, actic loss:-12.648, critic loss:3.431, L:9.753, 0min2sec
step:5850/13000, actic loss:-12.626, critic loss:3.426, L:9.748, 0min2sec
step:5860/13000, actic loss:-12.605, critic loss:3.420, L:9.742, 0min2sec
step:5870/13000, actic loss:-12.584, critic loss:3.415, L:9.737, 0min2sec
step:5880/13000, actic loss:-12.562, critic loss:3.409, L:9.731, 0min2sec
step:5890/13000, actic loss:-12.542, critic loss:3.404, L:9.726, 0min2sec
step:5900/13000, actic loss:-12.521, critic loss:3.398, L:9.720, 0min2sec
step:5910/13000, actic loss:-12.500, critic loss:3.393, L:9.715, 0min2sec
step:5920/13000, actic loss:-12.479, critic loss:3.387, L:9.709, 0min2sec
step:5930/13000, actic loss:-12.458, critic loss:3.382, L:9.704, 0min2sec
step:5940/13000, actic loss:-12.437, critic loss:3.376, L:9.699, 0min2sec
step:5950/13000, actic loss:-12.417, critic loss:3.371, L:9.693, 0min2sec
step:5960/13000, actic loss:-12.396, critic loss:3.365, L:9.688, 0min2sec
step:5970/13000, actic loss:-12.376, critic loss:3.360, L:9.683, 0min2sec
step:5980/13000, actic loss:-12.355, critic loss:3.355, L:9.677, 0min2sec
step:5990/13000, actic loss:-12.335, critic loss:3.349, L:9.672, 0min2sec
step:6000/13000, actic loss:-12.314, critic loss:3.344, L:9.667, 0min2sec
step:6010/13000, actic loss:-12.294, critic loss:3.339, L:9.661, 0min2sec
step:6020/13000, actic loss:-12.274, critic loss:3.333, L:9.656, 0min2sec
step:6030/13000, actic loss:-12.254, critic loss:3.328, L:9.651, 0min2sec
step:6040/13000, actic loss:-12.234, critic loss:3.323, L:9.646, 0min2sec
step:6050/13000, actic loss:-12.214, critic loss:3.317, L:9.640, 0min2sec
step:6060/13000, actic loss:-12.194, critic loss:3.312, L:9.635, 0min2sec
step:6070/13000, actic loss:-12.174, critic loss:3.307, L:9.630, 0min2sec
step:6080/13000, actic loss:-12.154, critic loss:3.302, L:9.625, 0min2sec
step:6090/13000, actic loss:-12.135, critic loss:3.297, L:9.620, 0min2sec
step:6100/13000, actic loss:-12.115, critic loss:3.291, L:9.615, 0min2sec
step:6110/13000, actic loss:-12.095, critic loss:3.286, L:9.609, 0min2sec
step:6120/13000, actic loss:-12.076, critic loss:3.281, L:9.604, 0min2sec
step:6130/13000, actic loss:-12.056, critic loss:3.276, L:9.599, 0min2sec
step:6140/13000, actic loss:-12.037, critic loss:3.271, L:9.594, 0min2sec
step:6150/13000, actic loss:-12.018, critic loss:3.266, L:9.589, 0min2sec
step:6160/13000, actic loss:-11.999, critic loss:3.261, L:9.584, 0min2sec
step:6170/13000, actic loss:-11.979, critic loss:3.256, L:9.579, 0min2sec
step:6180/13000, actic loss:-11.960, critic loss:3.251, L:9.574, 0min2sec
step:6190/13000, actic loss:-11.941, critic loss:3.246, L:9.569, 0min2sec
step:6200/13000, actic loss:-11.922, critic loss:3.241, L:9.564, 0min2sec
step:6210/13000, actic loss:-11.903, critic loss:3.236, L:9.559, 0min2sec
step:6220/13000, actic loss:-11.884, critic loss:3.231, L:9.554, 0min2sec
step:6230/13000, actic loss:-11.866, critic loss:3.226, L:9.550, 0min2sec
step:6240/13000, actic loss:-11.847, critic loss:3.221, L:9.545, 0min2sec
step:6250/13000, actic loss:-11.828, critic loss:3.216, L:9.540, 0min2sec
step:6260/13000, actic loss:-11.810, critic loss:3.211, L:9.535, 0min2sec
step:6270/13000, actic loss:-11.791, critic loss:3.206, L:9.530, 0min2sec
step:6280/13000, actic loss:-11.773, critic loss:3.201, L:9.525, 0min2sec
step:6290/13000, actic loss:-11.754, critic loss:3.196, L:9.521, 0min2sec
step:6300/13000, actic loss:-11.736, critic loss:3.192, L:9.516, 0min2sec
step:6310/13000, actic loss:-11.718, critic loss:3.187, L:9.511, 0min2sec
step:6320/13000, actic loss:-11.699, critic loss:3.182, L:9.506, 0min2sec
step:6330/13000, actic loss:-11.681, critic loss:3.177, L:9.501, 0min2sec
step:6340/13000, actic loss:-11.663, critic loss:3.172, L:9.497, 0min2sec
step:6350/13000, actic loss:-11.644, critic loss:3.168, L:9.492, 0min2sec
step:6360/13000, actic loss:-11.626, critic loss:3.163, L:9.487, 0min2sec
step:6370/13000, actic loss:-11.608, critic loss:3.158, L:9.482, 0min2sec
step:6380/13000, actic loss:-11.590, critic loss:3.153, L:9.478, 0min2sec
step:6390/13000, actic loss:-11.572, critic loss:3.149, L:9.473, 0min2sec
step:6400/13000, actic loss:-11.554, critic loss:3.144, L:9.468, 0min2sec
step:6410/13000, actic loss:-11.537, critic loss:3.139, L:9.464, 0min2sec
step:6420/13000, actic loss:-11.519, critic loss:3.135, L:9.459, 0min2sec
step:6430/13000, actic loss:-11.501, critic loss:3.130, L:9.454, 0min2sec
step:6440/13000, actic loss:-11.484, critic loss:3.125, L:9.450, 0min2sec
step:6450/13000, actic loss:-11.466, critic loss:3.121, L:9.445, 0min2sec
step:6460/13000, actic loss:-11.448, critic loss:3.116, L:9.441, 0min2sec
step:6470/13000, actic loss:-11.431, critic loss:3.112, L:9.436, 0min2sec
step:6480/13000, actic loss:-11.413, critic loss:3.107, L:9.432, 0min2sec
step:6490/13000, actic loss:-11.396, critic loss:3.102, L:9.427, 0min2sec
step:6500/13000, actic loss:-11.378, critic loss:3.098, L:9.423, 0min2sec
step:6510/13000, actic loss:-11.361, critic loss:3.093, L:9.418, 0min2sec
step:6520/13000, actic loss:-11.344, critic loss:3.089, L:9.414, 0min2sec
step:6530/13000, actic loss:-11.327, critic loss:3.084, L:9.409, 0min2sec
step:6540/13000, actic loss:-11.310, critic loss:3.080, L:9.405, 0min2sec
step:6550/13000, actic loss:-11.292, critic loss:3.075, L:9.400, 0min2sec
step:6560/13000, actic loss:-11.276, critic loss:3.071, L:9.396, 0min2sec
step:6570/13000, actic loss:-11.259, critic loss:3.066, L:9.391, 0min2sec
step:6580/13000, actic loss:-11.242, critic loss:3.062, L:9.387, 0min2sec
step:6590/13000, actic loss:-11.225, critic loss:3.058, L:9.383, 0min2sec
step:6600/13000, actic loss:-11.208, critic loss:3.053, L:9.378, 0min2sec
step:6610/13000, actic loss:-11.191, critic loss:3.049, L:9.374, 0min2sec
step:6620/13000, actic loss:-11.174, critic loss:3.044, L:9.369, 0min2sec
step:6630/13000, actic loss:-11.158, critic loss:3.040, L:9.365, 0min2sec
step:6640/13000, actic loss:-11.141, critic loss:3.036, L:9.361, 0min2sec
step:6650/13000, actic loss:-11.125, critic loss:3.031, L:9.356, 0min2sec
step:6660/13000, actic loss:-11.108, critic loss:3.027, L:9.352, 0min2sec
step:6670/13000, actic loss:-11.091, critic loss:3.023, L:9.348, 0min2sec
step:6680/13000, actic loss:-11.075, critic loss:3.018, L:9.343, 0min2sec
step:6690/13000, actic loss:-11.059, critic loss:3.014, L:9.339, 0min2sec
step:6700/13000, actic loss:-11.042, critic loss:3.010, L:9.335, 0min2sec
step:6710/13000, actic loss:-11.026, critic loss:3.005, L:9.331, 0min2sec
step:6720/13000, actic loss:-11.010, critic loss:3.001, L:9.326, 0min2sec
step:6730/13000, actic loss:-10.994, critic loss:2.997, L:9.322, 0min2sec
step:6740/13000, actic loss:-10.977, critic loss:2.993, L:9.318, 0min2sec
step:6750/13000, actic loss:-10.962, critic loss:2.988, L:9.314, 0min2sec
step:6760/13000, actic loss:-10.945, critic loss:2.984, L:9.310, 0min2sec
step:6770/13000, actic loss:-10.930, critic loss:2.980, L:9.306, 0min2sec
step:6780/13000, actic loss:-10.914, critic loss:2.976, L:9.301, 0min2sec
step:6790/13000, actic loss:-10.898, critic loss:2.972, L:9.297, 0min2sec
step:6800/13000, actic loss:-10.882, critic loss:2.967, L:9.293, 0min2sec
step:6810/13000, actic loss:-10.866, critic loss:2.963, L:9.289, 0min2sec
step:6820/13000, actic loss:-10.851, critic loss:2.959, L:9.285, 0min2sec
step:6830/13000, actic loss:-10.835, critic loss:2.955, L:9.280, 0min2sec
step:6840/13000, actic loss:-10.819, critic loss:2.951, L:9.276, 0min2sec
step:6850/13000, actic loss:-10.804, critic loss:2.947, L:9.272, 0min2sec
step:6860/13000, actic loss:-10.788, critic loss:2.943, L:9.268, 0min2sec
step:6870/13000, actic loss:-10.773, critic loss:2.939, L:9.264, 0min2sec
step:6880/13000, actic loss:-10.757, critic loss:2.935, L:9.260, 0min2sec
step:6890/13000, actic loss:-10.742, critic loss:2.931, L:9.256, 0min2sec
step:6900/13000, actic loss:-10.727, critic loss:2.927, L:9.252, 0min2sec
step:6910/13000, actic loss:-10.711, critic loss:2.922, L:9.248, 0min2sec
step:6920/13000, actic loss:-10.696, critic loss:2.918, L:9.244, 0min2sec
step:6930/13000, actic loss:-10.681, critic loss:2.914, L:9.240, 0min2sec
step:6940/13000, actic loss:-10.666, critic loss:2.911, L:9.236, 0min2sec
step:6950/13000, actic loss:-10.651, critic loss:2.907, L:9.232, 0min2sec
step:6960/13000, actic loss:-10.636, critic loss:2.903, L:9.228, 0min2sec
step:6970/13000, actic loss:-10.620, critic loss:2.899, L:9.224, 0min2sec
step:6980/13000, actic loss:-10.605, critic loss:2.895, L:9.220, 0min2sec
step:6990/13000, actic loss:-10.590, critic loss:2.891, L:9.216, 0min2sec
step:7000/13000, actic loss:-10.575, critic loss:2.887, L:9.212, 0min2sec
step:7010/13000, actic loss:-10.560, critic loss:2.883, L:9.209, 0min2sec
step:7020/13000, actic loss:-10.546, critic loss:2.879, L:9.205, 0min2sec
step:7030/13000, actic loss:-10.531, critic loss:2.875, L:9.201, 0min2sec
step:7040/13000, actic loss:-10.516, critic loss:2.871, L:9.197, 0min2sec
step:7050/13000, actic loss:-10.501, critic loss:2.867, L:9.193, 0min2sec
step:7060/13000, actic loss:-10.486, critic loss:2.863, L:9.189, 0min2sec
step:7070/13000, actic loss:-10.472, critic loss:2.860, L:9.185, 0min2sec
step:7080/13000, actic loss:-10.457, critic loss:2.856, L:9.182, 0min2sec
step:7090/13000, actic loss:-10.443, critic loss:2.852, L:9.178, 0min2sec
step:7100/13000, actic loss:-10.429, critic loss:2.848, L:9.174, 0min2sec
step:7110/13000, actic loss:-10.414, critic loss:2.844, L:9.170, 0min2sec
step:7120/13000, actic loss:-10.399, critic loss:2.841, L:9.166, 0min2sec
step:7130/13000, actic loss:-10.385, critic loss:2.837, L:9.163, 0min2sec
step:7140/13000, actic loss:-10.370, critic loss:2.833, L:9.159, 0min2sec
step:7150/13000, actic loss:-10.356, critic loss:2.829, L:9.155, 0min2sec
step:7160/13000, actic loss:-10.342, critic loss:2.826, L:9.151, 0min2sec
step:7170/13000, actic loss:-10.328, critic loss:2.822, L:9.148, 0min2sec
step:7180/13000, actic loss:-10.314, critic loss:2.818, L:9.144, 0min2sec
step:7190/13000, actic loss:-10.299, critic loss:2.814, L:9.140, 0min2sec
step:7200/13000, actic loss:-10.285, critic loss:2.811, L:9.137, 0min2sec
step:7210/13000, actic loss:-10.271, critic loss:2.807, L:9.133, 0min2sec
step:7220/13000, actic loss:-10.257, critic loss:2.803, L:9.129, 0min2sec
step:7230/13000, actic loss:-10.242, critic loss:2.800, L:9.126, 0min2sec
step:7240/13000, actic loss:-10.229, critic loss:2.796, L:9.122, 0min2sec
step:7250/13000, actic loss:-10.215, critic loss:2.792, L:9.118, 0min2sec
step:7260/13000, actic loss:-10.201, critic loss:2.789, L:9.114, 0min2sec
step:7270/13000, actic loss:-10.187, critic loss:2.785, L:9.111, 0min2sec
step:7280/13000, actic loss:-10.173, critic loss:2.781, L:9.107, 0min2sec
step:7290/13000, actic loss:-10.160, critic loss:2.778, L:9.103, 0min2sec
step:7300/13000, actic loss:-10.146, critic loss:2.774, L:9.100, 0min2sec
step:7310/13000, actic loss:-10.132, critic loss:2.770, L:9.096, 0min2sec
step:7320/13000, actic loss:-10.118, critic loss:2.767, L:9.093, 0min2sec
step:7330/13000, actic loss:-10.105, critic loss:2.763, L:9.089, 0min2sec
step:7340/13000, actic loss:-10.092, critic loss:2.760, L:9.086, 0min2sec
step:7350/13000, actic loss:-10.078, critic loss:2.756, L:9.082, 0min2sec
step:7360/13000, actic loss:-10.065, critic loss:2.753, L:9.079, 0min2sec
step:7370/13000, actic loss:-10.051, critic loss:2.749, L:9.075, 0min2sec
step:7380/13000, actic loss:-10.038, critic loss:2.746, L:9.072, 0min2sec
step:7390/13000, actic loss:-10.024, critic loss:2.742, L:9.068, 0min2sec
step:7400/13000, actic loss:-10.011, critic loss:2.739, L:9.065, 0min2sec
step:7410/13000, actic loss:-9.997, critic loss:2.735, L:9.061, 0min2sec
step:7420/13000, actic loss:-9.984, critic loss:2.732, L:9.058, 0min2sec
step:7430/13000, actic loss:-9.971, critic loss:2.728, L:9.054, 0min2sec
step:7440/13000, actic loss:-9.958, critic loss:2.725, L:9.051, 0min2sec
step:7450/13000, actic loss:-9.945, critic loss:2.721, L:9.047, 0min2sec
step:7460/13000, actic loss:-9.932, critic loss:2.718, L:9.044, 0min2sec
step:7470/13000, actic loss:-9.919, critic loss:2.714, L:9.040, 0min2sec
step:7480/13000, actic loss:-9.906, critic loss:2.711, L:9.037, 0min2sec
step:7490/13000, actic loss:-9.893, critic loss:2.707, L:9.033, 0min2sec
step:7500/13000, actic loss:-9.880, critic loss:2.704, L:9.030, 0min2sec
step:7510/13000, actic loss:-9.867, critic loss:2.701, L:9.027, 0min2sec
step:7520/13000, actic loss:-9.854, critic loss:2.697, L:9.023, 0min2sec
step:7530/13000, actic loss:-9.841, critic loss:2.694, L:9.020, 0min2sec
step:7540/13000, actic loss:-9.829, critic loss:2.690, L:9.016, 0min2sec
step:7550/13000, actic loss:-9.815, critic loss:2.687, L:9.013, 0min2sec
step:7560/13000, actic loss:-9.802, critic loss:2.684, L:9.010, 0min2sec
step:7570/13000, actic loss:-9.790, critic loss:2.680, L:9.006, 0min2sec
step:7580/13000, actic loss:-9.777, critic loss:2.677, L:9.003, 0min2sec
step:7590/13000, actic loss:-9.764, critic loss:2.674, L:9.000, 0min2sec
step:7600/13000, actic loss:-9.752, critic loss:2.670, L:8.997, 0min2sec
step:7610/13000, actic loss:-9.739, critic loss:2.667, L:8.993, 0min2sec
step:7620/13000, actic loss:-9.726, critic loss:2.664, L:8.990, 0min2sec
step:7630/13000, actic loss:-9.714, critic loss:2.660, L:8.987, 0min2sec
step:7640/13000, actic loss:-9.701, critic loss:2.657, L:8.983, 0min2sec
step:7650/13000, actic loss:-9.689, critic loss:2.654, L:8.980, 0min2sec
step:7660/13000, actic loss:-9.676, critic loss:2.650, L:8.977, 0min2sec
step:7670/13000, actic loss:-9.664, critic loss:2.647, L:8.974, 0min2sec
step:7680/13000, actic loss:-9.652, critic loss:2.644, L:8.970, 0min2sec
step:7690/13000, actic loss:-9.639, critic loss:2.641, L:8.967, 0min2sec
step:7700/13000, actic loss:-9.627, critic loss:2.637, L:8.964, 0min2sec
step:7710/13000, actic loss:-9.615, critic loss:2.634, L:8.961, 0min2sec
step:7720/13000, actic loss:-9.602, critic loss:2.631, L:8.957, 0min2sec
step:7730/13000, actic loss:-9.590, critic loss:2.628, L:8.954, 0min2sec
step:7740/13000, actic loss:-9.578, critic loss:2.625, L:8.951, 0min2sec
step:7750/13000, actic loss:-9.566, critic loss:2.621, L:8.948, 0min2sec
step:7760/13000, actic loss:-9.554, critic loss:2.618, L:8.945, 0min2sec
step:7770/13000, actic loss:-9.541, critic loss:2.615, L:8.941, 0min2sec
step:7780/13000, actic loss:-9.529, critic loss:2.612, L:8.938, 0min2sec
step:7790/13000, actic loss:-9.517, critic loss:2.609, L:8.935, 0min2sec
step:7800/13000, actic loss:-9.505, critic loss:2.606, L:8.932, 0min2sec
step:7810/13000, actic loss:-9.493, critic loss:2.602, L:8.929, 0min2sec
step:7820/13000, actic loss:-9.481, critic loss:2.599, L:8.925, 0min2sec
step:7830/13000, actic loss:-9.469, critic loss:2.596, L:8.922, 0min2sec
step:7840/13000, actic loss:-9.457, critic loss:2.593, L:8.919, 0min2sec
step:7850/13000, actic loss:-9.445, critic loss:2.590, L:8.916, 0min2sec
step:7860/13000, actic loss:-9.433, critic loss:2.587, L:8.913, 0min2sec
step:7870/13000, actic loss:-9.421, critic loss:2.584, L:8.910, 0min2sec
step:7880/13000, actic loss:-9.410, critic loss:2.580, L:8.907, 0min2sec
step:7890/13000, actic loss:-9.398, critic loss:2.577, L:8.904, 0min2sec
step:7900/13000, actic loss:-9.386, critic loss:2.574, L:8.900, 0min2sec
step:7910/13000, actic loss:-9.375, critic loss:2.571, L:8.897, 0min2sec
step:7920/13000, actic loss:-9.363, critic loss:2.568, L:8.894, 0min2sec
step:7930/13000, actic loss:-9.351, critic loss:2.565, L:8.891, 0min2sec
step:7940/13000, actic loss:-9.340, critic loss:2.562, L:8.888, 0min2sec
step:7950/13000, actic loss:-9.328, critic loss:2.559, L:8.885, 0min2sec
step:7960/13000, actic loss:-9.316, critic loss:2.556, L:8.882, 0min2sec
step:7970/13000, actic loss:-9.305, critic loss:2.553, L:8.879, 0min2sec
step:7980/13000, actic loss:-9.294, critic loss:2.550, L:8.876, 0min2sec
step:7990/13000, actic loss:-9.282, critic loss:2.547, L:8.873, 0min2sec
step:8000/13000, actic loss:-9.270, critic loss:2.544, L:8.869, 0min2sec
step:8010/13000, actic loss:-9.259, critic loss:2.541, L:8.866, 0min2sec
step:8020/13000, actic loss:-9.247, critic loss:2.538, L:8.863, 0min2sec
step:8030/13000, actic loss:-9.236, critic loss:2.535, L:8.860, 0min2sec
step:8040/13000, actic loss:-9.225, critic loss:2.532, L:8.857, 0min2sec
step:8050/13000, actic loss:-9.213, critic loss:2.529, L:8.854, 0min2sec
step:8060/13000, actic loss:-9.202, critic loss:2.526, L:8.851, 0min2sec
step:8070/13000, actic loss:-9.191, critic loss:2.523, L:8.848, 0min2sec
step:8080/13000, actic loss:-9.180, critic loss:2.520, L:8.846, 0min2sec
step:8090/13000, actic loss:-9.168, critic loss:2.517, L:8.843, 0min2sec
step:8100/13000, actic loss:-9.157, critic loss:2.514, L:8.840, 0min2sec
step:8110/13000, actic loss:-9.146, critic loss:2.511, L:8.837, 0min2sec
step:8120/13000, actic loss:-9.135, critic loss:2.508, L:8.834, 0min2sec
step:8130/13000, actic loss:-9.124, critic loss:2.505, L:8.831, 0min2sec
step:8140/13000, actic loss:-9.113, critic loss:2.503, L:8.828, 0min2sec
step:8150/13000, actic loss:-9.102, critic loss:2.500, L:8.825, 0min2sec
step:8160/13000, actic loss:-9.091, critic loss:2.497, L:8.822, 0min2sec
step:8170/13000, actic loss:-9.080, critic loss:2.494, L:8.819, 0min2sec
step:8180/13000, actic loss:-9.069, critic loss:2.491, L:8.816, 0min2sec
step:8190/13000, actic loss:-9.058, critic loss:2.488, L:8.813, 0min2sec
step:8200/13000, actic loss:-9.047, critic loss:2.485, L:8.810, 0min2sec
step:8210/13000, actic loss:-9.036, critic loss:2.482, L:8.807, 0min2sec
step:8220/13000, actic loss:-9.026, critic loss:2.479, L:8.804, 0min2sec
step:8230/13000, actic loss:-9.015, critic loss:2.477, L:8.802, 0min2sec
step:8240/13000, actic loss:-9.004, critic loss:2.474, L:8.799, 0min2sec
step:8250/13000, actic loss:-8.993, critic loss:2.471, L:8.796, 0min2sec
step:8260/13000, actic loss:-8.982, critic loss:2.468, L:8.793, 0min2sec
step:8270/13000, actic loss:-8.972, critic loss:2.465, L:8.790, 0min2sec
step:8280/13000, actic loss:-8.961, critic loss:2.463, L:8.787, 0min2sec
step:8290/13000, actic loss:-8.950, critic loss:2.460, L:8.785, 0min2sec
step:8300/13000, actic loss:-8.940, critic loss:2.457, L:8.782, 0min2sec
step:8310/13000, actic loss:-8.929, critic loss:2.454, L:8.779, 0min2sec
step:8320/13000, actic loss:-8.919, critic loss:2.451, L:8.776, 0min2sec
step:8330/13000, actic loss:-8.908, critic loss:2.449, L:8.773, 0min2sec
step:8340/13000, actic loss:-8.897, critic loss:2.446, L:8.771, 0min2sec
step:8350/13000, actic loss:-8.886, critic loss:2.443, L:8.768, 0min2sec
step:8360/13000, actic loss:-8.876, critic loss:2.440, L:8.765, 0min2sec
step:8370/13000, actic loss:-8.866, critic loss:2.438, L:8.762, 0min2sec
step:8380/13000, actic loss:-8.856, critic loss:2.435, L:8.760, 0min2sec
step:8390/13000, actic loss:-8.845, critic loss:2.432, L:8.757, 0min2sec
step:8400/13000, actic loss:-8.835, critic loss:2.429, L:8.754, 0min2sec
step:8410/13000, actic loss:-8.825, critic loss:2.427, L:8.751, 0min2sec
step:8420/13000, actic loss:-8.814, critic loss:2.424, L:8.749, 0min2sec
step:8430/13000, actic loss:-8.804, critic loss:2.421, L:8.746, 0min2sec
step:8440/13000, actic loss:-8.794, critic loss:2.419, L:8.743, 0min2sec
step:8450/13000, actic loss:-8.783, critic loss:2.416, L:8.741, 0min2sec
step:8460/13000, actic loss:-8.773, critic loss:2.413, L:8.738, 0min2sec
step:8470/13000, actic loss:-8.763, critic loss:2.411, L:8.735, 0min2sec
step:8480/13000, actic loss:-8.753, critic loss:2.408, L:8.732, 0min2sec
step:8490/13000, actic loss:-8.743, critic loss:2.405, L:8.730, 0min2sec
step:8500/13000, actic loss:-8.732, critic loss:2.402, L:8.727, 0min2sec
step:8510/13000, actic loss:-8.722, critic loss:2.400, L:8.724, 0min2sec
step:8520/13000, actic loss:-8.712, critic loss:2.397, L:8.722, 0min2sec
step:8530/13000, actic loss:-8.702, critic loss:2.395, L:8.719, 0min2sec
step:8540/13000, actic loss:-8.692, critic loss:2.392, L:8.716, 0min2sec
step:8550/13000, actic loss:-8.682, critic loss:2.389, L:8.713, 0min2sec
step:8560/13000, actic loss:-8.672, critic loss:2.387, L:8.711, 0min2sec
step:8570/13000, actic loss:-8.662, critic loss:2.384, L:8.708, 0min2sec
step:8580/13000, actic loss:-8.652, critic loss:2.381, L:8.706, 0min2sec
step:8590/13000, actic loss:-8.642, critic loss:2.379, L:8.703, 0min2sec
step:8600/13000, actic loss:-8.633, critic loss:2.376, L:8.700, 0min2sec
step:8610/13000, actic loss:-8.623, critic loss:2.374, L:8.697, 0min2sec
step:8620/13000, actic loss:-8.613, critic loss:2.371, L:8.695, 0min2sec
step:8630/13000, actic loss:-8.603, critic loss:2.368, L:8.692, 0min2sec
step:8640/13000, actic loss:-8.593, critic loss:2.366, L:8.690, 0min2sec
step:8650/13000, actic loss:-8.583, critic loss:2.363, L:8.687, 0min2sec
step:8660/13000, actic loss:-8.574, critic loss:2.361, L:8.684, 0min2sec
step:8670/13000, actic loss:-8.564, critic loss:2.358, L:8.682, 0min2sec
step:8680/13000, actic loss:-8.554, critic loss:2.356, L:8.679, 0min2sec
step:8690/13000, actic loss:-8.545, critic loss:2.353, L:8.676, 0min2sec
step:8700/13000, actic loss:-8.535, critic loss:2.350, L:8.674, 0min2sec
step:8710/13000, actic loss:-8.525, critic loss:2.348, L:8.671, 0min2sec
step:8720/13000, actic loss:-8.515, critic loss:2.345, L:8.669, 0min2sec
step:8730/13000, actic loss:-8.506, critic loss:2.343, L:8.666, 0min2sec
step:8740/13000, actic loss:-8.496, critic loss:2.340, L:8.663, 0min2sec
step:8750/13000, actic loss:-8.487, critic loss:2.338, L:8.661, 0min2sec
step:8760/13000, actic loss:-8.477, critic loss:2.335, L:8.658, 0min2sec
step:8770/13000, actic loss:-8.468, critic loss:2.333, L:8.656, 0min2sec
step:8780/13000, actic loss:-8.458, critic loss:2.330, L:8.653, 0min2sec
step:8790/13000, actic loss:-8.449, critic loss:2.328, L:8.651, 0min2sec
step:8800/13000, actic loss:-8.439, critic loss:2.325, L:8.648, 0min2sec
step:8810/13000, actic loss:-8.430, critic loss:2.323, L:8.646, 0min2sec
step:8820/13000, actic loss:-8.420, critic loss:2.320, L:8.643, 0min2sec
step:8830/13000, actic loss:-8.411, critic loss:2.318, L:8.641, 0min2sec
step:8840/13000, actic loss:-8.401, critic loss:2.315, L:8.638, 0min2sec
step:8850/13000, actic loss:-8.392, critic loss:2.313, L:8.636, 0min2sec
step:8860/13000, actic loss:-8.383, critic loss:2.310, L:8.633, 0min2sec
step:8870/13000, actic loss:-8.373, critic loss:2.308, L:8.631, 0min2sec
step:8880/13000, actic loss:-8.364, critic loss:2.305, L:8.628, 0min2sec
step:8890/13000, actic loss:-8.355, critic loss:2.303, L:8.626, 0min2sec
step:8900/13000, actic loss:-8.346, critic loss:2.301, L:8.623, 0min2sec
step:8910/13000, actic loss:-8.337, critic loss:2.298, L:8.621, 0min2sec
step:8920/13000, actic loss:-8.327, critic loss:2.296, L:8.618, 0min2sec
step:8930/13000, actic loss:-8.318, critic loss:2.293, L:8.616, 0min2sec
step:8940/13000, actic loss:-8.309, critic loss:2.291, L:8.613, 0min2sec
step:8950/13000, actic loss:-8.299, critic loss:2.288, L:8.611, 0min2sec
step:8960/13000, actic loss:-8.290, critic loss:2.286, L:8.608, 0min2sec
step:8970/13000, actic loss:-8.281, critic loss:2.284, L:8.606, 0min2sec
step:8980/13000, actic loss:-8.272, critic loss:2.281, L:8.603, 0min2sec
step:8990/13000, actic loss:-8.263, critic loss:2.279, L:8.601, 0min2sec
step:9000/13000, actic loss:-8.254, critic loss:2.276, L:8.598, 0min2sec
step:9010/13000, actic loss:-8.245, critic loss:2.274, L:8.596, 0min2sec
step:9020/13000, actic loss:-8.236, critic loss:2.272, L:8.594, 0min2sec
step:9030/13000, actic loss:-8.227, critic loss:2.269, L:8.591, 0min2sec
step:9040/13000, actic loss:-8.218, critic loss:2.267, L:8.589, 0min2sec
step:9050/13000, actic loss:-8.209, critic loss:2.265, L:8.587, 0min2sec
step:9060/13000, actic loss:-8.200, critic loss:2.262, L:8.584, 0min2sec
step:9070/13000, actic loss:-8.191, critic loss:2.260, L:8.582, 0min2sec
step:9080/13000, actic loss:-8.182, critic loss:2.258, L:8.579, 0min2sec
step:9090/13000, actic loss:-8.173, critic loss:2.255, L:8.577, 0min2sec
step:9100/13000, actic loss:-8.165, critic loss:2.253, L:8.575, 0min2sec
step:9110/13000, actic loss:-8.156, critic loss:2.251, L:8.572, 0min2sec
step:9120/13000, actic loss:-8.147, critic loss:2.248, L:8.570, 0min2sec
step:9130/13000, actic loss:-8.138, critic loss:2.246, L:8.568, 0min2sec
step:9140/13000, actic loss:-8.130, critic loss:2.244, L:8.565, 0min2sec
step:9150/13000, actic loss:-8.121, critic loss:2.241, L:8.563, 0min2sec
step:9160/13000, actic loss:-8.112, critic loss:2.239, L:8.561, 0min2sec
step:9170/13000, actic loss:-8.103, critic loss:2.237, L:8.558, 0min2sec
step:9180/13000, actic loss:-8.095, critic loss:2.235, L:8.556, 0min2sec
step:9190/13000, actic loss:-8.086, critic loss:2.232, L:8.554, 0min2sec
step:9200/13000, actic loss:-8.077, critic loss:2.230, L:8.551, 0min2sec
step:9210/13000, actic loss:-8.069, critic loss:2.228, L:8.549, 0min2sec
step:9220/13000, actic loss:-8.060, critic loss:2.225, L:8.547, 0min2sec
step:9230/13000, actic loss:-8.052, critic loss:2.223, L:8.545, 0min2sec
step:9240/13000, actic loss:-8.043, critic loss:2.221, L:8.542, 0min2sec
step:9250/13000, actic loss:-8.035, critic loss:2.219, L:8.540, 0min2sec
step:9260/13000, actic loss:-8.026, critic loss:2.216, L:8.538, 0min2sec
step:9270/13000, actic loss:-8.017, critic loss:2.214, L:8.535, 0min2sec
step:9280/13000, actic loss:-8.009, critic loss:2.212, L:8.533, 0min2sec
step:9290/13000, actic loss:-8.000, critic loss:2.210, L:8.531, 0min2sec
step:9300/13000, actic loss:-7.992, critic loss:2.207, L:8.529, 0min2sec
step:9310/13000, actic loss:-7.983, critic loss:2.205, L:8.526, 0min2sec
step:9320/13000, actic loss:-7.975, critic loss:2.203, L:8.524, 0min2sec
step:9330/13000, actic loss:-7.966, critic loss:2.201, L:8.522, 0min2sec
step:9340/13000, actic loss:-7.958, critic loss:2.199, L:8.520, 0min2sec
step:9350/13000, actic loss:-7.950, critic loss:2.196, L:8.517, 0min2sec
step:9360/13000, actic loss:-7.942, critic loss:2.194, L:8.515, 0min2sec
step:9370/13000, actic loss:-7.933, critic loss:2.192, L:8.513, 0min2sec
step:9380/13000, actic loss:-7.925, critic loss:2.190, L:8.511, 0min2sec
step:9390/13000, actic loss:-7.917, critic loss:2.188, L:8.508, 0min2sec
step:9400/13000, actic loss:-7.908, critic loss:2.185, L:8.506, 0min2sec
step:9410/13000, actic loss:-7.900, critic loss:2.183, L:8.504, 0min2sec
step:9420/13000, actic loss:-7.892, critic loss:2.181, L:8.502, 0min2sec
step:9430/13000, actic loss:-7.884, critic loss:2.179, L:8.500, 0min2sec
step:9440/13000, actic loss:-7.876, critic loss:2.177, L:8.497, 0min2sec
step:9450/13000, actic loss:-7.867, critic loss:2.175, L:8.495, 0min2sec
step:9460/13000, actic loss:-7.859, critic loss:2.172, L:8.493, 0min2sec
step:9470/13000, actic loss:-7.851, critic loss:2.170, L:8.491, 0min2sec
step:9480/13000, actic loss:-7.843, critic loss:2.168, L:8.489, 0min2sec
step:9490/13000, actic loss:-7.835, critic loss:2.166, L:8.486, 0min2sec
step:9500/13000, actic loss:-7.826, critic loss:2.164, L:8.484, 0min2sec
step:9510/13000, actic loss:-7.818, critic loss:2.162, L:8.482, 0min2sec
step:9520/13000, actic loss:-7.810, critic loss:2.160, L:8.480, 0min2sec
step:9530/13000, actic loss:-7.802, critic loss:2.157, L:8.478, 0min2sec
step:9540/13000, actic loss:-7.794, critic loss:2.155, L:8.476, 0min2sec
step:9550/13000, actic loss:-7.786, critic loss:2.153, L:8.473, 0min2sec
step:9560/13000, actic loss:-7.778, critic loss:2.151, L:8.471, 0min2sec
step:9570/13000, actic loss:-7.770, critic loss:2.149, L:8.469, 0min2sec
step:9580/13000, actic loss:-7.762, critic loss:2.147, L:8.467, 0min2sec
step:9590/13000, actic loss:-7.754, critic loss:2.145, L:8.465, 0min2sec
step:9600/13000, actic loss:-7.746, critic loss:2.143, L:8.463, 0min2sec
step:9610/13000, actic loss:-7.738, critic loss:2.141, L:8.460, 0min2sec
step:9620/13000, actic loss:-7.730, critic loss:2.138, L:8.458, 0min2sec
step:9630/13000, actic loss:-7.722, critic loss:2.136, L:8.456, 0min2sec
step:9640/13000, actic loss:-7.714, critic loss:2.134, L:8.454, 0min2sec
step:9650/13000, actic loss:-7.707, critic loss:2.132, L:8.452, 0min2sec
step:9660/13000, actic loss:-7.699, critic loss:2.130, L:8.450, 0min2sec
step:9670/13000, actic loss:-7.691, critic loss:2.128, L:8.448, 0min2sec
step:9680/13000, actic loss:-7.683, critic loss:2.126, L:8.446, 0min2sec
step:9690/13000, actic loss:-7.675, critic loss:2.124, L:8.443, 0min2sec
step:9700/13000, actic loss:-7.668, critic loss:2.122, L:8.441, 0min2sec
step:9710/13000, actic loss:-7.660, critic loss:2.120, L:8.439, 0min2sec
step:9720/13000, actic loss:-7.652, critic loss:2.118, L:8.437, 0min2sec
step:9730/13000, actic loss:-7.644, critic loss:2.116, L:8.435, 0min2sec
step:9740/13000, actic loss:-7.637, critic loss:2.114, L:8.433, 0min2sec
step:9750/13000, actic loss:-7.629, critic loss:2.112, L:8.431, 0min2sec
step:9760/13000, actic loss:-7.621, critic loss:2.110, L:8.429, 0min2sec
step:9770/13000, actic loss:-7.613, critic loss:2.108, L:8.427, 0min2sec
step:9780/13000, actic loss:-7.606, critic loss:2.106, L:8.425, 0min2sec
step:9790/13000, actic loss:-7.598, critic loss:2.104, L:8.423, 0min2sec
step:9800/13000, actic loss:-7.590, critic loss:2.102, L:8.421, 0min2sec
step:9810/13000, actic loss:-7.583, critic loss:2.100, L:8.419, 0min2sec
step:9820/13000, actic loss:-7.575, critic loss:2.098, L:8.417, 0min2sec
step:9830/13000, actic loss:-7.567, critic loss:2.096, L:8.415, 0min2sec
step:9840/13000, actic loss:-7.560, critic loss:2.094, L:8.413, 0min2sec
step:9850/13000, actic loss:-7.552, critic loss:2.092, L:8.410, 0min2sec
step:9860/13000, actic loss:-7.545, critic loss:2.090, L:8.408, 0min2sec
step:9870/13000, actic loss:-7.537, critic loss:2.088, L:8.406, 0min2sec
step:9880/13000, actic loss:-7.530, critic loss:2.086, L:8.404, 0min2sec
step:9890/13000, actic loss:-7.522, critic loss:2.084, L:8.402, 0min2sec
step:9900/13000, actic loss:-7.515, critic loss:2.082, L:8.400, 0min2sec
step:9910/13000, actic loss:-7.507, critic loss:2.080, L:8.398, 0min2sec
step:9920/13000, actic loss:-7.500, critic loss:2.078, L:8.396, 0min2sec
step:9930/13000, actic loss:-7.492, critic loss:2.076, L:8.394, 0min2sec
step:9940/13000, actic loss:-7.485, critic loss:2.074, L:8.392, 0min2sec
step:9950/13000, actic loss:-7.477, critic loss:2.072, L:8.390, 0min2sec
step:9960/13000, actic loss:-7.470, critic loss:2.070, L:8.388, 0min2sec
step:9970/13000, actic loss:-7.462, critic loss:2.068, L:8.386, 0min2sec
step:9980/13000, actic loss:-7.455, critic loss:2.066, L:8.384, 0min2sec
step:9990/13000, actic loss:-7.447, critic loss:2.064, L:8.382, 0min2sec
step:10000/13000, actic loss:-7.440, critic loss:2.062, L:8.380, 0min2sec
step:10010/13000, actic loss:-7.433, critic loss:2.060, L:8.378, 0min2sec
step:10020/13000, actic loss:-7.425, critic loss:2.058, L:8.376, 0min2sec
step:10030/13000, actic loss:-7.418, critic loss:2.057, L:8.375, 0min2sec
step:10040/13000, actic loss:-7.411, critic loss:2.055, L:8.373, 0min2sec
step:10050/13000, actic loss:-7.404, critic loss:2.053, L:8.371, 0min2sec
step:10060/13000, actic loss:-7.396, critic loss:2.051, L:8.369, 0min2sec
step:10070/13000, actic loss:-7.389, critic loss:2.049, L:8.367, 0min2sec
step:10080/13000, actic loss:-7.382, critic loss:2.047, L:8.365, 0min2sec
step:10090/13000, actic loss:-7.375, critic loss:2.045, L:8.363, 0min2sec
step:10100/13000, actic loss:-7.368, critic loss:2.043, L:8.361, 0min2sec
step:10110/13000, actic loss:-7.361, critic loss:2.041, L:8.359, 0min2sec
step:10120/13000, actic loss:-7.354, critic loss:2.039, L:8.357, 0min2sec
step:10130/13000, actic loss:-7.346, critic loss:2.038, L:8.355, 0min2sec
step:10140/13000, actic loss:-7.339, critic loss:2.036, L:8.353, 0min2sec
step:10150/13000, actic loss:-7.332, critic loss:2.034, L:8.351, 0min2sec
step:10160/13000, actic loss:-7.325, critic loss:2.032, L:8.349, 0min2sec
step:10170/13000, actic loss:-7.318, critic loss:2.030, L:8.348, 0min2sec
step:10180/13000, actic loss:-7.311, critic loss:2.028, L:8.346, 0min2sec
step:10190/13000, actic loss:-7.304, critic loss:2.026, L:8.344, 0min2sec
step:10200/13000, actic loss:-7.296, critic loss:2.024, L:8.342, 0min2sec
step:10210/13000, actic loss:-7.289, critic loss:2.023, L:8.340, 0min2sec
step:10220/13000, actic loss:-7.283, critic loss:2.021, L:8.338, 0min2sec
step:10230/13000, actic loss:-7.275, critic loss:2.019, L:8.336, 0min2sec
step:10240/13000, actic loss:-7.268, critic loss:2.017, L:8.334, 0min2sec
step:10250/13000, actic loss:-7.261, critic loss:2.015, L:8.332, 0min2sec
step:10260/13000, actic loss:-7.254, critic loss:2.013, L:8.330, 0min2sec
step:10270/13000, actic loss:-7.247, critic loss:2.011, L:8.328, 0min2sec
step:10280/13000, actic loss:-7.240, critic loss:2.010, L:8.327, 0min2sec
step:10290/13000, actic loss:-7.233, critic loss:2.008, L:8.325, 0min2sec
step:10300/13000, actic loss:-7.226, critic loss:2.006, L:8.323, 0min2sec
step:10310/13000, actic loss:-7.220, critic loss:2.004, L:8.321, 0min2sec
step:10320/13000, actic loss:-7.213, critic loss:2.002, L:8.319, 0min2sec
step:10330/13000, actic loss:-7.206, critic loss:2.001, L:8.317, 0min2sec
step:10340/13000, actic loss:-7.199, critic loss:1.999, L:8.315, 0min2sec
step:10350/13000, actic loss:-7.192, critic loss:1.997, L:8.313, 0min2sec
step:10360/13000, actic loss:-7.185, critic loss:1.995, L:8.311, 0min2sec
step:10370/13000, actic loss:-7.178, critic loss:1.993, L:8.310, 0min2sec
step:10380/13000, actic loss:-7.171, critic loss:1.992, L:8.308, 0min2sec
step:10390/13000, actic loss:-7.165, critic loss:1.990, L:8.306, 0min2sec
step:10400/13000, actic loss:-7.158, critic loss:1.988, L:8.304, 0min2sec
step:10410/13000, actic loss:-7.151, critic loss:1.986, L:8.302, 0min2sec
step:10420/13000, actic loss:-7.144, critic loss:1.984, L:8.300, 0min2sec
step:10430/13000, actic loss:-7.138, critic loss:1.983, L:8.299, 0min2sec
step:10440/13000, actic loss:-7.131, critic loss:1.981, L:8.297, 0min2sec
step:10450/13000, actic loss:-7.124, critic loss:1.979, L:8.295, 0min2sec
step:10460/13000, actic loss:-7.117, critic loss:1.977, L:8.293, 0min2sec
step:10470/13000, actic loss:-7.111, critic loss:1.976, L:8.291, 0min2sec
step:10480/13000, actic loss:-7.104, critic loss:1.974, L:8.290, 0min2sec
step:10490/13000, actic loss:-7.097, critic loss:1.972, L:8.288, 0min2sec
step:10500/13000, actic loss:-7.091, critic loss:1.970, L:8.286, 0min2sec
step:10510/13000, actic loss:-7.084, critic loss:1.968, L:8.284, 0min2sec
step:10520/13000, actic loss:-7.077, critic loss:1.967, L:8.282, 0min2sec
step:10530/13000, actic loss:-7.071, critic loss:1.965, L:8.281, 0min2sec
step:10540/13000, actic loss:-7.064, critic loss:1.963, L:8.279, 0min2sec
step:10550/13000, actic loss:-7.057, critic loss:1.962, L:8.277, 0min2sec
step:10560/13000, actic loss:-7.051, critic loss:1.960, L:8.275, 0min2sec
step:10570/13000, actic loss:-7.044, critic loss:1.958, L:8.274, 0min2sec
step:10580/13000, actic loss:-7.038, critic loss:1.956, L:8.272, 0min2sec
step:10590/13000, actic loss:-7.031, critic loss:1.955, L:8.270, 0min2sec
step:10600/13000, actic loss:-7.025, critic loss:1.953, L:8.268, 0min2sec
step:10610/13000, actic loss:-7.018, critic loss:1.951, L:8.267, 0min2sec
step:10620/13000, actic loss:-7.012, critic loss:1.949, L:8.265, 0min2sec
step:10630/13000, actic loss:-7.005, critic loss:1.948, L:8.263, 0min2sec
step:10640/13000, actic loss:-6.999, critic loss:1.946, L:8.261, 0min2sec
step:10650/13000, actic loss:-6.992, critic loss:1.944, L:8.260, 0min2sec
step:10660/13000, actic loss:-6.986, critic loss:1.943, L:8.258, 0min2sec
step:10670/13000, actic loss:-6.979, critic loss:1.941, L:8.256, 0min2sec
step:10680/13000, actic loss:-6.973, critic loss:1.939, L:8.254, 0min2sec
step:10690/13000, actic loss:-6.966, critic loss:1.938, L:8.253, 0min2sec
step:10700/13000, actic loss:-6.960, critic loss:1.936, L:8.251, 0min2sec
step:10710/13000, actic loss:-6.953, critic loss:1.934, L:8.249, 0min2sec
step:10720/13000, actic loss:-6.947, critic loss:1.933, L:8.247, 0min2sec
step:10730/13000, actic loss:-6.941, critic loss:1.931, L:8.246, 0min2sec
step:10740/13000, actic loss:-6.935, critic loss:1.929, L:8.244, 0min2sec
step:10750/13000, actic loss:-6.928, critic loss:1.927, L:8.242, 0min2sec
step:10760/13000, actic loss:-6.922, critic loss:1.926, L:8.241, 0min2sec
step:10770/13000, actic loss:-6.915, critic loss:1.924, L:8.239, 0min2sec
step:10780/13000, actic loss:-6.909, critic loss:1.922, L:8.237, 0min2sec
step:10790/13000, actic loss:-6.903, critic loss:1.921, L:8.236, 0min2sec
step:10800/13000, actic loss:-6.897, critic loss:1.919, L:8.234, 0min2sec
step:10810/13000, actic loss:-6.890, critic loss:1.918, L:8.232, 0min2sec
step:10820/13000, actic loss:-6.884, critic loss:1.916, L:8.230, 0min2sec
step:10830/13000, actic loss:-6.878, critic loss:1.914, L:8.229, 0min2sec
step:10840/13000, actic loss:-6.872, critic loss:1.913, L:8.227, 0min2sec
step:10850/13000, actic loss:-6.865, critic loss:1.911, L:8.225, 0min2sec
step:10860/13000, actic loss:-6.859, critic loss:1.909, L:8.224, 0min2sec
step:10870/13000, actic loss:-6.853, critic loss:1.908, L:8.222, 0min2sec
step:10880/13000, actic loss:-6.847, critic loss:1.906, L:8.220, 0min2sec
step:10890/13000, actic loss:-6.841, critic loss:1.904, L:8.218, 0min2sec
step:10900/13000, actic loss:-6.834, critic loss:1.903, L:8.217, 0min2sec
step:10910/13000, actic loss:-6.828, critic loss:1.901, L:8.215, 0min2sec
step:10920/13000, actic loss:-6.822, critic loss:1.899, L:8.213, 0min2sec
step:10930/13000, actic loss:-6.816, critic loss:1.898, L:8.212, 0min2sec
step:10940/13000, actic loss:-6.810, critic loss:1.896, L:8.210, 0min2sec
step:10950/13000, actic loss:-6.804, critic loss:1.895, L:8.208, 0min2sec
step:10960/13000, actic loss:-6.798, critic loss:1.893, L:8.207, 0min2sec
step:10970/13000, actic loss:-6.791, critic loss:1.891, L:8.205, 0min2sec
step:10980/13000, actic loss:-6.785, critic loss:1.890, L:8.203, 0min2sec
step:10990/13000, actic loss:-6.779, critic loss:1.888, L:8.202, 0min2sec
step:11000/13000, actic loss:-6.773, critic loss:1.887, L:8.200, 0min2sec
step:11010/13000, actic loss:-6.767, critic loss:1.885, L:8.198, 0min2sec
step:11020/13000, actic loss:-6.761, critic loss:1.883, L:8.197, 0min2sec
step:11030/13000, actic loss:-6.755, critic loss:1.882, L:8.195, 0min2sec
step:11040/13000, actic loss:-6.749, critic loss:1.880, L:8.193, 0min2sec
step:11050/13000, actic loss:-6.743, critic loss:1.879, L:8.192, 0min2sec
step:11060/13000, actic loss:-6.737, critic loss:1.877, L:8.190, 0min2sec
step:11070/13000, actic loss:-6.731, critic loss:1.876, L:8.188, 0min2sec
step:11080/13000, actic loss:-6.725, critic loss:1.874, L:8.187, 0min2sec
step:11090/13000, actic loss:-6.719, critic loss:1.872, L:8.185, 0min2sec
step:11100/13000, actic loss:-6.713, critic loss:1.871, L:8.184, 0min2sec
step:11110/13000, actic loss:-6.707, critic loss:1.869, L:8.182, 0min2sec
step:11120/13000, actic loss:-6.701, critic loss:1.868, L:8.180, 0min2sec
step:11130/13000, actic loss:-6.696, critic loss:1.866, L:8.179, 0min2sec
step:11140/13000, actic loss:-6.690, critic loss:1.865, L:8.177, 0min2sec
step:11150/13000, actic loss:-6.684, critic loss:1.863, L:8.176, 0min2sec
step:11160/13000, actic loss:-6.678, critic loss:1.861, L:8.174, 0min2sec
step:11170/13000, actic loss:-6.672, critic loss:1.860, L:8.172, 0min2sec
step:11180/13000, actic loss:-6.666, critic loss:1.858, L:8.171, 0min2sec
step:11190/13000, actic loss:-6.660, critic loss:1.857, L:8.169, 0min2sec
step:11200/13000, actic loss:-6.654, critic loss:1.855, L:8.168, 0min2sec
step:11210/13000, actic loss:-6.649, critic loss:1.854, L:8.166, 0min2sec
step:11220/13000, actic loss:-6.643, critic loss:1.852, L:8.164, 0min2sec
step:11230/13000, actic loss:-6.637, critic loss:1.851, L:8.163, 0min2sec
step:11240/13000, actic loss:-6.631, critic loss:1.849, L:8.161, 0min2sec
step:11250/13000, actic loss:-6.625, critic loss:1.848, L:8.160, 0min2sec
step:11260/13000, actic loss:-6.620, critic loss:1.846, L:8.158, 0min2sec
step:11270/13000, actic loss:-6.614, critic loss:1.844, L:8.157, 0min2sec
step:11280/13000, actic loss:-6.608, critic loss:1.843, L:8.155, 0min2sec
step:11290/13000, actic loss:-6.602, critic loss:1.841, L:8.153, 0min2sec
step:11300/13000, actic loss:-6.597, critic loss:1.840, L:8.152, 0min2sec
step:11310/13000, actic loss:-6.591, critic loss:1.838, L:8.150, 0min2sec
step:11320/13000, actic loss:-6.585, critic loss:1.837, L:8.149, 0min2sec
step:11330/13000, actic loss:-6.579, critic loss:1.835, L:8.147, 0min2sec
step:11340/13000, actic loss:-6.573, critic loss:1.834, L:8.146, 0min2sec
step:11350/13000, actic loss:-6.568, critic loss:1.832, L:8.144, 0min2sec
step:11360/13000, actic loss:-6.562, critic loss:1.831, L:8.143, 0min2sec
step:11370/13000, actic loss:-6.556, critic loss:1.829, L:8.141, 0min2sec
step:11380/13000, actic loss:-6.551, critic loss:1.828, L:8.139, 0min2sec
step:11390/13000, actic loss:-6.545, critic loss:1.826, L:8.138, 0min2sec
step:11400/13000, actic loss:-6.539, critic loss:1.825, L:8.136, 0min2sec
step:11410/13000, actic loss:-6.534, critic loss:1.823, L:8.135, 0min2sec
step:11420/13000, actic loss:-6.528, critic loss:1.822, L:8.133, 0min2sec
step:11430/13000, actic loss:-6.523, critic loss:1.820, L:8.132, 0min2sec
step:11440/13000, actic loss:-6.517, critic loss:1.819, L:8.130, 0min2sec
step:11450/13000, actic loss:-6.511, critic loss:1.817, L:8.129, 0min1sec
step:11460/13000, actic loss:-6.506, critic loss:1.816, L:8.127, 0min1sec
step:11470/13000, actic loss:-6.500, critic loss:1.815, L:8.126, 0min1sec
step:11480/13000, actic loss:-6.495, critic loss:1.813, L:8.124, 0min1sec
step:11490/13000, actic loss:-6.489, critic loss:1.812, L:8.123, 0min1sec
step:11500/13000, actic loss:-6.484, critic loss:1.810, L:8.121, 0min1sec
step:11510/13000, actic loss:-6.478, critic loss:1.809, L:8.120, 0min1sec
step:11520/13000, actic loss:-6.473, critic loss:1.807, L:8.118, 0min1sec
step:11530/13000, actic loss:-6.467, critic loss:1.806, L:8.117, 0min1sec
step:11540/13000, actic loss:-6.461, critic loss:1.804, L:8.115, 0min1sec
step:11550/13000, actic loss:-6.456, critic loss:1.803, L:8.114, 0min1sec
step:11560/13000, actic loss:-6.450, critic loss:1.801, L:8.112, 0min1sec
step:11570/13000, actic loss:-6.445, critic loss:1.800, L:8.111, 0min1sec
step:11580/13000, actic loss:-6.439, critic loss:1.799, L:8.109, 0min1sec
step:11590/13000, actic loss:-6.434, critic loss:1.797, L:8.108, 0min1sec
step:11600/13000, actic loss:-6.429, critic loss:1.796, L:8.106, 0min1sec
step:11610/13000, actic loss:-6.423, critic loss:1.794, L:8.105, 0min1sec
step:11620/13000, actic loss:-6.418, critic loss:1.793, L:8.103, 0min1sec
step:11630/13000, actic loss:-6.412, critic loss:1.791, L:8.102, 0min1sec
step:11640/13000, actic loss:-6.407, critic loss:1.790, L:8.100, 0min1sec
step:11650/13000, actic loss:-6.401, critic loss:1.788, L:8.099, 0min1sec
step:11660/13000, actic loss:-6.396, critic loss:1.787, L:8.097, 0min1sec
step:11670/13000, actic loss:-6.390, critic loss:1.786, L:8.096, 0min1sec
step:11680/13000, actic loss:-6.385, critic loss:1.784, L:8.095, 0min1sec
step:11690/13000, actic loss:-6.380, critic loss:1.783, L:8.093, 0min1sec
step:11700/13000, actic loss:-6.374, critic loss:1.781, L:8.092, 0min1sec
step:11710/13000, actic loss:-6.369, critic loss:1.780, L:8.090, 0min1sec
step:11720/13000, actic loss:-6.364, critic loss:1.779, L:8.089, 0min1sec
step:11730/13000, actic loss:-6.358, critic loss:1.777, L:8.087, 0min1sec
step:11740/13000, actic loss:-6.353, critic loss:1.776, L:8.086, 0min1sec
step:11750/13000, actic loss:-6.348, critic loss:1.774, L:8.084, 0min1sec
step:11760/13000, actic loss:-6.342, critic loss:1.773, L:8.083, 0min1sec
step:11770/13000, actic loss:-6.337, critic loss:1.772, L:8.081, 0min1sec
step:11780/13000, actic loss:-6.332, critic loss:1.770, L:8.080, 0min1sec
step:11790/13000, actic loss:-6.326, critic loss:1.769, L:8.079, 0min1sec
step:11800/13000, actic loss:-6.321, critic loss:1.767, L:8.077, 0min1sec
step:11810/13000, actic loss:-6.316, critic loss:1.766, L:8.076, 0min1sec
step:11820/13000, actic loss:-6.311, critic loss:1.765, L:8.074, 0min1sec
step:11830/13000, actic loss:-6.305, critic loss:1.763, L:8.073, 0min1sec
step:11840/13000, actic loss:-6.300, critic loss:1.762, L:8.071, 0min1sec
step:11850/13000, actic loss:-6.295, critic loss:1.760, L:8.070, 0min1sec
step:11860/13000, actic loss:-6.290, critic loss:1.759, L:8.068, 0min1sec
step:11870/13000, actic loss:-6.285, critic loss:1.758, L:8.067, 0min1sec
step:11880/13000, actic loss:-6.280, critic loss:1.756, L:8.065, 0min1sec
step:11890/13000, actic loss:-6.274, critic loss:1.755, L:8.064, 0min1sec
step:11900/13000, actic loss:-6.269, critic loss:1.753, L:8.063, 0min1sec
step:11910/13000, actic loss:-6.264, critic loss:1.752, L:8.061, 0min1sec
step:11920/13000, actic loss:-6.259, critic loss:1.751, L:8.060, 0min1sec
step:11930/13000, actic loss:-6.254, critic loss:1.749, L:8.058, 0min1sec
step:11940/13000, actic loss:-6.248, critic loss:1.748, L:8.057, 0min1sec
step:11950/13000, actic loss:-6.243, critic loss:1.747, L:8.055, 0min1sec
step:11960/13000, actic loss:-6.238, critic loss:1.745, L:8.054, 0min1sec
step:11970/13000, actic loss:-6.233, critic loss:1.744, L:8.053, 0min1sec
step:11980/13000, actic loss:-6.228, critic loss:1.743, L:8.051, 0min1sec
step:11990/13000, actic loss:-6.223, critic loss:1.741, L:8.050, 0min1sec
step:12000/13000, actic loss:-6.218, critic loss:1.740, L:8.049, 0min1sec
step:12010/13000, actic loss:-6.213, critic loss:1.739, L:8.047, 0min1sec
step:12020/13000, actic loss:-6.208, critic loss:1.737, L:8.046, 0min1sec
step:12030/13000, actic loss:-6.203, critic loss:1.736, L:8.044, 0min1sec
step:12040/13000, actic loss:-6.198, critic loss:1.735, L:8.043, 0min1sec
step:12050/13000, actic loss:-6.192, critic loss:1.733, L:8.042, 0min1sec
step:12060/13000, actic loss:-6.187, critic loss:1.732, L:8.040, 0min1sec
step:12070/13000, actic loss:-6.182, critic loss:1.731, L:8.039, 0min1sec
step:12080/13000, actic loss:-6.177, critic loss:1.729, L:8.037, 0min1sec
step:12090/13000, actic loss:-6.172, critic loss:1.728, L:8.036, 0min1sec
step:12100/13000, actic loss:-6.167, critic loss:1.727, L:8.035, 0min1sec
step:12110/13000, actic loss:-6.162, critic loss:1.725, L:8.033, 0min1sec
step:12120/13000, actic loss:-6.157, critic loss:1.724, L:8.032, 0min1sec
step:12130/13000, actic loss:-6.152, critic loss:1.723, L:8.031, 0min1sec
step:12140/13000, actic loss:-6.147, critic loss:1.721, L:8.029, 0min1sec
step:12150/13000, actic loss:-6.142, critic loss:1.720, L:8.028, 0min1sec
step:12160/13000, actic loss:-6.137, critic loss:1.719, L:8.026, 0min1sec
step:12170/13000, actic loss:-6.133, critic loss:1.717, L:8.025, 0min1sec
step:12180/13000, actic loss:-6.128, critic loss:1.716, L:8.024, 0min1sec
step:12190/13000, actic loss:-6.123, critic loss:1.715, L:8.022, 0min1sec
step:12200/13000, actic loss:-6.118, critic loss:1.713, L:8.021, 0min1sec
step:12210/13000, actic loss:-6.113, critic loss:1.712, L:8.020, 0min1sec
step:12220/13000, actic loss:-6.108, critic loss:1.711, L:8.018, 0min1sec
step:12230/13000, actic loss:-6.103, critic loss:1.710, L:8.017, 0min1sec
step:12240/13000, actic loss:-6.098, critic loss:1.708, L:8.016, 0min1sec
step:12250/13000, actic loss:-6.093, critic loss:1.707, L:8.014, 0min1sec
step:12260/13000, actic loss:-6.088, critic loss:1.706, L:8.013, 0min1sec
step:12270/13000, actic loss:-6.083, critic loss:1.704, L:8.012, 0min1sec
step:12280/13000, actic loss:-6.078, critic loss:1.703, L:8.010, 0min1sec
step:12290/13000, actic loss:-6.073, critic loss:1.702, L:8.009, 0min1sec
step:12300/13000, actic loss:-6.069, critic loss:1.701, L:8.008, 0min1sec
step:12310/13000, actic loss:-6.064, critic loss:1.699, L:8.006, 0min1sec
step:12320/13000, actic loss:-6.059, critic loss:1.698, L:8.005, 0min1sec
step:12330/13000, actic loss:-6.054, critic loss:1.697, L:8.004, 0min1sec
step:12340/13000, actic loss:-6.049, critic loss:1.696, L:8.002, 0min1sec
step:12350/13000, actic loss:-6.045, critic loss:1.694, L:8.001, 0min1sec
step:12360/13000, actic loss:-6.040, critic loss:1.693, L:8.000, 0min1sec
step:12370/13000, actic loss:-6.035, critic loss:1.692, L:7.999, 0min1sec
step:12380/13000, actic loss:-6.030, critic loss:1.690, L:7.997, 0min1sec
step:12390/13000, actic loss:-6.025, critic loss:1.689, L:7.996, 0min1sec
step:12400/13000, actic loss:-6.021, critic loss:1.688, L:7.995, 0min1sec
step:12410/13000, actic loss:-6.016, critic loss:1.687, L:7.993, 0min1sec
step:12420/13000, actic loss:-6.011, critic loss:1.685, L:7.992, 0min1sec
step:12430/13000, actic loss:-6.006, critic loss:1.684, L:7.991, 0min1sec
step:12440/13000, actic loss:-6.002, critic loss:1.683, L:7.989, 0min1sec
step:12450/13000, actic loss:-5.997, critic loss:1.682, L:7.988, 0min1sec
step:12460/13000, actic loss:-5.992, critic loss:1.680, L:7.987, 0min1sec
step:12470/13000, actic loss:-5.988, critic loss:1.679, L:7.985, 0min1sec
step:12480/13000, actic loss:-5.983, critic loss:1.678, L:7.984, 0min1sec
step:12490/13000, actic loss:-5.978, critic loss:1.677, L:7.983, 0min1sec
step:12500/13000, actic loss:-5.973, critic loss:1.675, L:7.982, 0min1sec
step:12510/13000, actic loss:-5.968, critic loss:1.674, L:7.980, 0min1sec
step:12520/13000, actic loss:-5.964, critic loss:1.673, L:7.979, 0min1sec
step:12530/13000, actic loss:-5.959, critic loss:1.672, L:7.978, 0min1sec
step:12540/13000, actic loss:-5.954, critic loss:1.671, L:7.977, 0min1sec
step:12550/13000, actic loss:-5.950, critic loss:1.669, L:7.975, 0min1sec
step:12560/13000, actic loss:-5.945, critic loss:1.668, L:7.974, 0min1sec
step:12570/13000, actic loss:-5.940, critic loss:1.667, L:7.973, 0min1sec
step:12580/13000, actic loss:-5.936, critic loss:1.666, L:7.971, 0min1sec
step:12590/13000, actic loss:-5.931, critic loss:1.664, L:7.970, 0min1sec
step:12600/13000, actic loss:-5.927, critic loss:1.663, L:7.969, 0min1sec
step:12610/13000, actic loss:-5.922, critic loss:1.662, L:7.967, 0min1sec
step:12620/13000, actic loss:-5.917, critic loss:1.661, L:7.966, 0min1sec
step:12630/13000, actic loss:-5.913, critic loss:1.659, L:7.965, 0min1sec
step:12640/13000, actic loss:-5.908, critic loss:1.658, L:7.964, 0min1sec
step:12650/13000, actic loss:-5.903, critic loss:1.657, L:7.962, 0min1sec
step:12660/13000, actic loss:-5.899, critic loss:1.656, L:7.961, 0min1sec
step:12670/13000, actic loss:-5.894, critic loss:1.655, L:7.960, 0min1sec
step:12680/13000, actic loss:-5.890, critic loss:1.653, L:7.959, 0min1sec
step:12690/13000, actic loss:-5.885, critic loss:1.652, L:7.957, 0min1sec
step:12700/13000, actic loss:-5.881, critic loss:1.651, L:7.956, 0min1sec
step:12710/13000, actic loss:-5.876, critic loss:1.650, L:7.955, 0min1sec
step:12720/13000, actic loss:-5.871, critic loss:1.649, L:7.954, 0min1sec
step:12730/13000, actic loss:-5.867, critic loss:1.647, L:7.952, 0min1sec
step:12740/13000, actic loss:-5.862, critic loss:1.646, L:7.951, 0min1sec
step:12750/13000, actic loss:-5.858, critic loss:1.645, L:7.950, 0min1sec
step:12760/13000, actic loss:-5.854, critic loss:1.644, L:7.949, 0min1sec
step:12770/13000, actic loss:-5.849, critic loss:1.643, L:7.948, 0min1sec
step:12780/13000, actic loss:-5.845, critic loss:1.641, L:7.946, 0min1sec
step:12790/13000, actic loss:-5.840, critic loss:1.640, L:7.945, 0min1sec
step:12800/13000, actic loss:-5.836, critic loss:1.639, L:7.944, 0min1sec
step:12810/13000, actic loss:-5.831, critic loss:1.638, L:7.943, 0min1sec
step:12820/13000, actic loss:-5.827, critic loss:1.637, L:7.942, 0min1sec
step:12830/13000, actic loss:-5.822, critic loss:1.636, L:7.940, 0min1sec
step:12840/13000, actic loss:-5.818, critic loss:1.634, L:7.939, 0min1sec
step:12850/13000, actic loss:-5.813, critic loss:1.633, L:7.938, 0min1sec
step:12860/13000, actic loss:-5.809, critic loss:1.632, L:7.937, 0min1sec
step:12870/13000, actic loss:-5.804, critic loss:1.631, L:7.935, 0min1sec
step:12880/13000, actic loss:-5.800, critic loss:1.630, L:7.934, 0min1sec
step:12890/13000, actic loss:-5.796, critic loss:1.629, L:7.933, 0min1sec
step:12900/13000, actic loss:-5.791, critic loss:1.627, L:7.932, 0min1sec
step:12910/13000, actic loss:-5.787, critic loss:1.626, L:7.931, 0min1sec
step:12920/13000, actic loss:-5.782, critic loss:1.625, L:7.929, 0min1sec
step:12930/13000, actic loss:-5.778, critic loss:1.624, L:7.928, 0min1sec
step:12940/13000, actic loss:-5.774, critic loss:1.623, L:7.927, 0min1sec
step:12950/13000, actic loss:-5.769, critic loss:1.622, L:7.926, 0min1sec
step:12960/13000, actic loss:-5.765, critic loss:1.620, L:7.925, 0min1sec
step:12970/13000, actic loss:-5.760, critic loss:1.619, L:7.923, 0min1sec
step:12980/13000, actic loss:-5.756, critic loss:1.618, L:7.922, 0min1sec
step:12990/13000, actic loss:-5.752, critic loss:1.617, L:7.921, 0min1sec
save model...
