nohup: 忽略输入
mode: train
batch: 512
city_t: 40
steps: 13000
embed: 128
hidden: 128
clip_logits: 10
softmax_T: 1.0
optim: Adam
init_min: -0.08
init_max: 0.08
n_glimpse: 1
n_process: 3
decode_type: sampling
lr: 0.001
is_lr_decay: True
lr_decay: 0.96
lr_decay_step: 5000.0
act_model_path: Pt/train20_1113_12_12_step14999_act.pt
seed: 1
alpha: 0.99
islogger: True
issaver: True
log_step: 10
log_dir: ./Csv/
model_dir: ./Pt/
pkl_dir: ./Pkl/
cuda_dv: 0
dump_date: 0522_11_07
task: train40
pkl_path: ./Pkl/train40.pkl
n_samples: 6656000

generate ./Csv/0522_11_19_train40_param.csv
step:0/13000, actic loss:-2309.360, critic loss:441.177, L:20.929, 0min2sec
step:10/13000, actic loss:-2285.291, critic loss:432.741, L:20.872, 0min2sec
step:20/13000, actic loss:-2084.679, critic loss:367.721, L:20.864, 0min2sec
step:30/13000, actic loss:-1506.721, critic loss:260.976, L:20.824, 0min2sec
step:40/13000, actic loss:-1013.601, critic loss:204.549, L:20.572, 0min2sec
step:50/13000, actic loss:-814.100, critic loss:165.103, L:19.954, 0min2sec
step:60/13000, actic loss:-679.499, critic loss:138.592, L:19.131, 0min2sec
step:70/13000, actic loss:-584.059, critic loss:119.490, L:18.446, 0min2sec
step:80/13000, actic loss:-511.657, critic loss:105.094, L:17.906, 0min2sec
step:90/13000, actic loss:-455.591, critic loss:93.850, L:17.496, 0min2sec
step:100/13000, actic loss:-410.628, critic loss:84.821, L:17.149, 0min2sec
step:110/13000, actic loss:-373.619, critic loss:77.425, L:16.857, 0min2sec
step:120/13000, actic loss:-342.802, critic loss:71.254, L:16.615, 0min2sec
step:130/13000, actic loss:-316.856, critic loss:66.020, L:16.413, 0min2sec
step:140/13000, actic loss:-294.286, critic loss:61.530, L:16.240, 0min2sec
step:150/13000, actic loss:-275.077, critic loss:57.641, L:16.086, 0min2sec
step:160/13000, actic loss:-257.788, critic loss:54.227, L:15.944, 0min2sec
step:170/13000, actic loss:-242.765, critic loss:51.207, L:15.824, 0min2sec
step:180/13000, actic loss:-229.507, critic loss:48.527, L:15.715, 0min2sec
step:190/13000, actic loss:-217.374, critic loss:46.128, L:15.616, 0min2sec
step:200/13000, actic loss:-206.648, critic loss:43.970, L:15.530, 0min2sec
step:210/13000, actic loss:-196.763, critic loss:42.024, L:15.450, 0min2sec
step:220/13000, actic loss:-187.907, critic loss:40.242, L:15.379, 0min2sec
step:230/13000, actic loss:-179.831, critic loss:38.619, L:15.312, 0min2sec
step:240/13000, actic loss:-172.408, critic loss:37.135, L:15.251, 0min2sec
step:250/13000, actic loss:-165.568, critic loss:35.769, L:15.196, 0min2sec
step:260/13000, actic loss:-159.204, critic loss:34.505, L:15.144, 0min2sec
step:270/13000, actic loss:-153.418, critic loss:33.332, L:15.096, 0min2sec
step:280/13000, actic loss:-147.954, critic loss:32.242, L:15.057, 0min2sec
step:290/13000, actic loss:-142.897, critic loss:31.224, L:15.025, 0min1sec
step:300/13000, actic loss:-138.151, critic loss:30.271, L:14.991, 0min2sec
step:310/13000, actic loss:-133.720, critic loss:29.382, L:14.957, 0min2sec
step:320/13000, actic loss:-129.549, critic loss:28.546, L:14.921, 0min2sec
step:330/13000, actic loss:-125.652, critic loss:27.767, L:14.888, 0min2sec
step:340/13000, actic loss:-121.933, critic loss:27.034, L:14.858, 0min2sec
step:350/13000, actic loss:-118.400, critic loss:26.339, L:14.830, 0min2sec
step:360/13000, actic loss:-115.154, critic loss:25.682, L:14.804, 0min2sec
step:370/13000, actic loss:-112.069, critic loss:25.061, L:14.778, 0min2sec
step:380/13000, actic loss:-109.163, critic loss:24.475, L:14.754, 0min2sec
step:390/13000, actic loss:-106.391, critic loss:23.918, L:14.736, 0min2sec
step:400/13000, actic loss:-103.710, critic loss:23.388, L:14.720, 0min2sec
step:410/13000, actic loss:-101.184, critic loss:22.886, L:14.699, 0min2sec
step:420/13000, actic loss:-98.825, critic loss:22.405, L:14.683, 0min2sec
step:430/13000, actic loss:-96.549, critic loss:21.944, L:14.665, 0min2sec
step:440/13000, actic loss:-94.365, critic loss:21.509, L:14.646, 0min2sec
step:450/13000, actic loss:-92.249, critic loss:21.091, L:14.628, 0min2sec
step:460/13000, actic loss:-90.257, critic loss:20.690, L:14.611, 0min2sec
step:470/13000, actic loss:-88.355, critic loss:20.306, L:14.595, 0min2sec
step:480/13000, actic loss:-86.520, critic loss:19.939, L:14.578, 0min2sec
step:490/13000, actic loss:-84.747, critic loss:19.584, L:14.562, 0min2sec
step:500/13000, actic loss:-83.023, critic loss:19.248, L:14.548, 0min2sec
step:510/13000, actic loss:-81.386, critic loss:18.926, L:14.534, 0min2sec
step:520/13000, actic loss:-79.795, critic loss:18.618, L:14.520, 0min2sec
step:530/13000, actic loss:-78.281, critic loss:18.318, L:14.508, 0min2sec
step:540/13000, actic loss:-76.864, critic loss:18.031, L:14.500, 0min2sec
step:550/13000, actic loss:-75.504, critic loss:17.754, L:14.488, 0min2sec
step:560/13000, actic loss:-74.176, critic loss:17.485, L:14.477, 0min2sec
step:570/13000, actic loss:-72.877, critic loss:17.227, L:14.467, 0min2sec
step:580/13000, actic loss:-71.615, critic loss:16.976, L:14.455, 0min2sec
step:590/13000, actic loss:-70.401, critic loss:16.731, L:14.447, 0min2sec
step:600/13000, actic loss:-69.214, critic loss:16.495, L:14.438, 0min2sec
step:610/13000, actic loss:-68.098, critic loss:16.267, L:14.428, 0min2sec
step:620/13000, actic loss:-67.036, critic loss:16.049, L:14.419, 0min2sec
step:630/13000, actic loss:-65.981, critic loss:15.838, L:14.409, 0min2sec
step:640/13000, actic loss:-64.967, critic loss:15.634, L:14.402, 0min2sec
step:650/13000, actic loss:-63.981, critic loss:15.435, L:14.395, 0min2sec
step:660/13000, actic loss:-63.033, critic loss:15.245, L:14.388, 0min2sec
step:670/13000, actic loss:-62.131, critic loss:15.061, L:14.380, 0min2sec
step:680/13000, actic loss:-61.218, critic loss:14.880, L:14.372, 0min2sec
step:690/13000, actic loss:-60.314, critic loss:14.704, L:14.364, 0min2sec
step:700/13000, actic loss:-59.469, critic loss:14.533, L:14.358, 0min2sec
step:710/13000, actic loss:-58.636, critic loss:14.368, L:14.350, 0min2sec
step:720/13000, actic loss:-57.843, critic loss:14.206, L:14.344, 0min2sec
step:730/13000, actic loss:-57.073, critic loss:14.049, L:14.338, 0min2sec
step:740/13000, actic loss:-56.306, critic loss:13.894, L:14.332, 0min2sec
step:750/13000, actic loss:-55.523, critic loss:13.747, L:14.326, 0min2sec
step:760/13000, actic loss:-54.808, critic loss:13.605, L:14.319, 0min2sec
step:770/13000, actic loss:-54.147, critic loss:13.465, L:14.313, 0min2sec
step:780/13000, actic loss:-53.447, critic loss:13.328, L:14.308, 0min2sec
step:790/13000, actic loss:-52.781, critic loss:13.193, L:14.303, 0min2sec
step:800/13000, actic loss:-52.097, critic loss:13.064, L:14.297, 0min2sec
step:810/13000, actic loss:-51.483, critic loss:12.938, L:14.292, 0min2sec
step:820/13000, actic loss:-50.896, critic loss:12.814, L:14.290, 0min2sec
step:830/13000, actic loss:-50.283, critic loss:12.692, L:14.285, 0min2sec
step:840/13000, actic loss:-49.687, critic loss:12.574, L:14.280, 0min2sec
step:850/13000, actic loss:-49.121, critic loss:12.458, L:14.275, 0min2sec
step:860/13000, actic loss:-48.562, critic loss:12.347, L:14.271, 0min2sec
step:870/13000, actic loss:-48.013, critic loss:12.237, L:14.268, 0min2sec
step:880/13000, actic loss:-47.467, critic loss:12.130, L:14.266, 0min2sec
step:890/13000, actic loss:-46.953, critic loss:12.026, L:14.263, 0min2sec
step:900/13000, actic loss:-46.446, critic loss:11.925, L:14.258, 0min2sec
step:910/13000, actic loss:-45.937, critic loss:11.825, L:14.254, 0min2sec
step:920/13000, actic loss:-45.438, critic loss:11.727, L:14.250, 0min2sec
step:930/13000, actic loss:-44.964, critic loss:11.633, L:14.247, 0min2sec
step:940/13000, actic loss:-44.495, critic loss:11.540, L:14.243, 0min2sec
step:950/13000, actic loss:-44.028, critic loss:11.447, L:14.242, 0min2sec
step:960/13000, actic loss:-43.580, critic loss:11.359, L:14.240, 0min2sec
step:970/13000, actic loss:-43.127, critic loss:11.272, L:14.237, 0min2sec
step:980/13000, actic loss:-42.707, critic loss:11.187, L:14.233, 0min2sec
step:990/13000, actic loss:-42.259, critic loss:11.104, L:14.229, 0min2sec
step:1000/13000, actic loss:-41.833, critic loss:11.021, L:14.225, 0min2sec
step:1010/13000, actic loss:-41.428, critic loss:10.940, L:14.222, 0min2sec
step:1020/13000, actic loss:-41.024, critic loss:10.859, L:14.220, 0min1sec
step:1030/13000, actic loss:-40.627, critic loss:10.781, L:14.218, 0min2sec
step:1040/13000, actic loss:-40.245, critic loss:10.706, L:14.215, 0min2sec
step:1050/13000, actic loss:-39.865, critic loss:10.632, L:14.212, 0min2sec
step:1060/13000, actic loss:-39.477, critic loss:10.558, L:14.211, 0min2sec
step:1070/13000, actic loss:-39.109, critic loss:10.485, L:14.208, 0min2sec
step:1080/13000, actic loss:-38.774, critic loss:10.414, L:14.204, 0min2sec
step:1090/13000, actic loss:-38.435, critic loss:10.344, L:14.201, 0min2sec
step:1100/13000, actic loss:-38.076, critic loss:10.274, L:14.197, 0min2sec
step:1110/13000, actic loss:-37.762, critic loss:10.205, L:14.193, 0min2sec
step:1120/13000, actic loss:-37.406, critic loss:10.139, L:14.190, 0min2sec
step:1130/13000, actic loss:-37.087, critic loss:10.074, L:14.186, 0min2sec
step:1140/13000, actic loss:-36.739, critic loss:10.010, L:14.183, 0min2sec
step:1150/13000, actic loss:-36.431, critic loss:9.946, L:14.180, 0min2sec
step:1160/13000, actic loss:-36.105, critic loss:9.883, L:14.177, 0min2sec
step:1170/13000, actic loss:-35.800, critic loss:9.821, L:14.175, 0min2sec
step:1180/13000, actic loss:-35.504, critic loss:9.759, L:14.174, 0min2sec
step:1190/13000, actic loss:-35.213, critic loss:9.698, L:14.173, 0min2sec
step:1200/13000, actic loss:-34.917, critic loss:9.639, L:14.171, 0min2sec
step:1210/13000, actic loss:-34.638, critic loss:9.581, L:14.172, 0min2sec
cnt: 1/20
step:1220/13000, actic loss:-34.365, critic loss:9.523, L:14.173, 0min2sec
cnt: 2/20
step:1230/13000, actic loss:-34.052, critic loss:9.468, L:14.171, 0min2sec
step:1240/13000, actic loss:-33.777, critic loss:9.414, L:14.168, 0min2sec
step:1250/13000, actic loss:-33.505, critic loss:9.359, L:14.166, 0min2sec
step:1260/13000, actic loss:-33.272, critic loss:9.308, L:14.165, 0min2sec
step:1270/13000, actic loss:-33.023, critic loss:9.253, L:14.163, 0min2sec
step:1280/13000, actic loss:-32.771, critic loss:9.204, L:14.161, 0min2sec
step:1290/13000, actic loss:-32.506, critic loss:9.155, L:14.158, 0min2sec
step:1300/13000, actic loss:-32.251, critic loss:9.103, L:14.156, 0min2sec
step:1310/13000, actic loss:-32.024, critic loss:9.051, L:14.155, 0min2sec
step:1320/13000, actic loss:-31.778, critic loss:9.004, L:14.153, 0min2sec
step:1330/13000, actic loss:-31.548, critic loss:8.957, L:14.151, 0min2sec
step:1340/13000, actic loss:-31.343, critic loss:8.912, L:14.149, 0min2sec
step:1350/13000, actic loss:-31.088, critic loss:8.865, L:14.147, 0min2sec
step:1360/13000, actic loss:-30.869, critic loss:8.817, L:14.144, 0min2sec
step:1370/13000, actic loss:-30.667, critic loss:8.772, L:14.143, 0min2sec
step:1380/13000, actic loss:-30.462, critic loss:8.727, L:14.141, 0min2sec
step:1390/13000, actic loss:-30.235, critic loss:8.683, L:14.139, 0min2sec
step:1400/13000, actic loss:-30.021, critic loss:8.637, L:14.136, 0min2sec
step:1410/13000, actic loss:-29.796, critic loss:8.592, L:14.134, 0min2sec
step:1420/13000, actic loss:-29.596, critic loss:8.552, L:14.132, 0min2sec
step:1430/13000, actic loss:-29.387, critic loss:8.510, L:14.131, 0min2sec
step:1440/13000, actic loss:-29.198, critic loss:8.469, L:14.129, 0min2sec
step:1450/13000, actic loss:-28.994, critic loss:8.425, L:14.127, 0min2sec
step:1460/13000, actic loss:-28.794, critic loss:8.383, L:14.125, 0min2sec
step:1470/13000, actic loss:-28.607, critic loss:8.340, L:14.123, 0min2sec
step:1480/13000, actic loss:-28.408, critic loss:8.299, L:14.121, 0min2sec
step:1490/13000, actic loss:-28.233, critic loss:8.258, L:14.119, 0min2sec
step:1500/13000, actic loss:-28.036, critic loss:8.217, L:14.116, 0min2sec
step:1510/13000, actic loss:-27.851, critic loss:8.178, L:14.115, 0min2sec
step:1520/13000, actic loss:-27.661, critic loss:8.140, L:14.113, 0min2sec
step:1530/13000, actic loss:-27.500, critic loss:8.105, L:14.113, 0min2sec
step:1540/13000, actic loss:-27.336, critic loss:8.069, L:14.111, 0min2sec
step:1550/13000, actic loss:-27.150, critic loss:8.031, L:14.109, 0min2sec
step:1560/13000, actic loss:-26.976, critic loss:7.998, L:14.108, 0min2sec
step:1570/13000, actic loss:-26.805, critic loss:7.960, L:14.106, 0min2sec
step:1580/13000, actic loss:-26.622, critic loss:7.923, L:14.104, 0min2sec
step:1590/13000, actic loss:-26.471, critic loss:7.888, L:14.102, 0min2sec
step:1600/13000, actic loss:-26.327, critic loss:7.854, L:14.099, 0min2sec
step:1610/13000, actic loss:-26.174, critic loss:7.819, L:14.098, 0min2sec
step:1620/13000, actic loss:-26.004, critic loss:7.785, L:14.097, 0min2sec
step:1630/13000, actic loss:-25.837, critic loss:7.751, L:14.095, 0min2sec
step:1640/13000, actic loss:-25.674, critic loss:7.717, L:14.092, 0min2sec
step:1650/13000, actic loss:-25.507, critic loss:7.684, L:14.090, 0min2sec
step:1660/13000, actic loss:-25.343, critic loss:7.651, L:14.088, 0min2sec
step:1670/13000, actic loss:-25.191, critic loss:7.617, L:14.086, 0min2sec
step:1680/13000, actic loss:-25.047, critic loss:7.584, L:14.083, 0min2sec
step:1690/13000, actic loss:-24.879, critic loss:7.551, L:14.078, 0min2sec
step:1700/13000, actic loss:-24.738, critic loss:7.515, L:14.068, 0min2sec
step:1710/13000, actic loss:-24.571, critic loss:7.479, L:14.051, 0min2sec
step:1720/13000, actic loss:-24.418, critic loss:7.444, L:14.029, 0min2sec
step:1730/13000, actic loss:-24.282, critic loss:7.407, L:14.002, 0min2sec
step:1740/13000, actic loss:-24.149, critic loss:7.368, L:13.971, 0min1sec
step:1750/13000, actic loss:-24.006, critic loss:7.330, L:13.937, 0min2sec
step:1760/13000, actic loss:-23.896, critic loss:7.293, L:13.902, 0min2sec
step:1770/13000, actic loss:-23.777, critic loss:7.257, L:13.869, 0min2sec
step:1780/13000, actic loss:-23.636, critic loss:7.224, L:13.836, 0min2sec
step:1790/13000, actic loss:-23.502, critic loss:7.187, L:13.802, 0min2sec
step:1800/13000, actic loss:-23.377, critic loss:7.149, L:13.767, 0min2sec
step:1810/13000, actic loss:-23.238, critic loss:7.114, L:13.731, 0min2sec
step:1820/13000, actic loss:-23.121, critic loss:7.079, L:13.695, 0min2sec
step:1830/13000, actic loss:-22.988, critic loss:7.042, L:13.658, 0min2sec
step:1840/13000, actic loss:-22.870, critic loss:7.006, L:13.622, 0min2sec
step:1850/13000, actic loss:-22.747, critic loss:6.971, L:13.586, 0min2sec
step:1860/13000, actic loss:-22.629, critic loss:6.936, L:13.549, 0min2sec
step:1870/13000, actic loss:-22.506, critic loss:6.901, L:13.513, 0min2sec
step:1880/13000, actic loss:-22.390, critic loss:6.866, L:13.477, 0min2sec
step:1890/13000, actic loss:-22.273, critic loss:6.831, L:13.441, 0min2sec
step:1900/13000, actic loss:-22.158, critic loss:6.797, L:13.405, 0min2sec
step:1910/13000, actic loss:-22.048, critic loss:6.763, L:13.369, 0min2sec
step:1920/13000, actic loss:-21.934, critic loss:6.730, L:13.333, 0min2sec
step:1930/13000, actic loss:-21.819, critic loss:6.697, L:13.297, 0min2sec
step:1940/13000, actic loss:-21.704, critic loss:6.664, L:13.262, 0min2sec
step:1950/13000, actic loss:-21.597, critic loss:6.631, L:13.227, 0min2sec
step:1960/13000, actic loss:-21.492, critic loss:6.599, L:13.192, 0min2sec
step:1970/13000, actic loss:-21.385, critic loss:6.568, L:13.158, 0min2sec
step:1980/13000, actic loss:-21.278, critic loss:6.536, L:13.124, 0min2sec
step:1990/13000, actic loss:-21.174, critic loss:6.505, L:13.089, 0min2sec
step:2000/13000, actic loss:-21.075, critic loss:6.475, L:13.056, 0min2sec
step:2010/13000, actic loss:-20.973, critic loss:6.444, L:13.023, 0min2sec
step:2020/13000, actic loss:-20.873, critic loss:6.414, L:12.990, 0min2sec
step:2030/13000, actic loss:-20.768, critic loss:6.384, L:12.958, 0min2sec
step:2040/13000, actic loss:-20.667, critic loss:6.355, L:12.926, 0min2sec
step:2050/13000, actic loss:-20.568, critic loss:6.325, L:12.894, 0min2sec
step:2060/13000, actic loss:-20.470, critic loss:6.295, L:12.862, 0min2sec
step:2070/13000, actic loss:-20.375, critic loss:6.267, L:12.831, 0min2sec
step:2080/13000, actic loss:-20.280, critic loss:6.238, L:12.800, 0min2sec
step:2090/13000, actic loss:-20.183, critic loss:6.210, L:12.768, 0min2sec
step:2100/13000, actic loss:-20.087, critic loss:6.182, L:12.737, 0min2sec
step:2110/13000, actic loss:-19.992, critic loss:6.154, L:12.707, 0min2sec
step:2120/13000, actic loss:-19.900, critic loss:6.126, L:12.676, 0min2sec
step:2130/13000, actic loss:-19.807, critic loss:6.098, L:12.646, 0min2sec
step:2140/13000, actic loss:-19.715, critic loss:6.071, L:12.616, 0min2sec
step:2150/13000, actic loss:-19.625, critic loss:6.044, L:12.586, 0min2sec
step:2160/13000, actic loss:-19.536, critic loss:6.017, L:12.557, 0min2sec
step:2170/13000, actic loss:-19.447, critic loss:5.990, L:12.527, 0min2sec
step:2180/13000, actic loss:-19.358, critic loss:5.964, L:12.498, 0min2sec
step:2190/13000, actic loss:-19.270, critic loss:5.937, L:12.469, 0min2sec
step:2200/13000, actic loss:-19.185, critic loss:5.912, L:12.441, 0min2sec
step:2210/13000, actic loss:-19.099, critic loss:5.886, L:12.412, 0min2sec
step:2220/13000, actic loss:-19.011, critic loss:5.861, L:12.385, 0min2sec
step:2230/13000, actic loss:-18.925, critic loss:5.836, L:12.357, 0min2sec
step:2240/13000, actic loss:-18.840, critic loss:5.811, L:12.329, 0min2sec
step:2250/13000, actic loss:-18.757, critic loss:5.786, L:12.302, 0min2sec
step:2260/13000, actic loss:-18.677, critic loss:5.762, L:12.275, 0min2sec
step:2270/13000, actic loss:-18.596, critic loss:5.737, L:12.248, 0min2sec
step:2280/13000, actic loss:-18.515, critic loss:5.713, L:12.221, 0min2sec
step:2290/13000, actic loss:-18.436, critic loss:5.689, L:12.195, 0min2sec
step:2300/13000, actic loss:-18.357, critic loss:5.665, L:12.168, 0min2sec
step:2310/13000, actic loss:-18.279, critic loss:5.642, L:12.142, 0min2sec
step:2320/13000, actic loss:-18.200, critic loss:5.618, L:12.116, 0min2sec
step:2330/13000, actic loss:-18.124, critic loss:5.595, L:12.091, 0min2sec
step:2340/13000, actic loss:-18.044, critic loss:5.573, L:12.065, 0min2sec
step:2350/13000, actic loss:-17.967, critic loss:5.550, L:12.040, 0min2sec
step:2360/13000, actic loss:-17.891, critic loss:5.528, L:12.015, 0min2sec
step:2370/13000, actic loss:-17.816, critic loss:5.505, L:11.990, 0min2sec
step:2380/13000, actic loss:-17.742, critic loss:5.483, L:11.965, 0min2sec
step:2390/13000, actic loss:-17.669, critic loss:5.461, L:11.941, 0min2sec
step:2400/13000, actic loss:-17.596, critic loss:5.439, L:11.916, 0min2sec
step:2410/13000, actic loss:-17.523, critic loss:5.417, L:11.892, 0min2sec
step:2420/13000, actic loss:-17.452, critic loss:5.396, L:11.868, 0min2sec
step:2430/13000, actic loss:-17.383, critic loss:5.375, L:11.845, 0min2sec
step:2440/13000, actic loss:-17.309, critic loss:5.354, L:11.821, 0min2sec
step:2450/13000, actic loss:-17.238, critic loss:5.333, L:11.798, 0min2sec
step:2460/13000, actic loss:-17.168, critic loss:5.312, L:11.774, 0min2sec
step:2470/13000, actic loss:-17.100, critic loss:5.292, L:11.751, 0min1sec
step:2480/13000, actic loss:-17.032, critic loss:5.271, L:11.729, 0min2sec
step:2490/13000, actic loss:-16.965, critic loss:5.251, L:11.706, 0min2sec
step:2500/13000, actic loss:-16.898, critic loss:5.231, L:11.684, 0min2sec
step:2510/13000, actic loss:-16.832, critic loss:5.211, L:11.661, 0min2sec
step:2520/13000, actic loss:-16.765, critic loss:5.191, L:11.639, 0min2sec
step:2530/13000, actic loss:-16.700, critic loss:5.171, L:11.617, 0min2sec
step:2540/13000, actic loss:-16.635, critic loss:5.152, L:11.595, 0min2sec
step:2550/13000, actic loss:-16.570, critic loss:5.132, L:11.573, 0min2sec
step:2560/13000, actic loss:-16.506, critic loss:5.113, L:11.552, 0min2sec
step:2570/13000, actic loss:-16.442, critic loss:5.094, L:11.531, 0min2sec
step:2580/13000, actic loss:-16.379, critic loss:5.075, L:11.510, 0min2sec
step:2590/13000, actic loss:-16.316, critic loss:5.056, L:11.489, 0min2sec
step:2600/13000, actic loss:-16.254, critic loss:5.037, L:11.468, 0min2sec
step:2610/13000, actic loss:-16.193, critic loss:5.019, L:11.447, 0min2sec
step:2620/13000, actic loss:-16.132, critic loss:5.000, L:11.426, 0min2sec
step:2630/13000, actic loss:-16.071, critic loss:4.982, L:11.406, 0min2sec
step:2640/13000, actic loss:-16.010, critic loss:4.964, L:11.386, 0min2sec
step:2650/13000, actic loss:-15.951, critic loss:4.946, L:11.366, 0min2sec
step:2660/13000, actic loss:-15.892, critic loss:4.928, L:11.346, 0min2sec
step:2670/13000, actic loss:-15.833, critic loss:4.911, L:11.326, 0min2sec
step:2680/13000, actic loss:-15.774, critic loss:4.893, L:11.307, 0min2sec
step:2690/13000, actic loss:-15.716, critic loss:4.876, L:11.287, 0min2sec
step:2700/13000, actic loss:-15.658, critic loss:4.859, L:11.268, 0min2sec
step:2710/13000, actic loss:-15.600, critic loss:4.842, L:11.249, 0min2sec
step:2720/13000, actic loss:-15.546, critic loss:4.825, L:11.230, 0min2sec
step:2730/13000, actic loss:-15.489, critic loss:4.808, L:11.211, 0min2sec
step:2740/13000, actic loss:-15.433, critic loss:4.791, L:11.193, 0min2sec
step:2750/13000, actic loss:-15.376, critic loss:4.775, L:11.174, 0min2sec
step:2760/13000, actic loss:-15.321, critic loss:4.758, L:11.155, 0min2sec
step:2770/13000, actic loss:-15.267, critic loss:4.742, L:11.136, 0min2sec
step:2780/13000, actic loss:-15.213, critic loss:4.725, L:11.118, 0min2sec
step:2790/13000, actic loss:-15.158, critic loss:4.709, L:11.100, 0min2sec
step:2800/13000, actic loss:-15.106, critic loss:4.693, L:11.082, 0min2sec
step:2810/13000, actic loss:-15.052, critic loss:4.677, L:11.064, 0min2sec
step:2820/13000, actic loss:-14.999, critic loss:4.661, L:11.046, 0min2sec
step:2830/13000, actic loss:-14.947, critic loss:4.645, L:11.028, 0min2sec
step:2840/13000, actic loss:-14.895, critic loss:4.630, L:11.011, 0min2sec
step:2850/13000, actic loss:-14.843, critic loss:4.614, L:10.994, 0min2sec
step:2860/13000, actic loss:-14.791, critic loss:4.599, L:10.976, 0min2sec
step:2870/13000, actic loss:-14.741, critic loss:4.583, L:10.959, 0min2sec
step:2880/13000, actic loss:-14.690, critic loss:4.568, L:10.942, 0min2sec
step:2890/13000, actic loss:-14.640, critic loss:4.553, L:10.925, 0min2sec
step:2900/13000, actic loss:-14.590, critic loss:4.538, L:10.908, 0min2sec
step:2910/13000, actic loss:-14.541, critic loss:4.524, L:10.892, 0min2sec
step:2920/13000, actic loss:-14.491, critic loss:4.509, L:10.876, 0min2sec
step:2930/13000, actic loss:-14.442, critic loss:4.494, L:10.859, 0min2sec
step:2940/13000, actic loss:-14.393, critic loss:4.479, L:10.843, 0min2sec
step:2950/13000, actic loss:-14.345, critic loss:4.465, L:10.826, 0min2sec
step:2960/13000, actic loss:-14.297, critic loss:4.450, L:10.810, 0min2sec
step:2970/13000, actic loss:-14.249, critic loss:4.436, L:10.794, 0min2sec
step:2980/13000, actic loss:-14.202, critic loss:4.422, L:10.778, 0min2sec
step:2990/13000, actic loss:-14.155, critic loss:4.408, L:10.762, 0min2sec
step:3000/13000, actic loss:-14.108, critic loss:4.393, L:10.746, 0min2sec
step:3010/13000, actic loss:-14.062, critic loss:4.379, L:10.730, 0min2sec
step:3020/13000, actic loss:-14.015, critic loss:4.366, L:10.714, 0min2sec
step:3030/13000, actic loss:-13.968, critic loss:4.352, L:10.699, 0min2sec
step:3040/13000, actic loss:-13.924, critic loss:4.339, L:10.684, 0min2sec
step:3050/13000, actic loss:-13.879, critic loss:4.325, L:10.669, 0min2sec
step:3060/13000, actic loss:-13.833, critic loss:4.312, L:10.654, 0min2sec
step:3070/13000, actic loss:-13.788, critic loss:4.299, L:10.639, 0min2sec
step:3080/13000, actic loss:-13.745, critic loss:4.285, L:10.624, 0min2sec
step:3090/13000, actic loss:-13.701, critic loss:4.272, L:10.609, 0min2sec
step:3100/13000, actic loss:-13.658, critic loss:4.259, L:10.594, 0min2sec
step:3110/13000, actic loss:-13.614, critic loss:4.246, L:10.579, 0min2sec
step:3120/13000, actic loss:-13.571, critic loss:4.233, L:10.564, 0min2sec
step:3130/13000, actic loss:-13.528, critic loss:4.220, L:10.550, 0min2sec
step:3140/13000, actic loss:-13.485, critic loss:4.207, L:10.535, 0min2sec
step:3150/13000, actic loss:-13.443, critic loss:4.195, L:10.521, 0min2sec
step:3160/13000, actic loss:-13.401, critic loss:4.182, L:10.507, 0min2sec
step:3170/13000, actic loss:-13.359, critic loss:4.169, L:10.494, 0min2sec
step:3180/13000, actic loss:-13.317, critic loss:4.157, L:10.480, 0min2sec
step:3190/13000, actic loss:-13.277, critic loss:4.144, L:10.466, 0min2sec
step:3200/13000, actic loss:-13.236, critic loss:4.132, L:10.452, 0min1sec
step:3210/13000, actic loss:-13.195, critic loss:4.120, L:10.438, 0min2sec
step:3220/13000, actic loss:-13.155, critic loss:4.108, L:10.424, 0min2sec
step:3230/13000, actic loss:-13.115, critic loss:4.096, L:10.410, 0min2sec
step:3240/13000, actic loss:-13.075, critic loss:4.084, L:10.397, 0min2sec
step:3250/13000, actic loss:-13.035, critic loss:4.072, L:10.383, 0min2sec
step:3260/13000, actic loss:-12.995, critic loss:4.060, L:10.370, 0min2sec
step:3270/13000, actic loss:-12.956, critic loss:4.048, L:10.357, 0min2sec
step:3280/13000, actic loss:-12.917, critic loss:4.036, L:10.344, 0min2sec
step:3290/13000, actic loss:-12.878, critic loss:4.025, L:10.331, 0min2sec
step:3300/13000, actic loss:-12.839, critic loss:4.013, L:10.318, 0min2sec
step:3310/13000, actic loss:-12.801, critic loss:4.001, L:10.304, 0min2sec
step:3320/13000, actic loss:-12.763, critic loss:3.990, L:10.291, 0min2sec
step:3330/13000, actic loss:-12.724, critic loss:3.979, L:10.279, 0min2sec
step:3340/13000, actic loss:-12.686, critic loss:3.967, L:10.266, 0min2sec
step:3350/13000, actic loss:-12.649, critic loss:3.956, L:10.253, 0min2sec
step:3360/13000, actic loss:-12.611, critic loss:3.945, L:10.241, 0min2sec
step:3370/13000, actic loss:-12.575, critic loss:3.934, L:10.228, 0min2sec
step:3380/13000, actic loss:-12.538, critic loss:3.923, L:10.216, 0min2sec
step:3390/13000, actic loss:-12.501, critic loss:3.912, L:10.203, 0min2sec
step:3400/13000, actic loss:-12.465, critic loss:3.901, L:10.191, 0min2sec
step:3410/13000, actic loss:-12.429, critic loss:3.890, L:10.178, 0min2sec
step:3420/13000, actic loss:-12.393, critic loss:3.879, L:10.166, 0min2sec
step:3430/13000, actic loss:-12.357, critic loss:3.868, L:10.154, 0min2sec
step:3440/13000, actic loss:-12.322, critic loss:3.858, L:10.142, 0min2sec
step:3450/13000, actic loss:-12.286, critic loss:3.847, L:10.129, 0min2sec
step:3460/13000, actic loss:-12.251, critic loss:3.836, L:10.117, 0min2sec
step:3470/13000, actic loss:-12.216, critic loss:3.826, L:10.105, 0min2sec
step:3480/13000, actic loss:-12.181, critic loss:3.815, L:10.094, 0min2sec
step:3490/13000, actic loss:-12.147, critic loss:3.805, L:10.082, 0min2sec
step:3500/13000, actic loss:-12.112, critic loss:3.795, L:10.070, 0min2sec
step:3510/13000, actic loss:-12.078, critic loss:3.784, L:10.058, 0min2sec
step:3520/13000, actic loss:-12.044, critic loss:3.774, L:10.047, 0min2sec
step:3530/13000, actic loss:-12.010, critic loss:3.764, L:10.035, 0min2sec
step:3540/13000, actic loss:-11.977, critic loss:3.754, L:10.024, 0min2sec
step:3550/13000, actic loss:-11.943, critic loss:3.744, L:10.012, 0min2sec
step:3560/13000, actic loss:-11.910, critic loss:3.734, L:10.000, 0min2sec
step:3570/13000, actic loss:-11.877, critic loss:3.724, L:9.989, 0min2sec
step:3580/13000, actic loss:-11.845, critic loss:3.714, L:9.978, 0min2sec
step:3590/13000, actic loss:-11.812, critic loss:3.704, L:9.967, 0min2sec
step:3600/13000, actic loss:-11.779, critic loss:3.694, L:9.956, 0min2sec
step:3610/13000, actic loss:-11.747, critic loss:3.685, L:9.946, 0min2sec
step:3620/13000, actic loss:-11.716, critic loss:3.675, L:9.935, 0min2sec
step:3630/13000, actic loss:-11.682, critic loss:3.666, L:9.924, 0min2sec
step:3640/13000, actic loss:-11.650, critic loss:3.656, L:9.913, 0min2sec
step:3650/13000, actic loss:-11.618, critic loss:3.647, L:9.902, 0min2sec
step:3660/13000, actic loss:-11.587, critic loss:3.637, L:9.892, 0min2sec
step:3670/13000, actic loss:-11.556, critic loss:3.628, L:9.881, 0min2sec
step:3680/13000, actic loss:-11.525, critic loss:3.618, L:9.870, 0min2sec
step:3690/13000, actic loss:-11.494, critic loss:3.609, L:9.859, 0min2sec
step:3700/13000, actic loss:-11.463, critic loss:3.600, L:9.849, 0min2sec
step:3710/13000, actic loss:-11.432, critic loss:3.591, L:9.838, 0min2sec
step:3720/13000, actic loss:-11.402, critic loss:3.581, L:9.828, 0min2sec
step:3730/13000, actic loss:-11.371, critic loss:3.572, L:9.817, 0min2sec
step:3740/13000, actic loss:-11.341, critic loss:3.563, L:9.807, 0min2sec
step:3750/13000, actic loss:-11.311, critic loss:3.554, L:9.797, 0min2sec
step:3760/13000, actic loss:-11.281, critic loss:3.545, L:9.786, 0min2sec
step:3770/13000, actic loss:-11.251, critic loss:3.536, L:9.776, 0min2sec
step:3780/13000, actic loss:-11.222, critic loss:3.527, L:9.766, 0min2sec
step:3790/13000, actic loss:-11.193, critic loss:3.518, L:9.756, 0min2sec
step:3800/13000, actic loss:-11.163, critic loss:3.509, L:9.746, 0min2sec
step:3810/13000, actic loss:-11.134, critic loss:3.501, L:9.736, 0min2sec
step:3820/13000, actic loss:-11.105, critic loss:3.492, L:9.726, 0min2sec
step:3830/13000, actic loss:-11.076, critic loss:3.483, L:9.716, 0min2sec
step:3840/13000, actic loss:-11.048, critic loss:3.475, L:9.706, 0min2sec
step:3850/13000, actic loss:-11.020, critic loss:3.466, L:9.696, 0min2sec
step:3860/13000, actic loss:-10.991, critic loss:3.458, L:9.687, 0min2sec
step:3870/13000, actic loss:-10.964, critic loss:3.449, L:9.677, 0min2sec
step:3880/13000, actic loss:-10.935, critic loss:3.441, L:9.668, 0min2sec
step:3890/13000, actic loss:-10.908, critic loss:3.432, L:9.658, 0min2sec
step:3900/13000, actic loss:-10.880, critic loss:3.424, L:9.648, 0min2sec
step:3910/13000, actic loss:-10.852, critic loss:3.416, L:9.639, 0min2sec
step:3920/13000, actic loss:-10.825, critic loss:3.407, L:9.629, 0min2sec
step:3930/13000, actic loss:-10.798, critic loss:3.399, L:9.620, 0min2sec
step:3940/13000, actic loss:-10.770, critic loss:3.391, L:9.611, 0min2sec
step:3950/13000, actic loss:-10.743, critic loss:3.383, L:9.602, 0min2sec
step:3960/13000, actic loss:-10.716, critic loss:3.375, L:9.592, 0min2sec
step:3970/13000, actic loss:-10.689, critic loss:3.367, L:9.583, 0min2sec
step:3980/13000, actic loss:-10.663, critic loss:3.359, L:9.574, 0min2sec
step:3990/13000, actic loss:-10.636, critic loss:3.351, L:9.565, 0min2sec
step:4000/13000, actic loss:-10.610, critic loss:3.343, L:9.556, 0min2sec
step:4010/13000, actic loss:-10.584, critic loss:3.335, L:9.547, 0min2sec
step:4020/13000, actic loss:-10.558, critic loss:3.327, L:9.538, 0min2sec
step:4030/13000, actic loss:-10.532, critic loss:3.319, L:9.529, 0min2sec
step:4040/13000, actic loss:-10.506, critic loss:3.311, L:9.520, 0min2sec
step:4050/13000, actic loss:-10.480, critic loss:3.304, L:9.511, 0min2sec
step:4060/13000, actic loss:-10.454, critic loss:3.296, L:9.502, 0min2sec
step:4070/13000, actic loss:-10.429, critic loss:3.288, L:9.494, 0min2sec
step:4080/13000, actic loss:-10.404, critic loss:3.281, L:9.485, 0min2sec
step:4090/13000, actic loss:-10.378, critic loss:3.273, L:9.476, 0min2sec
step:4100/13000, actic loss:-10.353, critic loss:3.265, L:9.468, 0min2sec
step:4110/13000, actic loss:-10.328, critic loss:3.258, L:9.459, 0min2sec
step:4120/13000, actic loss:-10.303, critic loss:3.250, L:9.451, 0min2sec
step:4130/13000, actic loss:-10.279, critic loss:3.243, L:9.442, 0min2sec
step:4140/13000, actic loss:-10.254, critic loss:3.236, L:9.434, 0min2sec
step:4150/13000, actic loss:-10.230, critic loss:3.228, L:9.426, 0min2sec
step:4160/13000, actic loss:-10.206, critic loss:3.221, L:9.417, 0min2sec
step:4170/13000, actic loss:-10.181, critic loss:3.214, L:9.409, 0min2sec
step:4180/13000, actic loss:-10.157, critic loss:3.206, L:9.401, 0min2sec
step:4190/13000, actic loss:-10.133, critic loss:3.199, L:9.393, 0min2sec
step:4200/13000, actic loss:-10.109, critic loss:3.192, L:9.384, 0min2sec
step:4210/13000, actic loss:-10.086, critic loss:3.185, L:9.376, 0min2sec
step:4220/13000, actic loss:-10.062, critic loss:3.178, L:9.368, 0min2sec
step:4230/13000, actic loss:-10.038, critic loss:3.170, L:9.360, 0min2sec
step:4240/13000, actic loss:-10.015, critic loss:3.163, L:9.352, 0min2sec
step:4250/13000, actic loss:-9.992, critic loss:3.156, L:9.344, 0min2sec
step:4260/13000, actic loss:-9.969, critic loss:3.149, L:9.336, 0min2sec
step:4270/13000, actic loss:-9.945, critic loss:3.142, L:9.328, 0min2sec
step:4280/13000, actic loss:-9.922, critic loss:3.136, L:9.320, 0min2sec
step:4290/13000, actic loss:-9.899, critic loss:3.129, L:9.313, 0min2sec
step:4300/13000, actic loss:-9.877, critic loss:3.122, L:9.305, 0min2sec
step:4310/13000, actic loss:-9.854, critic loss:3.115, L:9.297, 0min2sec
step:4320/13000, actic loss:-9.831, critic loss:3.108, L:9.289, 0min2sec
step:4330/13000, actic loss:-9.809, critic loss:3.101, L:9.281, 0min2sec
step:4340/13000, actic loss:-9.787, critic loss:3.095, L:9.273, 0min2sec
step:4350/13000, actic loss:-9.764, critic loss:3.088, L:9.266, 0min2sec
step:4360/13000, actic loss:-9.742, critic loss:3.081, L:9.258, 0min2sec
step:4370/13000, actic loss:-9.720, critic loss:3.074, L:9.251, 0min2sec
step:4380/13000, actic loss:-9.698, critic loss:3.068, L:9.243, 0min2sec
step:4390/13000, actic loss:-9.676, critic loss:3.061, L:9.236, 0min2sec
step:4400/13000, actic loss:-9.654, critic loss:3.055, L:9.228, 0min2sec
step:4410/13000, actic loss:-9.633, critic loss:3.048, L:9.221, 0min2sec
step:4420/13000, actic loss:-9.611, critic loss:3.042, L:9.213, 0min2sec
step:4430/13000, actic loss:-9.590, critic loss:3.035, L:9.206, 0min2sec
step:4440/13000, actic loss:-9.568, critic loss:3.029, L:9.198, 0min2sec
step:4450/13000, actic loss:-9.547, critic loss:3.022, L:9.191, 0min2sec
step:4460/13000, actic loss:-9.526, critic loss:3.016, L:9.184, 0min2sec
step:4470/13000, actic loss:-9.505, critic loss:3.010, L:9.177, 0min2sec
step:4480/13000, actic loss:-9.484, critic loss:3.003, L:9.169, 0min2sec
step:4490/13000, actic loss:-9.463, critic loss:2.997, L:9.162, 0min2sec
step:4500/13000, actic loss:-9.442, critic loss:2.991, L:9.155, 0min2sec
step:4510/13000, actic loss:-9.421, critic loss:2.984, L:9.148, 0min2sec
step:4520/13000, actic loss:-9.401, critic loss:2.978, L:9.140, 0min2sec
step:4530/13000, actic loss:-9.380, critic loss:2.972, L:9.133, 0min2sec
step:4540/13000, actic loss:-9.360, critic loss:2.966, L:9.126, 0min2sec
step:4550/13000, actic loss:-9.340, critic loss:2.960, L:9.119, 0min2sec
step:4560/13000, actic loss:-9.319, critic loss:2.954, L:9.113, 0min2sec
step:4570/13000, actic loss:-9.299, critic loss:2.948, L:9.105, 0min2sec
step:4580/13000, actic loss:-9.279, critic loss:2.942, L:9.098, 0min2sec
step:4590/13000, actic loss:-9.259, critic loss:2.936, L:9.091, 0min2sec
step:4600/13000, actic loss:-9.239, critic loss:2.930, L:9.085, 0min2sec
step:4610/13000, actic loss:-9.220, critic loss:2.924, L:9.078, 0min2sec
step:4620/13000, actic loss:-9.200, critic loss:2.918, L:9.071, 0min2sec
step:4630/13000, actic loss:-9.180, critic loss:2.912, L:9.064, 0min2sec
step:4640/13000, actic loss:-9.160, critic loss:2.906, L:9.057, 0min2sec
step:4650/13000, actic loss:-9.141, critic loss:2.900, L:9.050, 0min2sec
step:4660/13000, actic loss:-9.121, critic loss:2.894, L:9.044, 0min2sec
step:4670/13000, actic loss:-9.102, critic loss:2.888, L:9.037, 0min2sec
step:4680/13000, actic loss:-9.083, critic loss:2.882, L:9.030, 0min2sec
step:4690/13000, actic loss:-9.064, critic loss:2.877, L:9.023, 0min2sec
step:4700/13000, actic loss:-9.044, critic loss:2.871, L:9.017, 0min2sec
step:4710/13000, actic loss:-9.025, critic loss:2.865, L:9.010, 0min2sec
step:4720/13000, actic loss:-9.006, critic loss:2.859, L:9.004, 0min2sec
step:4730/13000, actic loss:-8.988, critic loss:2.853, L:8.997, 0min2sec
step:4740/13000, actic loss:-8.969, critic loss:2.848, L:8.990, 0min2sec
step:4750/13000, actic loss:-8.950, critic loss:2.842, L:8.984, 0min2sec
step:4760/13000, actic loss:-8.931, critic loss:2.837, L:8.978, 0min2sec
step:4770/13000, actic loss:-8.913, critic loss:2.831, L:8.971, 0min2sec
step:4780/13000, actic loss:-8.894, critic loss:2.825, L:8.965, 0min2sec
step:4790/13000, actic loss:-8.876, critic loss:2.820, L:8.959, 0min2sec
step:4800/13000, actic loss:-8.858, critic loss:2.814, L:8.952, 0min2sec
step:4810/13000, actic loss:-8.840, critic loss:2.809, L:8.946, 0min2sec
step:4820/13000, actic loss:-8.821, critic loss:2.803, L:8.940, 0min2sec
step:4830/13000, actic loss:-8.803, critic loss:2.798, L:8.933, 0min2sec
step:4840/13000, actic loss:-8.785, critic loss:2.792, L:8.927, 0min2sec
step:4850/13000, actic loss:-8.767, critic loss:2.787, L:8.921, 0min2sec
step:4860/13000, actic loss:-8.749, critic loss:2.782, L:8.915, 0min2sec
step:4870/13000, actic loss:-8.732, critic loss:2.776, L:8.909, 0min2sec
step:4880/13000, actic loss:-8.714, critic loss:2.771, L:8.902, 0min2sec
step:4890/13000, actic loss:-8.696, critic loss:2.766, L:8.896, 0min2sec
step:4900/13000, actic loss:-8.679, critic loss:2.760, L:8.890, 0min2sec
step:4910/13000, actic loss:-8.661, critic loss:2.755, L:8.884, 0min2sec
step:4920/13000, actic loss:-8.643, critic loss:2.750, L:8.878, 0min2sec
step:4930/13000, actic loss:-8.626, critic loss:2.745, L:8.872, 0min2sec
step:4940/13000, actic loss:-8.609, critic loss:2.739, L:8.866, 0min2sec
step:4950/13000, actic loss:-8.591, critic loss:2.734, L:8.860, 0min2sec
step:4960/13000, actic loss:-8.574, critic loss:2.729, L:8.854, 0min2sec
step:4970/13000, actic loss:-8.557, critic loss:2.724, L:8.848, 0min2sec
step:4980/13000, actic loss:-8.540, critic loss:2.719, L:8.842, 0min2sec
step:4990/13000, actic loss:-8.523, critic loss:2.714, L:8.837, 0min2sec
step:5000/13000, actic loss:-8.507, critic loss:2.709, L:8.831, 0min2sec
step:5010/13000, actic loss:-8.490, critic loss:2.703, L:8.825, 0min2sec
step:5020/13000, actic loss:-8.473, critic loss:2.698, L:8.819, 0min2sec
step:5030/13000, actic loss:-8.457, critic loss:2.693, L:8.813, 0min2sec
step:5040/13000, actic loss:-8.440, critic loss:2.688, L:8.807, 0min2sec
step:5050/13000, actic loss:-8.423, critic loss:2.683, L:8.802, 0min2sec
step:5060/13000, actic loss:-8.407, critic loss:2.678, L:8.796, 0min2sec
step:5070/13000, actic loss:-8.391, critic loss:2.673, L:8.790, 0min2sec
step:5080/13000, actic loss:-8.374, critic loss:2.668, L:8.785, 0min2sec
step:5090/13000, actic loss:-8.358, critic loss:2.663, L:8.779, 0min2sec
step:5100/13000, actic loss:-8.342, critic loss:2.659, L:8.773, 0min2sec
step:5110/13000, actic loss:-8.325, critic loss:2.654, L:8.768, 0min2sec
step:5120/13000, actic loss:-8.309, critic loss:2.649, L:8.762, 0min2sec
step:5130/13000, actic loss:-8.293, critic loss:2.644, L:8.757, 0min2sec
step:5140/13000, actic loss:-8.277, critic loss:2.639, L:8.751, 0min2sec
step:5150/13000, actic loss:-8.261, critic loss:2.634, L:8.746, 0min2sec
step:5160/13000, actic loss:-8.246, critic loss:2.630, L:8.740, 0min2sec
step:5170/13000, actic loss:-8.230, critic loss:2.625, L:8.735, 0min2sec
step:5180/13000, actic loss:-8.214, critic loss:2.620, L:8.729, 0min2sec
step:5190/13000, actic loss:-8.198, critic loss:2.615, L:8.724, 0min2sec
step:5200/13000, actic loss:-8.183, critic loss:2.611, L:8.719, 0min2sec
step:5210/13000, actic loss:-8.167, critic loss:2.606, L:8.713, 0min2sec
step:5220/13000, actic loss:-8.152, critic loss:2.601, L:8.708, 0min2sec
step:5230/13000, actic loss:-8.136, critic loss:2.597, L:8.703, 0min2sec
step:5240/13000, actic loss:-8.120, critic loss:2.592, L:8.697, 0min2sec
step:5250/13000, actic loss:-8.105, critic loss:2.587, L:8.692, 0min2sec
step:5260/13000, actic loss:-8.090, critic loss:2.583, L:8.687, 0min2sec
step:5270/13000, actic loss:-8.075, critic loss:2.578, L:8.681, 0min2sec
step:5280/13000, actic loss:-8.060, critic loss:2.574, L:8.676, 0min2sec
step:5290/13000, actic loss:-8.045, critic loss:2.569, L:8.671, 0min2sec
step:5300/13000, actic loss:-8.030, critic loss:2.564, L:8.666, 0min2sec
step:5310/13000, actic loss:-8.015, critic loss:2.560, L:8.660, 0min2sec
step:5320/13000, actic loss:-8.000, critic loss:2.555, L:8.655, 0min2sec
step:5330/13000, actic loss:-7.985, critic loss:2.551, L:8.650, 0min2sec
step:5340/13000, actic loss:-7.970, critic loss:2.546, L:8.645, 0min2sec
step:5350/13000, actic loss:-7.955, critic loss:2.542, L:8.640, 0min2sec
step:5360/13000, actic loss:-7.941, critic loss:2.538, L:8.635, 0min2sec
step:5370/13000, actic loss:-7.926, critic loss:2.533, L:8.630, 0min2sec
step:5380/13000, actic loss:-7.912, critic loss:2.529, L:8.625, 0min2sec
step:5390/13000, actic loss:-7.897, critic loss:2.524, L:8.620, 0min2sec
step:5400/13000, actic loss:-7.883, critic loss:2.520, L:8.615, 0min2sec
step:5410/13000, actic loss:-7.868, critic loss:2.516, L:8.610, 0min1sec
step:5420/13000, actic loss:-7.854, critic loss:2.511, L:8.605, 0min2sec
step:5430/13000, actic loss:-7.840, critic loss:2.507, L:8.600, 0min2sec
step:5440/13000, actic loss:-7.826, critic loss:2.503, L:8.595, 0min2sec
step:5450/13000, actic loss:-7.811, critic loss:2.498, L:8.590, 0min2sec
step:5460/13000, actic loss:-7.797, critic loss:2.494, L:8.585, 0min2sec
step:5470/13000, actic loss:-7.783, critic loss:2.490, L:8.580, 0min2sec
step:5480/13000, actic loss:-7.769, critic loss:2.485, L:8.575, 0min2sec
step:5490/13000, actic loss:-7.755, critic loss:2.481, L:8.570, 0min2sec
step:5500/13000, actic loss:-7.741, critic loss:2.477, L:8.565, 0min2sec
step:5510/13000, actic loss:-7.727, critic loss:2.473, L:8.561, 0min2sec
step:5520/13000, actic loss:-7.713, critic loss:2.469, L:8.556, 0min2sec
step:5530/13000, actic loss:-7.700, critic loss:2.464, L:8.551, 0min2sec
step:5540/13000, actic loss:-7.686, critic loss:2.460, L:8.546, 0min2sec
step:5550/13000, actic loss:-7.672, critic loss:2.456, L:8.541, 0min2sec
step:5560/13000, actic loss:-7.659, critic loss:2.452, L:8.537, 0min2sec
step:5570/13000, actic loss:-7.645, critic loss:2.448, L:8.532, 0min2sec
step:5580/13000, actic loss:-7.631, critic loss:2.444, L:8.527, 0min2sec
step:5590/13000, actic loss:-7.618, critic loss:2.439, L:8.522, 0min2sec
step:5600/13000, actic loss:-7.604, critic loss:2.435, L:8.517, 0min2sec
step:5610/13000, actic loss:-7.591, critic loss:2.431, L:8.513, 0min2sec
step:5620/13000, actic loss:-7.578, critic loss:2.427, L:8.508, 0min2sec
step:5630/13000, actic loss:-7.564, critic loss:2.423, L:8.503, 0min2sec
step:5640/13000, actic loss:-7.551, critic loss:2.419, L:8.499, 0min2sec
step:5650/13000, actic loss:-7.538, critic loss:2.415, L:8.494, 0min2sec
step:5660/13000, actic loss:-7.525, critic loss:2.411, L:8.490, 0min2sec
step:5670/13000, actic loss:-7.512, critic loss:2.407, L:8.485, 0min2sec
step:5680/13000, actic loss:-7.499, critic loss:2.403, L:8.481, 0min2sec
step:5690/13000, actic loss:-7.486, critic loss:2.399, L:8.476, 0min2sec
step:5700/13000, actic loss:-7.473, critic loss:2.395, L:8.471, 0min2sec
step:5710/13000, actic loss:-7.460, critic loss:2.391, L:8.467, 0min2sec
step:5720/13000, actic loss:-7.447, critic loss:2.387, L:8.462, 0min2sec
step:5730/13000, actic loss:-7.434, critic loss:2.384, L:8.458, 0min2sec
step:5740/13000, actic loss:-7.421, critic loss:2.380, L:8.453, 0min2sec
step:5750/13000, actic loss:-7.408, critic loss:2.376, L:8.449, 0min2sec
step:5760/13000, actic loss:-7.396, critic loss:2.372, L:8.444, 0min2sec
step:5770/13000, actic loss:-7.383, critic loss:2.368, L:8.440, 0min2sec
step:5780/13000, actic loss:-7.371, critic loss:2.364, L:8.436, 0min2sec
step:5790/13000, actic loss:-7.358, critic loss:2.360, L:8.431, 0min2sec
step:5800/13000, actic loss:-7.345, critic loss:2.357, L:8.427, 0min2sec
step:5810/13000, actic loss:-7.333, critic loss:2.353, L:8.423, 0min2sec
step:5820/13000, actic loss:-7.320, critic loss:2.349, L:8.418, 0min2sec
step:5830/13000, actic loss:-7.308, critic loss:2.345, L:8.414, 0min2sec
step:5840/13000, actic loss:-7.296, critic loss:2.342, L:8.409, 0min2sec
step:5850/13000, actic loss:-7.283, critic loss:2.338, L:8.405, 0min2sec
step:5860/13000, actic loss:-7.271, critic loss:2.334, L:8.401, 0min2sec
step:5870/13000, actic loss:-7.259, critic loss:2.330, L:8.397, 0min2sec
step:5880/13000, actic loss:-7.246, critic loss:2.327, L:8.392, 0min2sec
step:5890/13000, actic loss:-7.234, critic loss:2.323, L:8.388, 0min2sec
step:5900/13000, actic loss:-7.222, critic loss:2.319, L:8.384, 0min2sec
step:5910/13000, actic loss:-7.210, critic loss:2.316, L:8.380, 0min2sec
step:5920/13000, actic loss:-7.198, critic loss:2.312, L:8.375, 0min2sec
step:5930/13000, actic loss:-7.186, critic loss:2.308, L:8.371, 0min2sec
step:5940/13000, actic loss:-7.174, critic loss:2.305, L:8.367, 0min2sec
step:5950/13000, actic loss:-7.162, critic loss:2.301, L:8.363, 0min2sec
step:5960/13000, actic loss:-7.151, critic loss:2.297, L:8.359, 0min2sec
step:5970/13000, actic loss:-7.139, critic loss:2.294, L:8.355, 0min2sec
step:5980/13000, actic loss:-7.127, critic loss:2.290, L:8.351, 0min2sec
step:5990/13000, actic loss:-7.115, critic loss:2.287, L:8.346, 0min2sec
step:6000/13000, actic loss:-7.103, critic loss:2.283, L:8.342, 0min2sec
step:6010/13000, actic loss:-7.092, critic loss:2.280, L:8.338, 0min2sec
step:6020/13000, actic loss:-7.080, critic loss:2.276, L:8.334, 0min2sec
step:6030/13000, actic loss:-7.068, critic loss:2.273, L:8.330, 0min2sec
step:6040/13000, actic loss:-7.057, critic loss:2.269, L:8.326, 0min2sec
step:6050/13000, actic loss:-7.045, critic loss:2.266, L:8.322, 0min2sec
step:6060/13000, actic loss:-7.034, critic loss:2.262, L:8.318, 0min2sec
step:6070/13000, actic loss:-7.022, critic loss:2.259, L:8.314, 0min2sec
step:6080/13000, actic loss:-7.011, critic loss:2.255, L:8.310, 0min2sec
step:6090/13000, actic loss:-6.999, critic loss:2.252, L:8.306, 0min2sec
step:6100/13000, actic loss:-6.988, critic loss:2.248, L:8.302, 0min2sec
step:6110/13000, actic loss:-6.977, critic loss:2.245, L:8.298, 0min2sec
step:6120/13000, actic loss:-6.966, critic loss:2.241, L:8.294, 0min2sec
step:6130/13000, actic loss:-6.954, critic loss:2.238, L:8.290, 0min2sec
step:6140/13000, actic loss:-6.943, critic loss:2.235, L:8.286, 0min2sec
step:6150/13000, actic loss:-6.932, critic loss:2.231, L:8.282, 0min1sec
step:6160/13000, actic loss:-6.921, critic loss:2.228, L:8.278, 0min2sec
step:6170/13000, actic loss:-6.910, critic loss:2.224, L:8.275, 0min2sec
step:6180/13000, actic loss:-6.899, critic loss:2.221, L:8.271, 0min2sec
step:6190/13000, actic loss:-6.887, critic loss:2.218, L:8.267, 0min2sec
step:6200/13000, actic loss:-6.877, critic loss:2.214, L:8.263, 0min2sec
step:6210/13000, actic loss:-6.866, critic loss:2.211, L:8.259, 0min2sec
step:6220/13000, actic loss:-6.855, critic loss:2.208, L:8.255, 0min2sec
step:6230/13000, actic loss:-6.844, critic loss:2.204, L:8.251, 0min2sec
step:6240/13000, actic loss:-6.833, critic loss:2.201, L:8.247, 0min2sec
step:6250/13000, actic loss:-6.822, critic loss:2.198, L:8.243, 0min2sec
step:6260/13000, actic loss:-6.811, critic loss:2.195, L:8.240, 0min2sec
step:6270/13000, actic loss:-6.801, critic loss:2.191, L:8.236, 0min2sec
step:6280/13000, actic loss:-6.790, critic loss:2.188, L:8.232, 0min2sec
step:6290/13000, actic loss:-6.779, critic loss:2.185, L:8.228, 0min2sec
step:6300/13000, actic loss:-6.769, critic loss:2.182, L:8.225, 0min2sec
step:6310/13000, actic loss:-6.758, critic loss:2.178, L:8.221, 0min2sec
step:6320/13000, actic loss:-6.747, critic loss:2.175, L:8.217, 0min2sec
step:6330/13000, actic loss:-6.737, critic loss:2.172, L:8.214, 0min2sec
step:6340/13000, actic loss:-6.727, critic loss:2.169, L:8.210, 0min2sec
step:6350/13000, actic loss:-6.716, critic loss:2.166, L:8.206, 0min2sec
step:6360/13000, actic loss:-6.706, critic loss:2.162, L:8.203, 0min2sec
step:6370/13000, actic loss:-6.695, critic loss:2.159, L:8.199, 0min2sec
step:6380/13000, actic loss:-6.685, critic loss:2.156, L:8.195, 0min2sec
step:6390/13000, actic loss:-6.674, critic loss:2.153, L:8.192, 0min2sec
step:6400/13000, actic loss:-6.664, critic loss:2.150, L:8.188, 0min2sec
step:6410/13000, actic loss:-6.654, critic loss:2.147, L:8.184, 0min2sec
step:6420/13000, actic loss:-6.643, critic loss:2.144, L:8.181, 0min2sec
step:6430/13000, actic loss:-6.633, critic loss:2.141, L:8.177, 0min2sec
step:6440/13000, actic loss:-6.623, critic loss:2.137, L:8.174, 0min2sec
step:6450/13000, actic loss:-6.613, critic loss:2.134, L:8.170, 0min2sec
step:6460/13000, actic loss:-6.603, critic loss:2.131, L:8.167, 0min2sec
step:6470/13000, actic loss:-6.593, critic loss:2.128, L:8.163, 0min2sec
step:6480/13000, actic loss:-6.583, critic loss:2.125, L:8.160, 0min2sec
step:6490/13000, actic loss:-6.573, critic loss:2.122, L:8.156, 0min2sec
step:6500/13000, actic loss:-6.563, critic loss:2.119, L:8.153, 0min2sec
step:6510/13000, actic loss:-6.553, critic loss:2.116, L:8.149, 0min2sec
step:6520/13000, actic loss:-6.543, critic loss:2.113, L:8.146, 0min2sec
step:6530/13000, actic loss:-6.533, critic loss:2.110, L:8.142, 0min2sec
step:6540/13000, actic loss:-6.523, critic loss:2.107, L:8.139, 0min2sec
step:6550/13000, actic loss:-6.513, critic loss:2.104, L:8.135, 0min2sec
step:6560/13000, actic loss:-6.503, critic loss:2.101, L:8.132, 0min2sec
step:6570/13000, actic loss:-6.493, critic loss:2.098, L:8.128, 0min2sec
step:6580/13000, actic loss:-6.484, critic loss:2.095, L:8.125, 0min2sec
step:6590/13000, actic loss:-6.474, critic loss:2.092, L:8.121, 0min2sec
step:6600/13000, actic loss:-6.464, critic loss:2.089, L:8.118, 0min2sec
step:6610/13000, actic loss:-6.455, critic loss:2.086, L:8.115, 0min2sec
step:6620/13000, actic loss:-6.445, critic loss:2.083, L:8.111, 0min2sec
step:6630/13000, actic loss:-6.435, critic loss:2.080, L:8.108, 0min2sec
step:6640/13000, actic loss:-6.426, critic loss:2.077, L:8.104, 0min2sec
step:6650/13000, actic loss:-6.416, critic loss:2.075, L:8.101, 0min2sec
step:6660/13000, actic loss:-6.407, critic loss:2.072, L:8.098, 0min2sec
step:6670/13000, actic loss:-6.397, critic loss:2.069, L:8.094, 0min2sec
step:6680/13000, actic loss:-6.388, critic loss:2.066, L:8.091, 0min2sec
step:6690/13000, actic loss:-6.379, critic loss:2.063, L:8.088, 0min2sec
step:6700/13000, actic loss:-6.369, critic loss:2.060, L:8.084, 0min2sec
step:6710/13000, actic loss:-6.360, critic loss:2.057, L:8.081, 0min2sec
step:6720/13000, actic loss:-6.351, critic loss:2.054, L:8.078, 0min2sec
step:6730/13000, actic loss:-6.341, critic loss:2.052, L:8.074, 0min2sec
step:6740/13000, actic loss:-6.332, critic loss:2.049, L:8.071, 0min2sec
step:6750/13000, actic loss:-6.323, critic loss:2.046, L:8.068, 0min2sec
step:6760/13000, actic loss:-6.313, critic loss:2.043, L:8.064, 0min2sec
step:6770/13000, actic loss:-6.304, critic loss:2.040, L:8.061, 0min2sec
step:6780/13000, actic loss:-6.295, critic loss:2.038, L:8.058, 0min2sec
step:6790/13000, actic loss:-6.286, critic loss:2.035, L:8.055, 0min2sec
step:6800/13000, actic loss:-6.277, critic loss:2.032, L:8.051, 0min2sec
step:6810/13000, actic loss:-6.268, critic loss:2.029, L:8.048, 0min2sec
step:6820/13000, actic loss:-6.258, critic loss:2.027, L:8.045, 0min2sec
step:6830/13000, actic loss:-6.249, critic loss:2.024, L:8.042, 0min2sec
step:6840/13000, actic loss:-6.240, critic loss:2.021, L:8.039, 0min2sec
step:6850/13000, actic loss:-6.232, critic loss:2.018, L:8.035, 0min2sec
step:6860/13000, actic loss:-6.223, critic loss:2.016, L:8.032, 0min2sec
step:6870/13000, actic loss:-6.214, critic loss:2.013, L:8.029, 0min2sec
step:6880/13000, actic loss:-6.205, critic loss:2.010, L:8.026, 0min1sec
step:6890/13000, actic loss:-6.196, critic loss:2.007, L:8.023, 0min2sec
step:6900/13000, actic loss:-6.187, critic loss:2.005, L:8.019, 0min2sec
step:6910/13000, actic loss:-6.178, critic loss:2.002, L:8.016, 0min2sec
step:6920/13000, actic loss:-6.169, critic loss:1.999, L:8.013, 0min2sec
step:6930/13000, actic loss:-6.160, critic loss:1.997, L:8.010, 0min2sec
step:6940/13000, actic loss:-6.152, critic loss:1.994, L:8.007, 0min2sec
step:6950/13000, actic loss:-6.143, critic loss:1.991, L:8.004, 0min2sec
step:6960/13000, actic loss:-6.134, critic loss:1.989, L:8.001, 0min2sec
step:6970/13000, actic loss:-6.126, critic loss:1.986, L:7.998, 0min2sec
step:6980/13000, actic loss:-6.117, critic loss:1.983, L:7.995, 0min2sec
step:6990/13000, actic loss:-6.108, critic loss:1.981, L:7.992, 0min2sec
step:7000/13000, actic loss:-6.100, critic loss:1.978, L:7.988, 0min2sec
step:7010/13000, actic loss:-6.091, critic loss:1.976, L:7.985, 0min2sec
step:7020/13000, actic loss:-6.083, critic loss:1.973, L:7.982, 0min2sec
step:7030/13000, actic loss:-6.074, critic loss:1.970, L:7.979, 0min2sec
step:7040/13000, actic loss:-6.066, critic loss:1.968, L:7.976, 0min2sec
step:7050/13000, actic loss:-6.057, critic loss:1.965, L:7.973, 0min2sec
step:7060/13000, actic loss:-6.049, critic loss:1.963, L:7.970, 0min2sec
step:7070/13000, actic loss:-6.040, critic loss:1.960, L:7.967, 0min2sec
step:7080/13000, actic loss:-6.032, critic loss:1.957, L:7.964, 0min2sec
step:7090/13000, actic loss:-6.023, critic loss:1.955, L:7.961, 0min2sec
step:7100/13000, actic loss:-6.015, critic loss:1.952, L:7.958, 0min2sec
step:7110/13000, actic loss:-6.007, critic loss:1.950, L:7.955, 0min2sec
step:7120/13000, actic loss:-5.998, critic loss:1.947, L:7.952, 0min2sec
step:7130/13000, actic loss:-5.990, critic loss:1.945, L:7.950, 0min2sec
step:7140/13000, actic loss:-5.982, critic loss:1.942, L:7.947, 0min2sec
step:7150/13000, actic loss:-5.974, critic loss:1.940, L:7.944, 0min2sec
step:7160/13000, actic loss:-5.965, critic loss:1.937, L:7.941, 0min2sec
step:7170/13000, actic loss:-5.957, critic loss:1.935, L:7.938, 0min2sec
step:7180/13000, actic loss:-5.949, critic loss:1.932, L:7.935, 0min2sec
step:7190/13000, actic loss:-5.941, critic loss:1.930, L:7.932, 0min2sec
step:7200/13000, actic loss:-5.933, critic loss:1.927, L:7.929, 0min2sec
step:7210/13000, actic loss:-5.924, critic loss:1.925, L:7.926, 0min2sec
step:7220/13000, actic loss:-5.916, critic loss:1.922, L:7.923, 0min2sec
step:7230/13000, actic loss:-5.908, critic loss:1.920, L:7.920, 0min2sec
step:7240/13000, actic loss:-5.900, critic loss:1.917, L:7.917, 0min2sec
step:7250/13000, actic loss:-5.892, critic loss:1.915, L:7.914, 0min2sec
step:7260/13000, actic loss:-5.884, critic loss:1.912, L:7.911, 0min2sec
step:7270/13000, actic loss:-5.876, critic loss:1.910, L:7.909, 0min2sec
step:7280/13000, actic loss:-5.868, critic loss:1.907, L:7.906, 0min2sec
step:7290/13000, actic loss:-5.860, critic loss:1.905, L:7.903, 0min2sec
step:7300/13000, actic loss:-5.852, critic loss:1.903, L:7.900, 0min2sec
step:7310/13000, actic loss:-5.844, critic loss:1.900, L:7.897, 0min2sec
step:7320/13000, actic loss:-5.836, critic loss:1.898, L:7.894, 0min2sec
step:7330/13000, actic loss:-5.829, critic loss:1.895, L:7.892, 0min2sec
step:7340/13000, actic loss:-5.821, critic loss:1.893, L:7.889, 0min2sec
step:7350/13000, actic loss:-5.813, critic loss:1.891, L:7.886, 0min2sec
step:7360/13000, actic loss:-5.805, critic loss:1.888, L:7.883, 0min2sec
step:7370/13000, actic loss:-5.797, critic loss:1.886, L:7.880, 0min2sec
step:7380/13000, actic loss:-5.790, critic loss:1.884, L:7.878, 0min2sec
step:7390/13000, actic loss:-5.782, critic loss:1.881, L:7.875, 0min2sec
step:7400/13000, actic loss:-5.774, critic loss:1.879, L:7.872, 0min2sec
step:7410/13000, actic loss:-5.766, critic loss:1.877, L:7.870, 0min2sec
step:7420/13000, actic loss:-5.759, critic loss:1.874, L:7.867, 0min2sec
step:7430/13000, actic loss:-5.751, critic loss:1.872, L:7.864, 0min2sec
step:7440/13000, actic loss:-5.743, critic loss:1.870, L:7.861, 0min2sec
step:7450/13000, actic loss:-5.736, critic loss:1.867, L:7.859, 0min2sec
step:7460/13000, actic loss:-5.728, critic loss:1.865, L:7.856, 0min2sec
step:7470/13000, actic loss:-5.721, critic loss:1.863, L:7.853, 0min2sec
step:7480/13000, actic loss:-5.713, critic loss:1.860, L:7.851, 0min2sec
step:7490/13000, actic loss:-5.706, critic loss:1.858, L:7.848, 0min2sec
step:7500/13000, actic loss:-5.698, critic loss:1.856, L:7.845, 0min2sec
step:7510/13000, actic loss:-5.691, critic loss:1.853, L:7.843, 0min2sec
step:7520/13000, actic loss:-5.683, critic loss:1.851, L:7.840, 0min2sec
step:7530/13000, actic loss:-5.676, critic loss:1.849, L:7.837, 0min2sec
step:7540/13000, actic loss:-5.668, critic loss:1.847, L:7.835, 0min2sec
step:7550/13000, actic loss:-5.661, critic loss:1.844, L:7.832, 0min2sec
step:7560/13000, actic loss:-5.654, critic loss:1.842, L:7.829, 0min2sec
step:7570/13000, actic loss:-5.646, critic loss:1.840, L:7.827, 0min2sec
step:7580/13000, actic loss:-5.639, critic loss:1.838, L:7.824, 0min2sec
step:7590/13000, actic loss:-5.632, critic loss:1.835, L:7.821, 0min2sec
step:7600/13000, actic loss:-5.624, critic loss:1.833, L:7.819, 0min2sec
step:7610/13000, actic loss:-5.617, critic loss:1.831, L:7.816, 0min2sec
step:7620/13000, actic loss:-5.610, critic loss:1.829, L:7.814, 0min1sec
step:7630/13000, actic loss:-5.602, critic loss:1.826, L:7.811, 0min2sec
step:7640/13000, actic loss:-5.595, critic loss:1.824, L:7.808, 0min2sec
step:7650/13000, actic loss:-5.588, critic loss:1.822, L:7.806, 0min2sec
step:7660/13000, actic loss:-5.581, critic loss:1.820, L:7.803, 0min2sec
step:7670/13000, actic loss:-5.574, critic loss:1.818, L:7.801, 0min2sec
step:7680/13000, actic loss:-5.567, critic loss:1.816, L:7.798, 0min2sec
step:7690/13000, actic loss:-5.559, critic loss:1.813, L:7.796, 0min2sec
step:7700/13000, actic loss:-5.552, critic loss:1.811, L:7.793, 0min2sec
step:7710/13000, actic loss:-5.545, critic loss:1.809, L:7.791, 0min2sec
step:7720/13000, actic loss:-5.538, critic loss:1.807, L:7.788, 0min2sec
step:7730/13000, actic loss:-5.531, critic loss:1.805, L:7.786, 0min2sec
step:7740/13000, actic loss:-5.524, critic loss:1.803, L:7.783, 0min2sec
step:7750/13000, actic loss:-5.517, critic loss:1.800, L:7.781, 0min2sec
step:7760/13000, actic loss:-5.510, critic loss:1.798, L:7.778, 0min2sec
step:7770/13000, actic loss:-5.503, critic loss:1.796, L:7.776, 0min2sec
step:7780/13000, actic loss:-5.496, critic loss:1.794, L:7.773, 0min2sec
step:7790/13000, actic loss:-5.489, critic loss:1.792, L:7.771, 0min2sec
step:7800/13000, actic loss:-5.482, critic loss:1.790, L:7.769, 0min2sec
step:7810/13000, actic loss:-5.475, critic loss:1.788, L:7.766, 0min2sec
step:7820/13000, actic loss:-5.468, critic loss:1.786, L:7.764, 0min2sec
step:7830/13000, actic loss:-5.461, critic loss:1.783, L:7.761, 0min2sec
step:7840/13000, actic loss:-5.454, critic loss:1.781, L:7.759, 0min2sec
step:7850/13000, actic loss:-5.448, critic loss:1.779, L:7.756, 0min2sec
step:7860/13000, actic loss:-5.441, critic loss:1.777, L:7.754, 0min2sec
step:7870/13000, actic loss:-5.434, critic loss:1.775, L:7.751, 0min2sec
step:7880/13000, actic loss:-5.427, critic loss:1.773, L:7.749, 0min2sec
step:7890/13000, actic loss:-5.420, critic loss:1.771, L:7.746, 0min2sec
step:7900/13000, actic loss:-5.414, critic loss:1.769, L:7.744, 0min2sec
step:7910/13000, actic loss:-5.407, critic loss:1.767, L:7.742, 0min2sec
step:7920/13000, actic loss:-5.400, critic loss:1.765, L:7.739, 0min2sec
step:7930/13000, actic loss:-5.393, critic loss:1.763, L:7.737, 0min2sec
step:7940/13000, actic loss:-5.387, critic loss:1.761, L:7.734, 0min2sec
step:7950/13000, actic loss:-5.380, critic loss:1.759, L:7.732, 0min2sec
step:7960/13000, actic loss:-5.373, critic loss:1.757, L:7.730, 0min2sec
step:7970/13000, actic loss:-5.367, critic loss:1.755, L:7.727, 0min2sec
step:7980/13000, actic loss:-5.360, critic loss:1.753, L:7.725, 0min2sec
step:7990/13000, actic loss:-5.353, critic loss:1.750, L:7.723, 0min2sec
step:8000/13000, actic loss:-5.347, critic loss:1.748, L:7.720, 0min2sec
step:8010/13000, actic loss:-5.340, critic loss:1.746, L:7.718, 0min2sec
step:8020/13000, actic loss:-5.334, critic loss:1.744, L:7.715, 0min2sec
step:8030/13000, actic loss:-5.327, critic loss:1.742, L:7.713, 0min2sec
step:8040/13000, actic loss:-5.321, critic loss:1.740, L:7.711, 0min2sec
step:8050/13000, actic loss:-5.314, critic loss:1.738, L:7.708, 0min2sec
step:8060/13000, actic loss:-5.308, critic loss:1.737, L:7.706, 0min2sec
step:8070/13000, actic loss:-5.301, critic loss:1.735, L:7.704, 0min2sec
step:8080/13000, actic loss:-5.295, critic loss:1.733, L:7.701, 0min2sec
step:8090/13000, actic loss:-5.288, critic loss:1.731, L:7.699, 0min2sec
step:8100/13000, actic loss:-5.282, critic loss:1.729, L:7.697, 0min2sec
step:8110/13000, actic loss:-5.276, critic loss:1.727, L:7.694, 0min2sec
step:8120/13000, actic loss:-5.269, critic loss:1.725, L:7.692, 0min2sec
step:8130/13000, actic loss:-5.263, critic loss:1.723, L:7.690, 0min2sec
step:8140/13000, actic loss:-5.256, critic loss:1.721, L:7.687, 0min2sec
step:8150/13000, actic loss:-5.250, critic loss:1.719, L:7.685, 0min2sec
step:8160/13000, actic loss:-5.244, critic loss:1.717, L:7.683, 0min2sec
step:8170/13000, actic loss:-5.237, critic loss:1.715, L:7.681, 0min2sec
step:8180/13000, actic loss:-5.231, critic loss:1.713, L:7.678, 0min2sec
step:8190/13000, actic loss:-5.225, critic loss:1.711, L:7.676, 0min2sec
step:8200/13000, actic loss:-5.218, critic loss:1.709, L:7.674, 0min2sec
step:8210/13000, actic loss:-5.212, critic loss:1.707, L:7.672, 0min2sec
step:8220/13000, actic loss:-5.206, critic loss:1.705, L:7.669, 0min2sec
step:8230/13000, actic loss:-5.200, critic loss:1.704, L:7.667, 0min2sec
step:8240/13000, actic loss:-5.193, critic loss:1.702, L:7.665, 0min2sec
step:8250/13000, actic loss:-5.187, critic loss:1.700, L:7.663, 0min2sec
step:8260/13000, actic loss:-5.181, critic loss:1.698, L:7.660, 0min2sec
step:8270/13000, actic loss:-5.175, critic loss:1.696, L:7.658, 0min2sec
step:8280/13000, actic loss:-5.169, critic loss:1.694, L:7.656, 0min2sec
step:8290/13000, actic loss:-5.162, critic loss:1.692, L:7.654, 0min2sec
step:8300/13000, actic loss:-5.156, critic loss:1.690, L:7.652, 0min2sec
step:8310/13000, actic loss:-5.150, critic loss:1.688, L:7.649, 0min2sec
step:8320/13000, actic loss:-5.144, critic loss:1.687, L:7.647, 0min2sec
step:8330/13000, actic loss:-5.138, critic loss:1.685, L:7.645, 0min2sec
step:8340/13000, actic loss:-5.132, critic loss:1.683, L:7.643, 0min2sec
step:8350/13000, actic loss:-5.126, critic loss:1.681, L:7.641, 0min1sec
step:8360/13000, actic loss:-5.120, critic loss:1.679, L:7.638, 0min2sec
step:8370/13000, actic loss:-5.114, critic loss:1.677, L:7.636, 0min2sec
step:8380/13000, actic loss:-5.107, critic loss:1.676, L:7.634, 0min2sec
step:8390/13000, actic loss:-5.101, critic loss:1.674, L:7.632, 0min2sec
step:8400/13000, actic loss:-5.095, critic loss:1.672, L:7.630, 0min2sec
step:8410/13000, actic loss:-5.089, critic loss:1.670, L:7.628, 0min2sec
step:8420/13000, actic loss:-5.084, critic loss:1.668, L:7.625, 0min2sec
step:8430/13000, actic loss:-5.078, critic loss:1.666, L:7.623, 0min2sec
step:8440/13000, actic loss:-5.072, critic loss:1.665, L:7.621, 0min2sec
step:8450/13000, actic loss:-5.066, critic loss:1.663, L:7.619, 0min2sec
step:8460/13000, actic loss:-5.060, critic loss:1.661, L:7.617, 0min2sec
step:8470/13000, actic loss:-5.054, critic loss:1.659, L:7.615, 0min2sec
step:8480/13000, actic loss:-5.048, critic loss:1.657, L:7.612, 0min2sec
step:8490/13000, actic loss:-5.042, critic loss:1.656, L:7.610, 0min2sec
step:8500/13000, actic loss:-5.036, critic loss:1.654, L:7.608, 0min2sec
step:8510/13000, actic loss:-5.031, critic loss:1.652, L:7.606, 0min2sec
step:8520/13000, actic loss:-5.025, critic loss:1.650, L:7.604, 0min2sec
step:8530/13000, actic loss:-5.019, critic loss:1.648, L:7.602, 0min2sec
step:8540/13000, actic loss:-5.013, critic loss:1.647, L:7.600, 0min2sec
step:8550/13000, actic loss:-5.007, critic loss:1.645, L:7.598, 0min2sec
step:8560/13000, actic loss:-5.002, critic loss:1.643, L:7.596, 0min2sec
step:8570/13000, actic loss:-4.996, critic loss:1.641, L:7.594, 0min2sec
step:8580/13000, actic loss:-4.990, critic loss:1.640, L:7.592, 0min2sec
step:8590/13000, actic loss:-4.984, critic loss:1.638, L:7.589, 0min2sec
step:8600/13000, actic loss:-4.978, critic loss:1.636, L:7.587, 0min2sec
step:8610/13000, actic loss:-4.973, critic loss:1.634, L:7.585, 0min2sec
step:8620/13000, actic loss:-4.967, critic loss:1.633, L:7.583, 0min2sec
step:8630/13000, actic loss:-4.961, critic loss:1.631, L:7.581, 0min2sec
step:8640/13000, actic loss:-4.956, critic loss:1.629, L:7.579, 0min2sec
step:8650/13000, actic loss:-4.950, critic loss:1.627, L:7.577, 0min2sec
step:8660/13000, actic loss:-4.944, critic loss:1.626, L:7.575, 0min2sec
step:8670/13000, actic loss:-4.939, critic loss:1.624, L:7.573, 0min2sec
step:8680/13000, actic loss:-4.933, critic loss:1.622, L:7.571, 0min2sec
step:8690/13000, actic loss:-4.928, critic loss:1.621, L:7.569, 0min2sec
step:8700/13000, actic loss:-4.922, critic loss:1.619, L:7.567, 0min2sec
step:8710/13000, actic loss:-4.916, critic loss:1.617, L:7.565, 0min2sec
step:8720/13000, actic loss:-4.911, critic loss:1.615, L:7.563, 0min2sec
step:8730/13000, actic loss:-4.905, critic loss:1.614, L:7.561, 0min2sec
step:8740/13000, actic loss:-4.900, critic loss:1.612, L:7.559, 0min2sec
step:8750/13000, actic loss:-4.894, critic loss:1.610, L:7.557, 0min2sec
step:8760/13000, actic loss:-4.889, critic loss:1.609, L:7.555, 0min2sec
step:8770/13000, actic loss:-4.883, critic loss:1.607, L:7.553, 0min2sec
step:8780/13000, actic loss:-4.878, critic loss:1.605, L:7.551, 0min2sec
step:8790/13000, actic loss:-4.872, critic loss:1.604, L:7.549, 0min2sec
step:8800/13000, actic loss:-4.867, critic loss:1.602, L:7.547, 0min2sec
step:8810/13000, actic loss:-4.861, critic loss:1.600, L:7.545, 0min2sec
step:8820/13000, actic loss:-4.856, critic loss:1.599, L:7.543, 0min2sec
step:8830/13000, actic loss:-4.850, critic loss:1.597, L:7.541, 0min2sec
step:8840/13000, actic loss:-4.845, critic loss:1.595, L:7.539, 0min2sec
step:8850/13000, actic loss:-4.840, critic loss:1.594, L:7.537, 0min2sec
step:8860/13000, actic loss:-4.834, critic loss:1.592, L:7.535, 0min2sec
step:8870/13000, actic loss:-4.829, critic loss:1.590, L:7.533, 0min2sec
step:8880/13000, actic loss:-4.824, critic loss:1.589, L:7.531, 0min2sec
step:8890/13000, actic loss:-4.818, critic loss:1.587, L:7.529, 0min2sec
step:8900/13000, actic loss:-4.813, critic loss:1.585, L:7.527, 0min2sec
step:8910/13000, actic loss:-4.808, critic loss:1.584, L:7.525, 0min2sec
step:8920/13000, actic loss:-4.802, critic loss:1.582, L:7.523, 0min2sec
step:8930/13000, actic loss:-4.797, critic loss:1.581, L:7.521, 0min2sec
step:8940/13000, actic loss:-4.792, critic loss:1.579, L:7.519, 0min2sec
step:8950/13000, actic loss:-4.786, critic loss:1.577, L:7.517, 0min2sec
step:8960/13000, actic loss:-4.781, critic loss:1.576, L:7.515, 0min2sec
step:8970/13000, actic loss:-4.776, critic loss:1.574, L:7.513, 0min2sec
step:8980/13000, actic loss:-4.771, critic loss:1.572, L:7.512, 0min2sec
step:8990/13000, actic loss:-4.765, critic loss:1.571, L:7.510, 0min2sec
step:9000/13000, actic loss:-4.760, critic loss:1.569, L:7.508, 0min2sec
step:9010/13000, actic loss:-4.755, critic loss:1.568, L:7.506, 0min2sec
step:9020/13000, actic loss:-4.750, critic loss:1.566, L:7.504, 0min2sec
step:9030/13000, actic loss:-4.745, critic loss:1.565, L:7.502, 0min2sec
step:9040/13000, actic loss:-4.739, critic loss:1.563, L:7.500, 0min2sec
step:9050/13000, actic loss:-4.734, critic loss:1.561, L:7.498, 0min2sec
step:9060/13000, actic loss:-4.729, critic loss:1.560, L:7.496, 0min2sec
step:9070/13000, actic loss:-4.724, critic loss:1.558, L:7.494, 0min2sec
step:9080/13000, actic loss:-4.719, critic loss:1.557, L:7.493, 0min2sec
step:9090/13000, actic loss:-4.714, critic loss:1.555, L:7.491, 0min1sec
step:9100/13000, actic loss:-4.708, critic loss:1.553, L:7.489, 0min2sec
step:9110/13000, actic loss:-4.703, critic loss:1.552, L:7.487, 0min2sec
step:9120/13000, actic loss:-4.698, critic loss:1.550, L:7.485, 0min2sec
step:9130/13000, actic loss:-4.693, critic loss:1.549, L:7.484, 0min2sec
step:9140/13000, actic loss:-4.688, critic loss:1.547, L:7.482, 0min2sec
step:9150/13000, actic loss:-4.683, critic loss:1.546, L:7.480, 0min2sec
step:9160/13000, actic loss:-4.678, critic loss:1.544, L:7.478, 0min2sec
step:9170/13000, actic loss:-4.673, critic loss:1.543, L:7.476, 0min2sec
step:9180/13000, actic loss:-4.668, critic loss:1.541, L:7.474, 0min2sec
step:9190/13000, actic loss:-4.663, critic loss:1.540, L:7.472, 0min2sec
step:9200/13000, actic loss:-4.658, critic loss:1.538, L:7.471, 0min2sec
step:9210/13000, actic loss:-4.653, critic loss:1.537, L:7.469, 0min2sec
step:9220/13000, actic loss:-4.648, critic loss:1.535, L:7.467, 0min2sec
step:9230/13000, actic loss:-4.643, critic loss:1.534, L:7.465, 0min2sec
step:9240/13000, actic loss:-4.638, critic loss:1.532, L:7.463, 0min2sec
step:9250/13000, actic loss:-4.633, critic loss:1.531, L:7.462, 0min2sec
step:9260/13000, actic loss:-4.628, critic loss:1.529, L:7.460, 0min2sec
step:9270/13000, actic loss:-4.623, critic loss:1.528, L:7.458, 0min2sec
step:9280/13000, actic loss:-4.618, critic loss:1.526, L:7.456, 0min2sec
step:9290/13000, actic loss:-4.614, critic loss:1.525, L:7.454, 0min2sec
step:9300/13000, actic loss:-4.609, critic loss:1.523, L:7.452, 0min2sec
step:9310/13000, actic loss:-4.604, critic loss:1.522, L:7.451, 0min2sec
step:9320/13000, actic loss:-4.599, critic loss:1.520, L:7.449, 0min2sec
step:9330/13000, actic loss:-4.594, critic loss:1.519, L:7.447, 0min2sec
step:9340/13000, actic loss:-4.589, critic loss:1.517, L:7.445, 0min2sec
step:9350/13000, actic loss:-4.584, critic loss:1.516, L:7.443, 0min2sec
step:9360/13000, actic loss:-4.580, critic loss:1.514, L:7.442, 0min2sec
step:9370/13000, actic loss:-4.575, critic loss:1.513, L:7.440, 0min2sec
step:9380/13000, actic loss:-4.570, critic loss:1.511, L:7.438, 0min2sec
step:9390/13000, actic loss:-4.565, critic loss:1.510, L:7.436, 0min2sec
step:9400/13000, actic loss:-4.560, critic loss:1.508, L:7.435, 0min2sec
step:9410/13000, actic loss:-4.555, critic loss:1.507, L:7.433, 0min2sec
step:9420/13000, actic loss:-4.551, critic loss:1.505, L:7.431, 0min2sec
step:9430/13000, actic loss:-4.546, critic loss:1.504, L:7.429, 0min2sec
step:9440/13000, actic loss:-4.541, critic loss:1.502, L:7.427, 0min2sec
step:9450/13000, actic loss:-4.536, critic loss:1.501, L:7.426, 0min2sec
step:9460/13000, actic loss:-4.532, critic loss:1.499, L:7.424, 0min2sec
step:9470/13000, actic loss:-4.527, critic loss:1.498, L:7.422, 0min2sec
step:9480/13000, actic loss:-4.522, critic loss:1.497, L:7.421, 0min2sec
step:9490/13000, actic loss:-4.518, critic loss:1.495, L:7.419, 0min2sec
step:9500/13000, actic loss:-4.513, critic loss:1.494, L:7.417, 0min2sec
step:9510/13000, actic loss:-4.508, critic loss:1.492, L:7.415, 0min2sec
step:9520/13000, actic loss:-4.504, critic loss:1.491, L:7.414, 0min2sec
step:9530/13000, actic loss:-4.499, critic loss:1.489, L:7.412, 0min2sec
step:9540/13000, actic loss:-4.494, critic loss:1.488, L:7.410, 0min2sec
step:9550/13000, actic loss:-4.490, critic loss:1.487, L:7.409, 0min2sec
step:9560/13000, actic loss:-4.485, critic loss:1.485, L:7.407, 0min2sec
step:9570/13000, actic loss:-4.480, critic loss:1.484, L:7.405, 0min2sec
step:9580/13000, actic loss:-4.476, critic loss:1.482, L:7.404, 0min2sec
step:9590/13000, actic loss:-4.471, critic loss:1.481, L:7.402, 0min2sec
step:9600/13000, actic loss:-4.467, critic loss:1.480, L:7.400, 0min2sec
step:9610/13000, actic loss:-4.462, critic loss:1.478, L:7.398, 0min2sec
step:9620/13000, actic loss:-4.457, critic loss:1.477, L:7.397, 0min2sec
step:9630/13000, actic loss:-4.453, critic loss:1.475, L:7.395, 0min2sec
step:9640/13000, actic loss:-4.448, critic loss:1.474, L:7.393, 0min2sec
step:9650/13000, actic loss:-4.444, critic loss:1.473, L:7.392, 0min2sec
step:9660/13000, actic loss:-4.439, critic loss:1.471, L:7.390, 0min2sec
step:9670/13000, actic loss:-4.435, critic loss:1.470, L:7.388, 0min2sec
step:9680/13000, actic loss:-4.430, critic loss:1.468, L:7.387, 0min2sec
step:9690/13000, actic loss:-4.426, critic loss:1.467, L:7.385, 0min2sec
step:9700/13000, actic loss:-4.421, critic loss:1.466, L:7.383, 0min2sec
step:9710/13000, actic loss:-4.417, critic loss:1.464, L:7.382, 0min2sec
step:9720/13000, actic loss:-4.412, critic loss:1.463, L:7.380, 0min2sec
step:9730/13000, actic loss:-4.408, critic loss:1.461, L:7.378, 0min2sec
step:9740/13000, actic loss:-4.403, critic loss:1.460, L:7.377, 0min2sec
step:9750/13000, actic loss:-4.399, critic loss:1.459, L:7.375, 0min2sec
step:9760/13000, actic loss:-4.394, critic loss:1.457, L:7.374, 0min2sec
step:9770/13000, actic loss:-4.390, critic loss:1.456, L:7.372, 0min2sec
step:9780/13000, actic loss:-4.386, critic loss:1.455, L:7.370, 0min2sec
step:9790/13000, actic loss:-4.381, critic loss:1.453, L:7.369, 0min2sec
step:9800/13000, actic loss:-4.377, critic loss:1.452, L:7.367, 0min2sec
step:9810/13000, actic loss:-4.372, critic loss:1.451, L:7.365, 0min2sec
step:9820/13000, actic loss:-4.368, critic loss:1.449, L:7.364, 0min2sec
step:9830/13000, actic loss:-4.364, critic loss:1.448, L:7.362, 0min1sec
step:9840/13000, actic loss:-4.359, critic loss:1.447, L:7.361, 0min2sec
step:9850/13000, actic loss:-4.355, critic loss:1.445, L:7.359, 0min2sec
step:9860/13000, actic loss:-4.350, critic loss:1.444, L:7.358, 0min2sec
step:9870/13000, actic loss:-4.346, critic loss:1.443, L:7.356, 0min2sec
step:9880/13000, actic loss:-4.342, critic loss:1.441, L:7.354, 0min2sec
step:9890/13000, actic loss:-4.337, critic loss:1.440, L:7.353, 0min2sec
step:9900/13000, actic loss:-4.333, critic loss:1.439, L:7.351, 0min2sec
step:9910/13000, actic loss:-4.329, critic loss:1.437, L:7.350, 0min2sec
step:9920/13000, actic loss:-4.324, critic loss:1.436, L:7.348, 0min2sec
step:9930/13000, actic loss:-4.320, critic loss:1.435, L:7.346, 0min2sec
step:9940/13000, actic loss:-4.316, critic loss:1.433, L:7.345, 0min2sec
step:9950/13000, actic loss:-4.312, critic loss:1.432, L:7.343, 0min2sec
step:9960/13000, actic loss:-4.307, critic loss:1.431, L:7.342, 0min2sec
step:9970/13000, actic loss:-4.303, critic loss:1.429, L:7.340, 0min2sec
step:9980/13000, actic loss:-4.299, critic loss:1.428, L:7.339, 0min2sec
step:9990/13000, actic loss:-4.295, critic loss:1.427, L:7.337, 0min2sec
step:10000/13000, actic loss:-4.290, critic loss:1.426, L:7.335, 0min2sec
step:10010/13000, actic loss:-4.286, critic loss:1.424, L:7.334, 0min2sec
step:10020/13000, actic loss:-4.282, critic loss:1.423, L:7.332, 0min2sec
step:10030/13000, actic loss:-4.278, critic loss:1.422, L:7.331, 0min2sec
step:10040/13000, actic loss:-4.274, critic loss:1.420, L:7.329, 0min2sec
step:10050/13000, actic loss:-4.269, critic loss:1.419, L:7.328, 0min2sec
step:10060/13000, actic loss:-4.265, critic loss:1.418, L:7.326, 0min2sec
step:10070/13000, actic loss:-4.261, critic loss:1.417, L:7.324, 0min2sec
step:10080/13000, actic loss:-4.257, critic loss:1.415, L:7.323, 0min2sec
step:10090/13000, actic loss:-4.253, critic loss:1.414, L:7.321, 0min2sec
step:10100/13000, actic loss:-4.249, critic loss:1.413, L:7.320, 0min2sec
step:10110/13000, actic loss:-4.244, critic loss:1.411, L:7.318, 0min2sec
step:10120/13000, actic loss:-4.240, critic loss:1.410, L:7.317, 0min2sec
step:10130/13000, actic loss:-4.236, critic loss:1.409, L:7.315, 0min2sec
step:10140/13000, actic loss:-4.232, critic loss:1.408, L:7.314, 0min2sec
step:10150/13000, actic loss:-4.228, critic loss:1.406, L:7.312, 0min2sec
step:10160/13000, actic loss:-4.224, critic loss:1.405, L:7.311, 0min2sec
step:10170/13000, actic loss:-4.220, critic loss:1.404, L:7.309, 0min2sec
step:10180/13000, actic loss:-4.216, critic loss:1.403, L:7.308, 0min2sec
step:10190/13000, actic loss:-4.212, critic loss:1.401, L:7.306, 0min2sec
step:10200/13000, actic loss:-4.208, critic loss:1.400, L:7.305, 0min2sec
step:10210/13000, actic loss:-4.204, critic loss:1.399, L:7.303, 0min2sec
step:10220/13000, actic loss:-4.200, critic loss:1.398, L:7.302, 0min2sec
step:10230/13000, actic loss:-4.196, critic loss:1.396, L:7.300, 0min2sec
step:10240/13000, actic loss:-4.192, critic loss:1.395, L:7.299, 0min2sec
step:10250/13000, actic loss:-4.188, critic loss:1.394, L:7.297, 0min2sec
step:10260/13000, actic loss:-4.184, critic loss:1.393, L:7.296, 0min2sec
step:10270/13000, actic loss:-4.180, critic loss:1.391, L:7.294, 0min2sec
step:10280/13000, actic loss:-4.176, critic loss:1.390, L:7.293, 0min2sec
step:10290/13000, actic loss:-4.172, critic loss:1.389, L:7.291, 0min2sec
step:10300/13000, actic loss:-4.168, critic loss:1.388, L:7.290, 0min2sec
step:10310/13000, actic loss:-4.164, critic loss:1.387, L:7.288, 0min2sec
step:10320/13000, actic loss:-4.160, critic loss:1.385, L:7.287, 0min2sec
step:10330/13000, actic loss:-4.156, critic loss:1.384, L:7.285, 0min2sec
step:10340/13000, actic loss:-4.152, critic loss:1.383, L:7.284, 0min2sec
step:10350/13000, actic loss:-4.148, critic loss:1.382, L:7.282, 0min2sec
step:10360/13000, actic loss:-4.144, critic loss:1.380, L:7.281, 0min2sec
step:10370/13000, actic loss:-4.140, critic loss:1.379, L:7.279, 0min2sec
step:10380/13000, actic loss:-4.136, critic loss:1.378, L:7.278, 0min2sec
step:10390/13000, actic loss:-4.132, critic loss:1.377, L:7.277, 0min2sec
step:10400/13000, actic loss:-4.128, critic loss:1.376, L:7.275, 0min2sec
step:10410/13000, actic loss:-4.124, critic loss:1.374, L:7.274, 0min2sec
step:10420/13000, actic loss:-4.120, critic loss:1.373, L:7.272, 0min2sec
step:10430/13000, actic loss:-4.117, critic loss:1.372, L:7.271, 0min2sec
step:10440/13000, actic loss:-4.113, critic loss:1.371, L:7.269, 0min2sec
step:10450/13000, actic loss:-4.109, critic loss:1.370, L:7.268, 0min2sec
step:10460/13000, actic loss:-4.105, critic loss:1.368, L:7.266, 0min2sec
step:10470/13000, actic loss:-4.101, critic loss:1.367, L:7.265, 0min2sec
step:10480/13000, actic loss:-4.097, critic loss:1.366, L:7.263, 0min2sec
step:10490/13000, actic loss:-4.093, critic loss:1.365, L:7.262, 0min2sec
step:10500/13000, actic loss:-4.090, critic loss:1.364, L:7.261, 0min2sec
step:10510/13000, actic loss:-4.086, critic loss:1.363, L:7.259, 0min2sec
step:10520/13000, actic loss:-4.082, critic loss:1.361, L:7.258, 0min2sec
step:10530/13000, actic loss:-4.078, critic loss:1.360, L:7.256, 0min2sec
step:10540/13000, actic loss:-4.074, critic loss:1.359, L:7.255, 0min2sec
step:10550/13000, actic loss:-4.070, critic loss:1.358, L:7.254, 0min2sec
step:10560/13000, actic loss:-4.067, critic loss:1.357, L:7.252, 0min1sec
step:10570/13000, actic loss:-4.063, critic loss:1.356, L:7.251, 0min2sec
step:10580/13000, actic loss:-4.059, critic loss:1.354, L:7.249, 0min2sec
step:10590/13000, actic loss:-4.055, critic loss:1.353, L:7.248, 0min2sec
step:10600/13000, actic loss:-4.052, critic loss:1.352, L:7.247, 0min2sec
step:10610/13000, actic loss:-4.048, critic loss:1.351, L:7.245, 0min2sec
step:10620/13000, actic loss:-4.044, critic loss:1.350, L:7.244, 0min2sec
step:10630/13000, actic loss:-4.040, critic loss:1.349, L:7.242, 0min2sec
step:10640/13000, actic loss:-4.037, critic loss:1.348, L:7.241, 0min2sec
step:10650/13000, actic loss:-4.033, critic loss:1.346, L:7.240, 0min2sec
step:10660/13000, actic loss:-4.029, critic loss:1.345, L:7.238, 0min2sec
step:10670/13000, actic loss:-4.025, critic loss:1.344, L:7.237, 0min2sec
step:10680/13000, actic loss:-4.022, critic loss:1.343, L:7.236, 0min2sec
step:10690/13000, actic loss:-4.018, critic loss:1.342, L:7.234, 0min2sec
step:10700/13000, actic loss:-4.014, critic loss:1.341, L:7.233, 0min2sec
step:10710/13000, actic loss:-4.010, critic loss:1.340, L:7.231, 0min2sec
step:10720/13000, actic loss:-4.007, critic loss:1.338, L:7.230, 0min2sec
step:10730/13000, actic loss:-4.003, critic loss:1.337, L:7.229, 0min2sec
step:10740/13000, actic loss:-3.999, critic loss:1.336, L:7.227, 0min2sec
step:10750/13000, actic loss:-3.996, critic loss:1.335, L:7.226, 0min2sec
step:10760/13000, actic loss:-3.992, critic loss:1.334, L:7.225, 0min2sec
step:10770/13000, actic loss:-3.989, critic loss:1.333, L:7.223, 0min2sec
step:10780/13000, actic loss:-3.985, critic loss:1.332, L:7.222, 0min2sec
step:10790/13000, actic loss:-3.981, critic loss:1.331, L:7.220, 0min2sec
step:10800/13000, actic loss:-3.978, critic loss:1.329, L:7.219, 0min2sec
step:10810/13000, actic loss:-3.974, critic loss:1.328, L:7.218, 0min2sec
step:10820/13000, actic loss:-3.970, critic loss:1.327, L:7.216, 0min2sec
step:10830/13000, actic loss:-3.967, critic loss:1.326, L:7.215, 0min2sec
step:10840/13000, actic loss:-3.963, critic loss:1.325, L:7.214, 0min2sec
step:10850/13000, actic loss:-3.960, critic loss:1.324, L:7.212, 0min2sec
step:10860/13000, actic loss:-3.956, critic loss:1.323, L:7.211, 0min2sec
step:10870/13000, actic loss:-3.952, critic loss:1.322, L:7.210, 0min2sec
step:10880/13000, actic loss:-3.949, critic loss:1.321, L:7.208, 0min2sec
step:10890/13000, actic loss:-3.945, critic loss:1.319, L:7.207, 0min2sec
step:10900/13000, actic loss:-3.942, critic loss:1.318, L:7.205, 0min2sec
step:10910/13000, actic loss:-3.938, critic loss:1.317, L:7.204, 0min2sec
step:10920/13000, actic loss:-3.935, critic loss:1.316, L:7.203, 0min2sec
step:10930/13000, actic loss:-3.931, critic loss:1.315, L:7.201, 0min2sec
step:10940/13000, actic loss:-3.928, critic loss:1.314, L:7.200, 0min2sec
step:10950/13000, actic loss:-3.924, critic loss:1.313, L:7.199, 0min2sec
step:10960/13000, actic loss:-3.921, critic loss:1.312, L:7.197, 0min2sec
step:10970/13000, actic loss:-3.917, critic loss:1.311, L:7.196, 0min2sec
step:10980/13000, actic loss:-3.913, critic loss:1.310, L:7.195, 0min2sec
step:10990/13000, actic loss:-3.910, critic loss:1.309, L:7.193, 0min2sec
step:11000/13000, actic loss:-3.907, critic loss:1.307, L:7.192, 0min2sec
step:11010/13000, actic loss:-3.903, critic loss:1.306, L:7.191, 0min2sec
step:11020/13000, actic loss:-3.900, critic loss:1.305, L:7.190, 0min2sec
step:11030/13000, actic loss:-3.896, critic loss:1.304, L:7.188, 0min2sec
step:11040/13000, actic loss:-3.893, critic loss:1.303, L:7.187, 0min2sec
step:11050/13000, actic loss:-3.889, critic loss:1.302, L:7.186, 0min2sec
step:11060/13000, actic loss:-3.886, critic loss:1.301, L:7.184, 0min2sec
step:11070/13000, actic loss:-3.882, critic loss:1.300, L:7.183, 0min2sec
step:11080/13000, actic loss:-3.879, critic loss:1.299, L:7.182, 0min2sec
step:11090/13000, actic loss:-3.875, critic loss:1.298, L:7.180, 0min2sec
step:11100/13000, actic loss:-3.872, critic loss:1.297, L:7.179, 0min2sec
step:11110/13000, actic loss:-3.869, critic loss:1.296, L:7.178, 0min2sec
step:11120/13000, actic loss:-3.865, critic loss:1.295, L:7.177, 0min2sec
step:11130/13000, actic loss:-3.862, critic loss:1.294, L:7.175, 0min2sec
step:11140/13000, actic loss:-3.858, critic loss:1.293, L:7.174, 0min2sec
step:11150/13000, actic loss:-3.855, critic loss:1.292, L:7.173, 0min2sec
step:11160/13000, actic loss:-3.852, critic loss:1.291, L:7.171, 0min2sec
step:11170/13000, actic loss:-3.848, critic loss:1.289, L:7.170, 0min2sec
step:11180/13000, actic loss:-3.845, critic loss:1.288, L:7.169, 0min2sec
step:11190/13000, actic loss:-3.841, critic loss:1.287, L:7.167, 0min2sec
step:11200/13000, actic loss:-3.838, critic loss:1.286, L:7.166, 0min2sec
step:11210/13000, actic loss:-3.835, critic loss:1.285, L:7.165, 0min2sec
step:11220/13000, actic loss:-3.831, critic loss:1.284, L:7.164, 0min2sec
step:11230/13000, actic loss:-3.828, critic loss:1.283, L:7.162, 0min2sec
step:11240/13000, actic loss:-3.825, critic loss:1.282, L:7.161, 0min2sec
step:11250/13000, actic loss:-3.821, critic loss:1.281, L:7.160, 0min2sec
step:11260/13000, actic loss:-3.818, critic loss:1.280, L:7.159, 0min2sec
step:11270/13000, actic loss:-3.815, critic loss:1.279, L:7.157, 0min2sec
step:11280/13000, actic loss:-3.811, critic loss:1.278, L:7.156, 0min2sec
step:11290/13000, actic loss:-3.808, critic loss:1.277, L:7.155, 0min2sec
step:11300/13000, actic loss:-3.805, critic loss:1.276, L:7.154, 0min1sec
step:11310/13000, actic loss:-3.801, critic loss:1.275, L:7.152, 0min2sec
step:11320/13000, actic loss:-3.798, critic loss:1.274, L:7.151, 0min2sec
step:11330/13000, actic loss:-3.795, critic loss:1.273, L:7.150, 0min2sec
step:11340/13000, actic loss:-3.791, critic loss:1.272, L:7.149, 0min2sec
step:11350/13000, actic loss:-3.788, critic loss:1.271, L:7.148, 0min2sec
step:11360/13000, actic loss:-3.785, critic loss:1.270, L:7.146, 0min2sec
step:11370/13000, actic loss:-3.782, critic loss:1.269, L:7.145, 0min2sec
step:11380/13000, actic loss:-3.778, critic loss:1.268, L:7.144, 0min2sec
step:11390/13000, actic loss:-3.775, critic loss:1.267, L:7.143, 0min2sec
step:11400/13000, actic loss:-3.772, critic loss:1.266, L:7.141, 0min2sec
step:11410/13000, actic loss:-3.769, critic loss:1.265, L:7.140, 0min2sec
step:11420/13000, actic loss:-3.765, critic loss:1.264, L:7.139, 0min2sec
step:11430/13000, actic loss:-3.762, critic loss:1.263, L:7.138, 0min2sec
step:11440/13000, actic loss:-3.759, critic loss:1.262, L:7.136, 0min2sec
step:11450/13000, actic loss:-3.756, critic loss:1.261, L:7.135, 0min2sec
step:11460/13000, actic loss:-3.752, critic loss:1.260, L:7.134, 0min2sec
step:11470/13000, actic loss:-3.749, critic loss:1.259, L:7.133, 0min2sec
step:11480/13000, actic loss:-3.746, critic loss:1.258, L:7.132, 0min2sec
step:11490/13000, actic loss:-3.743, critic loss:1.257, L:7.130, 0min2sec
step:11500/13000, actic loss:-3.739, critic loss:1.256, L:7.129, 0min2sec
step:11510/13000, actic loss:-3.736, critic loss:1.255, L:7.128, 0min2sec
step:11520/13000, actic loss:-3.733, critic loss:1.254, L:7.127, 0min2sec
step:11530/13000, actic loss:-3.730, critic loss:1.253, L:7.126, 0min2sec
step:11540/13000, actic loss:-3.727, critic loss:1.252, L:7.124, 0min2sec
step:11550/13000, actic loss:-3.723, critic loss:1.251, L:7.123, 0min2sec
step:11560/13000, actic loss:-3.720, critic loss:1.250, L:7.122, 0min2sec
step:11570/13000, actic loss:-3.717, critic loss:1.249, L:7.121, 0min2sec
step:11580/13000, actic loss:-3.714, critic loss:1.248, L:7.119, 0min2sec
step:11590/13000, actic loss:-3.711, critic loss:1.247, L:7.118, 0min2sec
step:11600/13000, actic loss:-3.708, critic loss:1.246, L:7.117, 0min2sec
step:11610/13000, actic loss:-3.705, critic loss:1.245, L:7.116, 0min2sec
step:11620/13000, actic loss:-3.701, critic loss:1.244, L:7.115, 0min2sec
step:11630/13000, actic loss:-3.698, critic loss:1.243, L:7.114, 0min2sec
step:11640/13000, actic loss:-3.695, critic loss:1.242, L:7.112, 0min2sec
step:11650/13000, actic loss:-3.692, critic loss:1.241, L:7.111, 0min2sec
step:11660/13000, actic loss:-3.689, critic loss:1.240, L:7.110, 0min2sec
step:11670/13000, actic loss:-3.686, critic loss:1.239, L:7.109, 0min2sec
step:11680/13000, actic loss:-3.683, critic loss:1.238, L:7.108, 0min2sec
step:11690/13000, actic loss:-3.680, critic loss:1.238, L:7.106, 0min2sec
step:11700/13000, actic loss:-3.676, critic loss:1.237, L:7.105, 0min2sec
step:11710/13000, actic loss:-3.673, critic loss:1.236, L:7.104, 0min2sec
step:11720/13000, actic loss:-3.670, critic loss:1.235, L:7.103, 0min2sec
step:11730/13000, actic loss:-3.667, critic loss:1.234, L:7.102, 0min2sec
step:11740/13000, actic loss:-3.664, critic loss:1.233, L:7.101, 0min2sec
step:11750/13000, actic loss:-3.661, critic loss:1.232, L:7.099, 0min2sec
step:11760/13000, actic loss:-3.658, critic loss:1.231, L:7.098, 0min2sec
step:11770/13000, actic loss:-3.655, critic loss:1.230, L:7.097, 0min2sec
step:11780/13000, actic loss:-3.652, critic loss:1.229, L:7.096, 0min2sec
step:11790/13000, actic loss:-3.649, critic loss:1.228, L:7.095, 0min2sec
step:11800/13000, actic loss:-3.646, critic loss:1.227, L:7.094, 0min2sec
step:11810/13000, actic loss:-3.643, critic loss:1.226, L:7.093, 0min2sec
step:11820/13000, actic loss:-3.640, critic loss:1.225, L:7.091, 0min2sec
step:11830/13000, actic loss:-3.637, critic loss:1.224, L:7.090, 0min2sec
step:11840/13000, actic loss:-3.634, critic loss:1.223, L:7.089, 0min2sec
step:11850/13000, actic loss:-3.631, critic loss:1.223, L:7.088, 0min2sec
step:11860/13000, actic loss:-3.628, critic loss:1.222, L:7.087, 0min2sec
step:11870/13000, actic loss:-3.625, critic loss:1.221, L:7.086, 0min2sec
step:11880/13000, actic loss:-3.622, critic loss:1.220, L:7.085, 0min2sec
step:11890/13000, actic loss:-3.619, critic loss:1.219, L:7.083, 0min2sec
step:11900/13000, actic loss:-3.616, critic loss:1.218, L:7.082, 0min2sec
step:11910/13000, actic loss:-3.613, critic loss:1.217, L:7.081, 0min2sec
step:11920/13000, actic loss:-3.610, critic loss:1.216, L:7.080, 0min2sec
step:11930/13000, actic loss:-3.607, critic loss:1.215, L:7.079, 0min2sec
step:11940/13000, actic loss:-3.604, critic loss:1.214, L:7.078, 0min2sec
step:11950/13000, actic loss:-3.601, critic loss:1.213, L:7.077, 0min2sec
step:11960/13000, actic loss:-3.598, critic loss:1.212, L:7.076, 0min2sec
step:11970/13000, actic loss:-3.595, critic loss:1.211, L:7.074, 0min2sec
step:11980/13000, actic loss:-3.592, critic loss:1.211, L:7.073, 0min2sec
step:11990/13000, actic loss:-3.589, critic loss:1.210, L:7.072, 0min2sec
step:12000/13000, actic loss:-3.586, critic loss:1.209, L:7.071, 0min2sec
step:12010/13000, actic loss:-3.583, critic loss:1.208, L:7.070, 0min2sec
step:12020/13000, actic loss:-3.580, critic loss:1.207, L:7.069, 0min2sec
step:12030/13000, actic loss:-3.577, critic loss:1.206, L:7.068, 0min2sec
step:12040/13000, actic loss:-3.574, critic loss:1.205, L:7.067, 0min1sec
step:12050/13000, actic loss:-3.572, critic loss:1.204, L:7.066, 0min2sec
step:12060/13000, actic loss:-3.569, critic loss:1.203, L:7.065, 0min2sec
step:12070/13000, actic loss:-3.566, critic loss:1.202, L:7.064, 0min2sec
step:12080/13000, actic loss:-3.563, critic loss:1.202, L:7.062, 0min2sec
step:12090/13000, actic loss:-3.560, critic loss:1.201, L:7.061, 0min2sec
step:12100/13000, actic loss:-3.557, critic loss:1.200, L:7.060, 0min2sec
step:12110/13000, actic loss:-3.554, critic loss:1.199, L:7.059, 0min2sec
step:12120/13000, actic loss:-3.551, critic loss:1.198, L:7.058, 0min2sec
step:12130/13000, actic loss:-3.548, critic loss:1.197, L:7.057, 0min2sec
step:12140/13000, actic loss:-3.546, critic loss:1.196, L:7.056, 0min2sec
step:12150/13000, actic loss:-3.543, critic loss:1.195, L:7.055, 0min2sec
step:12160/13000, actic loss:-3.540, critic loss:1.194, L:7.054, 0min2sec
step:12170/13000, actic loss:-3.537, critic loss:1.194, L:7.053, 0min2sec
step:12180/13000, actic loss:-3.534, critic loss:1.193, L:7.052, 0min2sec
step:12190/13000, actic loss:-3.531, critic loss:1.192, L:7.050, 0min2sec
step:12200/13000, actic loss:-3.528, critic loss:1.191, L:7.049, 0min2sec
step:12210/13000, actic loss:-3.526, critic loss:1.190, L:7.048, 0min2sec
step:12220/13000, actic loss:-3.523, critic loss:1.189, L:7.047, 0min2sec
step:12230/13000, actic loss:-3.520, critic loss:1.188, L:7.046, 0min2sec
step:12240/13000, actic loss:-3.517, critic loss:1.187, L:7.045, 0min2sec
step:12250/13000, actic loss:-3.514, critic loss:1.187, L:7.044, 0min2sec
step:12260/13000, actic loss:-3.511, critic loss:1.186, L:7.043, 0min2sec
step:12270/13000, actic loss:-3.509, critic loss:1.185, L:7.042, 0min2sec
step:12280/13000, actic loss:-3.506, critic loss:1.184, L:7.041, 0min2sec
step:12290/13000, actic loss:-3.503, critic loss:1.183, L:7.040, 0min2sec
step:12300/13000, actic loss:-3.500, critic loss:1.182, L:7.039, 0min2sec
step:12310/13000, actic loss:-3.497, critic loss:1.181, L:7.038, 0min2sec
step:12320/13000, actic loss:-3.495, critic loss:1.181, L:7.037, 0min2sec
step:12330/13000, actic loss:-3.492, critic loss:1.180, L:7.035, 0min2sec
step:12340/13000, actic loss:-3.489, critic loss:1.179, L:7.034, 0min2sec
step:12350/13000, actic loss:-3.486, critic loss:1.178, L:7.033, 0min2sec
step:12360/13000, actic loss:-3.484, critic loss:1.177, L:7.032, 0min2sec
step:12370/13000, actic loss:-3.481, critic loss:1.176, L:7.031, 0min2sec
step:12380/13000, actic loss:-3.478, critic loss:1.175, L:7.030, 0min2sec
step:12390/13000, actic loss:-3.475, critic loss:1.175, L:7.029, 0min2sec
step:12400/13000, actic loss:-3.472, critic loss:1.174, L:7.028, 0min2sec
step:12410/13000, actic loss:-3.470, critic loss:1.173, L:7.027, 0min2sec
step:12420/13000, actic loss:-3.467, critic loss:1.172, L:7.026, 0min2sec
step:12430/13000, actic loss:-3.464, critic loss:1.171, L:7.025, 0min2sec
step:12440/13000, actic loss:-3.462, critic loss:1.170, L:7.024, 0min2sec
step:12450/13000, actic loss:-3.459, critic loss:1.170, L:7.023, 0min2sec
step:12460/13000, actic loss:-3.456, critic loss:1.169, L:7.022, 0min2sec
step:12470/13000, actic loss:-3.453, critic loss:1.168, L:7.021, 0min2sec
step:12480/13000, actic loss:-3.451, critic loss:1.167, L:7.020, 0min2sec
step:12490/13000, actic loss:-3.448, critic loss:1.166, L:7.019, 0min2sec
step:12500/13000, actic loss:-3.445, critic loss:1.165, L:7.018, 0min2sec
step:12510/13000, actic loss:-3.442, critic loss:1.165, L:7.017, 0min2sec
step:12520/13000, actic loss:-3.440, critic loss:1.164, L:7.016, 0min2sec
step:12530/13000, actic loss:-3.437, critic loss:1.163, L:7.015, 0min2sec
step:12540/13000, actic loss:-3.434, critic loss:1.162, L:7.014, 0min2sec
step:12550/13000, actic loss:-3.431, critic loss:1.161, L:7.013, 0min2sec
step:12560/13000, actic loss:-3.429, critic loss:1.160, L:7.012, 0min2sec
step:12570/13000, actic loss:-3.426, critic loss:1.160, L:7.011, 0min2sec
step:12580/13000, actic loss:-3.423, critic loss:1.159, L:7.010, 0min2sec
step:12590/13000, actic loss:-3.421, critic loss:1.158, L:7.009, 0min2sec
step:12600/13000, actic loss:-3.418, critic loss:1.157, L:7.008, 0min2sec
step:12610/13000, actic loss:-3.415, critic loss:1.156, L:7.007, 0min2sec
step:12620/13000, actic loss:-3.413, critic loss:1.155, L:7.006, 0min2sec
step:12630/13000, actic loss:-3.410, critic loss:1.155, L:7.005, 0min2sec
step:12640/13000, actic loss:-3.407, critic loss:1.154, L:7.004, 0min2sec
step:12650/13000, actic loss:-3.405, critic loss:1.153, L:7.003, 0min2sec
step:12660/13000, actic loss:-3.402, critic loss:1.152, L:7.002, 0min2sec
step:12670/13000, actic loss:-3.399, critic loss:1.151, L:7.001, 0min2sec
step:12680/13000, actic loss:-3.397, critic loss:1.151, L:7.000, 0min2sec
step:12690/13000, actic loss:-3.394, critic loss:1.150, L:6.999, 0min2sec
step:12700/13000, actic loss:-3.392, critic loss:1.149, L:6.998, 0min2sec
step:12710/13000, actic loss:-3.389, critic loss:1.148, L:6.997, 0min2sec
step:12720/13000, actic loss:-3.386, critic loss:1.147, L:6.996, 0min2sec
step:12730/13000, actic loss:-3.384, critic loss:1.147, L:6.995, 0min2sec
step:12740/13000, actic loss:-3.381, critic loss:1.146, L:6.994, 0min2sec
step:12750/13000, actic loss:-3.379, critic loss:1.145, L:6.993, 0min2sec
step:12760/13000, actic loss:-3.376, critic loss:1.144, L:6.992, 0min2sec
step:12770/13000, actic loss:-3.373, critic loss:1.143, L:6.991, 0min2sec
step:12780/13000, actic loss:-3.371, critic loss:1.143, L:6.990, 0min1sec
step:12790/13000, actic loss:-3.368, critic loss:1.142, L:6.989, 0min2sec
step:12800/13000, actic loss:-3.366, critic loss:1.141, L:6.988, 0min2sec
step:12810/13000, actic loss:-3.363, critic loss:1.140, L:6.987, 0min2sec
step:12820/13000, actic loss:-3.360, critic loss:1.139, L:6.986, 0min2sec
step:12830/13000, actic loss:-3.358, critic loss:1.139, L:6.985, 0min2sec
step:12840/13000, actic loss:-3.355, critic loss:1.138, L:6.984, 0min2sec
step:12850/13000, actic loss:-3.353, critic loss:1.137, L:6.983, 0min2sec
step:12860/13000, actic loss:-3.350, critic loss:1.136, L:6.982, 0min2sec
step:12870/13000, actic loss:-3.348, critic loss:1.135, L:6.981, 0min2sec
step:12880/13000, actic loss:-3.345, critic loss:1.135, L:6.980, 0min2sec
step:12890/13000, actic loss:-3.342, critic loss:1.134, L:6.979, 0min2sec
step:12900/13000, actic loss:-3.340, critic loss:1.133, L:6.978, 0min2sec
step:12910/13000, actic loss:-3.337, critic loss:1.132, L:6.977, 0min2sec
step:12920/13000, actic loss:-3.335, critic loss:1.131, L:6.976, 0min2sec
step:12930/13000, actic loss:-3.332, critic loss:1.131, L:6.975, 0min2sec
step:12940/13000, actic loss:-3.330, critic loss:1.130, L:6.974, 0min2sec
step:12950/13000, actic loss:-3.327, critic loss:1.129, L:6.973, 0min2sec
step:12960/13000, actic loss:-3.325, critic loss:1.128, L:6.972, 0min2sec
step:12970/13000, actic loss:-3.322, critic loss:1.128, L:6.971, 0min2sec
step:12980/13000, actic loss:-3.320, critic loss:1.127, L:6.970, 0min2sec
step:12990/13000, actic loss:-3.317, critic loss:1.126, L:6.969, 0min2sec
save model...
